TN:
SF:middleware\auth.js
FNF:0
FNH:0
DA:8,0
DA:11,0
LF:2
LH:0
BRF:0
BRH:0
end_of_record
TN:
SF:middleware\authenticate.js
FN:24,authenticate
FN:126,optionalAuthenticate
FN:148,authenticateDeliveryBoy
FN:150,(anonymous_3)
FNF:4
FNH:0
FNDA:0,authenticate
FNDA:0,optionalAuthenticate
FNDA:0,authenticateDeliveryBoy
FNDA:0,(anonymous_3)
DA:14,0
DA:15,0
DA:25,0
DA:27,0
DA:29,0
DA:30,0
DA:37,0
DA:38,0
DA:45,0
DA:47,0
DA:48,0
DA:55,0
DA:57,0
DA:58,0
DA:59,0
DA:65,0
DA:66,0
DA:69,0
DA:77,0
DA:79,0
DA:83,0
DA:84,0
DA:91,0
DA:92,0
DA:98,0
DA:99,0
DA:106,0
DA:107,0
DA:114,0
DA:115,0
DA:127,0
DA:129,0
DA:131,0
DA:132,0
DA:136,0
DA:150,0
DA:151,0
DA:153,0
DA:155,0
DA:156,0
DA:163,0
DA:164,0
DA:166,0
DA:167,0
DA:173,0
DA:174,0
DA:181,0
DA:182,0
DA:183,0
DA:185,0
DA:186,0
DA:193,0
DA:194,0
DA:196,0
DA:197,0
DA:205,0
LF:56
LH:0
BRDA:29,0,0,0
BRDA:29,0,1,0
BRDA:37,1,0,0
BRDA:37,1,1,0
BRDA:47,2,0,0
BRDA:47,2,1,0
BRDA:47,3,0,0
BRDA:47,3,1,0
BRDA:57,4,0,0
BRDA:57,4,1,0
BRDA:70,5,0,0
BRDA:70,5,1,0
BRDA:83,6,0,0
BRDA:83,6,1,0
BRDA:91,7,0,0
BRDA:91,7,1,0
BRDA:98,8,0,0
BRDA:98,8,1,0
BRDA:129,9,0,0
BRDA:129,9,1,0
BRDA:129,10,0,0
BRDA:129,10,1,0
BRDA:151,11,0,0
BRDA:151,11,1,0
BRDA:155,12,0,0
BRDA:155,12,1,0
BRDA:166,13,0,0
BRDA:166,13,1,0
BRDA:173,14,0,0
BRDA:173,14,1,0
BRDA:185,15,0,0
BRDA:185,15,1,0
BRDA:185,16,0,0
BRDA:185,16,1,0
BRF:34
BRH:0
end_of_record
TN:
SF:middleware\authorize.js
FN:23,authorize
FN:24,(anonymous_1)
FN:67,authorizeAdmin
FN:75,authorizeDelivery
FN:89,authorizeOwner
FN:90,(anonymous_5)
FN:132,authorizeCustom
FN:133,(anonymous_7)
FNF:8
FNH:0
FNDA:0,authorize
FNDA:0,(anonymous_1)
FNDA:0,authorizeAdmin
FNDA:0,authorizeDelivery
FNDA:0,authorizeOwner
FNDA:0,(anonymous_5)
FNDA:0,authorizeCustom
FNDA:0,(anonymous_7)
DA:24,0
DA:26,0
DA:27,0
DA:31,0
DA:35,0
DA:37,0
DA:38,0
DA:39,0
DA:46,0
DA:47,0
DA:48,0
DA:57,0
DA:59,0
DA:68,0
DA:76,0
DA:90,0
DA:91,0
DA:92,0
DA:99,0
DA:100,0
DA:104,0
DA:105,0
DA:108,0
DA:109,0
DA:110,0
DA:116,0
DA:133,0
DA:134,0
DA:135,0
DA:141,0
DA:142,0
DA:144,0
DA:145,0
DA:151,0
DA:154,0
DA:155,0
DA:163,0
LF:37
LH:0
BRDA:26,0,0,0
BRDA:26,0,1,0
BRDA:37,1,0,0
BRDA:37,1,1,0
BRDA:46,2,0,0
BRDA:46,2,1,0
BRDA:91,3,0,0
BRDA:91,3,1,0
BRDA:99,4,0,0
BRDA:99,4,1,0
BRDA:108,5,0,0
BRDA:108,5,1,0
BRDA:108,6,0,0
BRDA:108,6,1,0
BRDA:134,7,0,0
BRDA:134,7,1,0
BRDA:144,8,0,0
BRDA:144,8,1,0
BRF:18
BRH:0
end_of_record
TN:
SF:middleware\errorHandler.js
FN:14,(anonymous_0)
FNF:1
FNH:0
FNDA:0,(anonymous_0)
DA:9,0
DA:10,0
DA:11,0
DA:12,0
DA:14,0
DA:16,0
DA:19,0
DA:31,0
DA:34,0
DA:35,0
DA:40,0
DA:44,0
DA:45,0
DA:46,0
DA:53,0
DA:58,0
DA:60,0
DA:62,0
DA:71,0
DA:83,0
LF:20
LH:0
BRDA:31,0,0,0
BRDA:31,0,1,0
BRDA:31,0,2,0
BRDA:36,1,0,0
BRDA:36,1,1,0
BRDA:37,2,0,0
BRDA:37,2,1,0
BRDA:44,3,0,0
BRDA:44,3,1,0
BRDA:44,4,0,0
BRDA:44,4,1,0
BRDA:49,5,0,0
BRDA:49,5,1,0
BRDA:58,6,0,0
BRDA:58,6,1,0
BRDA:60,7,0,0
BRDA:60,7,1,0
BRDA:64,8,0,0
BRDA:64,8,1,0
BRDA:65,9,0,0
BRDA:65,9,1,0
BRDA:77,10,0,0
BRDA:77,10,1,0
BRDA:78,11,0,0
BRDA:78,11,1,0
BRF:25
BRH:0
end_of_record
TN:
SF:middleware\inputValidation.js
FN:19,(anonymous_0)
FN:26,(anonymous_1)
FN:59,(anonymous_2)
FN:272,(anonymous_3)
FNF:4
FNH:0
FNDA:0,(anonymous_0)
FNDA:0,(anonymous_1)
FNDA:0,(anonymous_2)
FNDA:0,(anonymous_3)
DA:14,0
DA:19,0
DA:20,0
DA:22,0
DA:23,0
DA:26,0
DA:34,0
DA:40,0
DA:61,0
DA:62,0
DA:63,0
DA:64,0
DA:170,0
DA:272,0
DA:274,0
DA:275,0
DA:276,0
DA:277,0
DA:283,0
DA:284,0
DA:285,0
DA:286,0
DA:291,0
DA:294,0
LF:24
LH:0
BRDA:22,0,0,0
BRDA:22,0,1,0
BRDA:62,1,0,0
BRDA:62,1,1,0
BRDA:63,2,0,0
BRDA:63,2,1,0
BRDA:274,3,0,0
BRDA:274,3,1,0
BRDA:274,4,0,0
BRDA:274,4,1,0
BRDA:276,5,0,0
BRDA:276,5,1,0
BRDA:283,6,0,0
BRDA:283,6,1,0
BRDA:283,7,0,0
BRDA:283,7,1,0
BRDA:285,8,0,0
BRDA:285,8,1,0
BRF:18
BRH:0
end_of_record
TN:
SF:middleware\rateLimiter.js
FN:36,createRateLimiterInstance
FN:62,createMiddleware
FN:63,(anonymous_2)
FN:137,getRateLimitStats
FN:144,clearRateLimit
FN:147,(anonymous_5)
FN:150,(anonymous_6)
FN:150,(anonymous_7)
FNF:8
FNH:0
FNDA:0,createRateLimiterInstance
FNDA:0,createMiddleware
FNDA:0,(anonymous_2)
FNDA:0,getRateLimitStats
FNDA:0,clearRateLimit
FNDA:0,(anonymous_5)
FNDA:0,(anonymous_6)
FNDA:0,(anonymous_7)
DA:15,0
DA:16,0
DA:18,0
DA:19,0
DA:22,0
DA:23,0
DA:24,0
DA:25,0
DA:26,0
DA:27,0
DA:30,0
DA:37,0
DA:39,0
DA:40,0
DA:41,0
DA:52,0
DA:56,0
DA:63,0
DA:64,0
DA:66,0
DA:67,0
DA:69,0
DA:70,0
DA:71,0
DA:72,0
DA:75,0
DA:77,0
DA:78,0
DA:81,0
DA:83,0
DA:84,0
DA:85,0
DA:86,0
DA:88,0
DA:90,0
DA:103,0
DA:110,0
DA:116,0
DA:122,0
DA:128,0
DA:138,0
DA:145,0
DA:146,0
DA:147,0
DA:150,0
DA:153,0
LF:46
LH:0
BRDA:25,0,0,0
BRDA:25,0,1,0
BRDA:37,1,0,0
BRDA:37,2,0,0
BRDA:39,3,0,0
BRDA:39,3,1,0
BRDA:39,4,0,0
BRDA:39,4,1,0
BRDA:62,5,0,0
BRDA:64,6,0,0
BRDA:64,6,1,0
BRDA:64,6,2,0
BRDA:75,7,0,0
BRDA:75,7,1,0
BRDA:139,8,0,0
BRDA:139,8,1,0
BRDA:144,9,0,0
BRDA:146,10,0,0
BRDA:146,10,1,0
BRDA:147,11,0,0
BRDA:147,11,1,0
BRF:21
BRH:0
end_of_record
TN:
SF:middleware\rateLimiterRedis.js
FN:32,createRateLimiter
FN:58,createRateLimiterMiddleware
FN:59,(anonymous_2)
FN:165,getRateLimitStats
FN:193,clearRateLimit
FN:217,getRateLimitInfo
FNF:6
FNH:0
FNDA:0,createRateLimiter
FNDA:0,createRateLimiterMiddleware
FNDA:0,(anonymous_2)
FNDA:0,getRateLimitStats
FNDA:0,clearRateLimit
FNDA:0,getRateLimitInfo
DA:15,0
DA:16,0
DA:17,0
DA:20,0
DA:38,0
DA:40,0
DA:59,0
DA:61,0
DA:63,0
DA:65,0
DA:68,0
DA:69,0
DA:70,0
DA:72,0
DA:76,0
DA:78,0
DA:79,0
DA:80,0
DA:81,0
DA:83,0
DA:85,0
DA:101,0
DA:108,0
DA:114,0
DA:120,0
DA:126,0
DA:132,0
DA:138,0
DA:144,0
DA:150,0
DA:157,0
DA:166,0
DA:167,0
DA:169,0
DA:175,0
DA:176,0
DA:177,0
DA:178,0
DA:180,0
DA:183,0
DA:185,0
DA:186,0
DA:194,0
DA:195,0
DA:196,0
DA:197,0
DA:198,0
DA:201,0
DA:202,0
DA:203,0
DA:204,0
DA:207,0
DA:209,0
DA:210,0
DA:218,0
DA:219,0
DA:220,0
DA:221,0
DA:223,0
DA:224,0
DA:227,0
DA:235,0
DA:236,0
DA:240,0
LF:64
LH:0
BRDA:36,0,0,0
BRDA:37,1,0,0
BRDA:58,2,0,0
BRDA:61,3,0,0
BRDA:61,3,1,0
BRDA:61,3,2,0
BRDA:177,4,0,0
BRDA:177,4,1,0
BRDA:193,5,0,0
BRDA:195,6,0,0
BRDA:195,6,1,0
BRDA:202,7,0,0
BRDA:202,7,1,0
BRDA:217,8,0,0
BRDA:223,9,0,0
BRDA:223,9,1,0
BRDA:231,10,0,0
BRDA:231,10,1,0
BRF:18
BRH:0
end_of_record
TN:
SF:middleware\webhookValidation.js
FN:16,validateMetaWebhook
FN:130,sanitizeWebhookPayload
FN:134,sanitizeObject
FN:162,rateLimitByPhone
FN:225,(anonymous_4)
FN:237,getRateLimitStats
FNF:6
FNH:0
FNDA:0,validateMetaWebhook
FNDA:0,sanitizeWebhookPayload
FNDA:0,sanitizeObject
FNDA:0,rateLimitByPhone
FNDA:0,(anonymous_4)
FNDA:0,getRateLimitStats
DA:17,0
DA:18,0
DA:21,0
DA:22,0
DA:29,0
DA:30,0
DA:39,0
DA:40,0
DA:47,0
DA:48,0
DA:49,0
DA:55,0
DA:56,0
DA:63,0
DA:64,0
DA:65,0
DA:72,0
DA:73,0
DA:77,0
DA:78,0
DA:80,0
DA:81,0
DA:88,0
DA:89,0
DA:90,0
DA:91,0
DA:97,0
DA:98,0
DA:104,0
DA:105,0
DA:111,0
DA:112,0
DA:123,0
DA:124,0
DA:131,0
DA:135,0
DA:137,0
DA:138,0
DA:139,0
DA:141,0
DA:142,0
DA:143,0
DA:147,0
DA:150,0
DA:151,0
DA:158,0
DA:159,0
DA:160,0
DA:163,0
DA:164,0
DA:167,0
DA:169,0
DA:170,0
DA:171,0
DA:172,0
DA:173,0
DA:180,0
DA:182,0
DA:183,0
DA:185,0
DA:186,0
DA:190,0
DA:194,0
DA:195,0
DA:196,0
DA:200,0
DA:203,0
DA:204,0
DA:206,0
DA:215,0
DA:218,0
DA:220,0
DA:225,0
DA:226,0
DA:227,0
DA:228,0
DA:229,0
DA:238,0
DA:243,0
DA:245,0
DA:246,0
DA:247,0
DA:255,0
DA:258,0
LF:84
LH:0
BRDA:21,0,0,0
BRDA:21,0,1,0
BRDA:21,1,0,0
BRDA:21,1,1,0
BRDA:29,2,0,0
BRDA:29,2,1,0
BRDA:39,3,0,0
BRDA:39,3,1,0
BRDA:39,4,0,0
BRDA:39,4,1,0
BRDA:48,5,0,0
BRDA:48,5,1,0
BRDA:48,6,0,0
BRDA:48,6,1,0
BRDA:55,7,0,0
BRDA:55,7,1,0
BRDA:55,8,0,0
BRDA:55,8,1,0
BRDA:64,9,0,0
BRDA:64,9,1,0
BRDA:64,10,0,0
BRDA:64,10,1,0
BRDA:72,11,0,0
BRDA:72,11,1,0
BRDA:80,12,0,0
BRDA:80,12,1,0
BRDA:80,13,0,0
BRDA:80,13,1,0
BRDA:88,14,0,0
BRDA:88,14,1,0
BRDA:90,15,0,0
BRDA:90,15,1,0
BRDA:90,16,0,0
BRDA:90,16,1,0
BRDA:97,17,0,0
BRDA:97,17,1,0
BRDA:97,18,0,0
BRDA:97,18,1,0
BRDA:104,19,0,0
BRDA:104,19,1,0
BRDA:104,20,0,0
BRDA:104,20,1,0
BRDA:111,21,0,0
BRDA:111,21,1,0
BRDA:111,22,0,0
BRDA:111,22,1,0
BRDA:135,23,0,0
BRDA:135,23,1,0
BRDA:135,24,0,0
BRDA:135,24,1,0
BRDA:142,25,0,0
BRDA:142,25,1,0
BRDA:169,26,0,0
BRDA:169,26,1,0
BRDA:170,27,0,0
BRDA:170,27,1,0
BRDA:171,28,0,0
BRDA:171,28,1,0
BRDA:172,29,0,0
BRDA:172,29,1,0
BRDA:185,30,0,0
BRDA:185,30,1,0
BRDA:194,31,0,0
BRDA:194,31,1,0
BRDA:203,32,0,0
BRDA:203,32,1,0
BRDA:228,33,0,0
BRDA:228,33,1,0
BRDA:246,34,0,0
BRDA:246,34,1,0
BRF:70
BRH:0
end_of_record
TN:
SF:middleware\webhookVerification.js
FN:23,verifyWebhookSignature
FN:114,captureRawBody
FN:117,(anonymous_2)
FN:121,(anonymous_3)
FNF:4
FNH:0
FNDA:0,verifyWebhookSignature
FNDA:0,captureRawBody
FNDA:0,(anonymous_2)
FNDA:0,(anonymous_3)
DA:13,0
DA:14,0
DA:25,0
DA:26,0
DA:27,0
DA:30,0
DA:32,0
DA:34,0
DA:35,0
DA:36,0
DA:43,0
DA:45,0
DA:46,0
DA:47,0
DA:54,0
DA:56,0
DA:57,0
DA:58,0
DA:65,0
DA:71,0
DA:72,0
DA:74,0
DA:75,0
DA:76,0
DA:83,0
DA:85,0
DA:86,0
DA:87,0
DA:94,0
DA:95,0
DA:98,0
DA:99,0
DA:115,0
DA:117,0
DA:118,0
DA:121,0
DA:122,0
DA:126,0
LF:38
LH:0
BRDA:25,0,0,0
BRDA:25,0,1,0
BRDA:25,1,0,0
BRDA:25,1,1,0
BRDA:34,2,0,0
BRDA:34,2,1,0
BRDA:45,3,0,0
BRDA:45,3,1,0
BRDA:56,4,0,0
BRDA:56,4,1,0
BRDA:74,5,0,0
BRDA:74,5,1,0
BRDA:85,6,0,0
BRDA:85,6,1,0
BRF:14
BRH:0
end_of_record
TN:
SF:models\CatalogProduct.js
FN:46,(anonymous_0)
FNF:1
FNH:0
FNDA:0,(anonymous_0)
DA:1,0
DA:12,0
DA:46,0
DA:47,0
DA:48,0
DA:52,0
DA:54,0
LF:7
LH:0
BRF:0
BRH:0
end_of_record
TN:
SF:models\Category.js
FNF:0
FNH:0
DA:1,0
DA:4,0
DA:11,0
DA:40,0
LF:4
LH:0
BRF:0
BRH:0
end_of_record
TN:
SF:models\ChatbotImage.js
FNF:0
FNH:0
DA:1,0
DA:3,0
DA:114,0
LF:3
LH:0
BRF:0
BRH:0
end_of_record
TN:
SF:models\Customer.js
FN:72,(anonymous_0)
FNF:1
FNH:0
FNDA:0,(anonymous_0)
DA:1,0
DA:3,0
DA:72,0
DA:73,0
DA:74,0
DA:78,0
DA:79,0
DA:80,0
DA:81,0
DA:82,0
DA:84,0
LF:11
LH:0
BRF:0
BRH:0
end_of_record
TN:
SF:models\DashboardStats.js
FNF:0
FNH:0
DA:1,0
DA:4,0
DA:22,0
LF:3
LH:0
BRF:0
BRH:0
end_of_record
TN:
SF:models\DeliveryBoy.js
FN:39,(anonymous_0)
FN:59,(anonymous_1)
FNF:2
FNH:0
FNDA:0,(anonymous_0)
FNDA:0,(anonymous_1)
DA:1,0
DA:2,0
DA:4,0
DA:39,0
DA:41,0
DA:42,0
DA:43,0
DA:44,0
DA:45,0
DA:46,0
DA:47,0
DA:49,0
DA:53,0
DA:54,0
DA:56,0
DA:59,0
DA:60,0
DA:63,0
LF:18
LH:0
BRDA:41,0,0,0
BRDA:41,0,1,0
BRDA:46,1,0,0
BRDA:46,1,1,0
BRDA:46,2,0,0
BRDA:46,2,1,0
BRDA:46,2,2,0
BRDA:53,3,0,0
BRDA:53,3,1,0
BRF:9
BRH:0
end_of_record
TN:
SF:models\HeroSection.js
FN:16,(anonymous_0)
FNF:1
FNH:0
FNDA:0,(anonymous_0)
DA:1,0
DA:3,0
DA:16,0
DA:17,0
DA:18,0
DA:21,0
DA:23,0
LF:7
LH:0
BRF:0
BRH:0
end_of_record
TN:
SF:models\IdempotencyKey.js
FNF:0
FNH:0
DA:1,0
DA:12,0
DA:34,0
DA:36,0
LF:4
LH:0
BRF:0
BRH:0
end_of_record
TN:
SF:models\InboundMessage.js
FNF:0
FNH:0
DA:1,0
DA:11,0
DA:83,0
DA:86,0
DA:89,0
DA:94,0
LF:6
LH:0
BRF:0
BRH:0
end_of_record
TN:
SF:models\MenuItem.js
FN:75,(anonymous_0)
FN:79,(anonymous_1)
FNF:2
FNH:0
FNDA:0,(anonymous_0)
FNDA:0,(anonymous_1)
DA:1,0
DA:3,0
DA:75,0
DA:76,0
DA:78,0
DA:79,0
DA:80,0
DA:81,0
DA:84,0
DA:85,0
DA:86,0
DA:90,0
DA:91,0
DA:92,0
DA:93,0
DA:94,0
DA:96,0
LF:17
LH:0
BRDA:78,0,0,0
BRDA:78,0,1,0
BRDA:78,1,0,0
BRDA:78,1,1,0
BRDA:80,2,0,0
BRDA:80,2,1,0
BRDA:81,3,0,0
BRDA:81,3,1,0
BRDA:84,4,0,0
BRDA:84,4,1,0
BRDA:85,5,0,0
BRDA:85,5,1,0
BRF:12
BRH:0
end_of_record
TN:
SF:models\Offer.js
FN:57,(anonymous_0)
FNF:1
FNH:0
FNDA:0,(anonymous_0)
DA:1,0
DA:3,0
DA:57,0
DA:58,0
DA:59,0
DA:62,0
DA:63,0
DA:64,0
DA:66,0
LF:9
LH:0
BRF:0
BRH:0
end_of_record
TN:
SF:models\Order.js
FN:70,(anonymous_0)
FNF:1
FNH:0
FNDA:0,(anonymous_0)
DA:1,0
DA:3,0
DA:70,0
DA:71,0
DA:72,0
DA:76,0
DA:77,0
DA:78,0
DA:79,0
DA:80,0
DA:81,0
DA:82,0
DA:83,0
DA:84,0
DA:86,0
LF:15
LH:0
BRF:0
BRH:0
end_of_record
TN:
SF:models\OutboundMessage.js
FN:153,(anonymous_0)
FN:226,(anonymous_1)
FNF:2
FNH:0
FNDA:0,(anonymous_0)
FNDA:0,(anonymous_1)
DA:1,0
DA:13,0
DA:141,0
DA:142,0
DA:143,0
DA:144,0
DA:147,0
DA:153,0
DA:154,0
DA:155,0
DA:156,0
DA:159,0
DA:187,0
DA:188,0
DA:195,0
DA:196,0
DA:203,0
DA:204,0
DA:211,0
DA:212,0
DA:219,0
DA:226,0
DA:227,0
DA:228,0
DA:231,0
DA:233,0
DA:236,0
LF:27
LH:0
BRDA:154,0,0,0
BRDA:154,0,1,0
BRDA:155,1,0,0
BRDA:155,1,1,0
BRDA:155,1,2,0
BRDA:156,2,0,0
BRDA:156,2,1,0
BRDA:187,3,0,0
BRDA:187,3,1,0
BRDA:195,4,0,0
BRDA:195,4,1,0
BRDA:195,5,0,0
BRDA:195,5,1,0
BRDA:195,5,2,0
BRDA:203,6,0,0
BRDA:203,6,1,0
BRDA:203,7,0,0
BRDA:203,7,1,0
BRDA:203,7,2,0
BRDA:211,8,0,0
BRDA:211,8,1,0
BRDA:211,9,0,0
BRDA:211,9,1,0
BRF:23
BRH:0
end_of_record
TN:
SF:models\PaymentEvent.js
FNF:0
FNH:0
DA:8,0
DA:10,0
DA:22,0
DA:24,0
LF:4
LH:0
BRF:0
BRH:0
end_of_record
TN:
SF:models\ReportHistory.js
FNF:0
FNH:0
DA:1,0
DA:4,0
DA:31,0
LF:3
LH:0
BRF:0
BRH:0
end_of_record
TN:
SF:models\Settings.js
FN:11,(anonymous_0)
FN:21,(anonymous_1)
FN:34,(anonymous_2)
FNF:3
FNH:0
FNDA:0,(anonymous_0)
FNDA:0,(anonymous_1)
FNDA:0,(anonymous_2)
DA:1,0
DA:3,0
DA:11,0
DA:12,0
DA:13,0
DA:17,0
DA:18,0
DA:21,0
DA:22,0
DA:23,0
DA:24,0
DA:25,0
DA:27,0
DA:28,0
DA:29,0
DA:30,0
DA:34,0
DA:35,0
DA:36,0
DA:41,0
DA:44,0
LF:21
LH:0
BRDA:21,0,0,0
BRDA:24,1,0,0
BRDA:24,1,1,0
BRDA:24,2,0,0
BRDA:24,2,1,0
BRDA:28,3,0,0
BRDA:28,3,1,0
BRDA:34,4,0,0
BRF:8
BRH:0
end_of_record
TN:
SF:models\User.js
FN:13,(anonymous_0)
FN:19,(anonymous_1)
FNF:2
FNH:0
FNDA:0,(anonymous_0)
FNDA:0,(anonymous_1)
DA:1,0
DA:2,0
DA:4,0
DA:13,0
DA:14,0
DA:15,0
DA:16,0
DA:19,0
DA:20,0
DA:23,0
LF:10
LH:0
BRDA:14,0,0,0
BRDA:14,0,1,0
BRF:2
BRH:0
end_of_record
TN:
SF:models\WhatsAppContact.js
FN:19,(anonymous_0)
FNF:1
FNH:0
FNDA:0,(anonymous_0)
DA:1,0
DA:3,0
DA:19,0
DA:20,0
DA:21,0
DA:24,0
LF:6
LH:0
BRF:0
BRH:0
end_of_record
TN:
SF:routes\admins.js
FN:25,requireSuperAdmin
FN:36,(anonymous_1)
FN:41,(anonymous_2)
FN:51,(anonymous_3)
FN:79,(anonymous_4)
FN:123,(anonymous_5)
FN:155,(anonymous_6)
FNF:7
FNH:0
FNDA:0,requireSuperAdmin
FNDA:0,(anonymous_1)
FNDA:0,(anonymous_2)
FNDA:0,(anonymous_3)
FNDA:0,(anonymous_4)
FNDA:0,(anonymous_5)
FNDA:0,(anonymous_6)
DA:8,0
DA:9,0
DA:10,0
DA:11,0
DA:12,0
DA:13,0
DA:14,0
DA:16,0
DA:19,0
DA:20,0
DA:26,0
DA:27,0
DA:32,0
DA:36,0
DA:37,0
DA:38,0
DA:39,0
DA:41,0
DA:44,0
DA:51,0
DA:52,0
DA:53,0
DA:56,0
DA:58,0
DA:66,0
DA:80,0
DA:81,0
DA:84,0
DA:85,0
DA:86,0
DA:90,0
DA:95,0
DA:97,0
DA:103,0
DA:104,0
DA:106,0
DA:115,0
DA:124,0
DA:125,0
DA:126,0
DA:128,0
DA:129,0
DA:130,0
DA:132,0
DA:133,0
DA:136,0
DA:137,0
DA:139,0
DA:144,0
DA:146,0
DA:155,0
DA:156,0
DA:157,0
DA:159,0
DA:160,0
DA:161,0
DA:163,0
DA:164,0
DA:167,0
DA:169,0
DA:175,0
DA:177,0
DA:181,0
LF:63
LH:0
BRDA:26,0,0,0
BRDA:26,0,1,0
BRDA:26,1,0,0
BRDA:26,1,1,0
BRDA:38,2,0,0
BRDA:38,2,1,0
BRDA:85,3,0,0
BRDA:85,3,1,0
BRDA:129,4,0,0
BRDA:129,4,1,0
BRDA:132,5,0,0
BRDA:132,5,1,0
BRDA:160,6,0,0
BRDA:160,6,1,0
BRDA:163,7,0,0
BRDA:163,7,1,0
BRF:16
BRH:0
end_of_record
TN:
SF:routes\ai.js
FN:11,(anonymous_0)
FN:22,(anonymous_1)
FN:26,(anonymous_2)
FNF:3
FNH:0
FNDA:0,(anonymous_0)
FNDA:0,(anonymous_1)
FNDA:0,(anonymous_2)
DA:1,0
DA:2,0
DA:3,0
DA:4,0
DA:5,0
DA:6,0
DA:9,0
DA:11,0
DA:12,0
DA:13,0
DA:14,0
DA:15,0
DA:18,0
DA:22,0
DA:23,0
DA:24,0
DA:25,0
DA:26,0
DA:27,0
DA:30,0
DA:34,0
LF:21
LH:0
BRDA:26,0,0,0
BRDA:26,0,1,0
BRF:2
BRH:0
end_of_record
TN:
SF:routes\analytics.js
FN:17,(anonymous_0)
FN:30,(anonymous_1)
FN:36,(anonymous_2)
FN:46,(anonymous_3)
FN:72,(anonymous_4)
FN:160,(anonymous_5)
FN:179,(anonymous_6)
FN:195,(anonymous_7)
FN:211,(anonymous_8)
FN:256,(anonymous_9)
FN:552,(anonymous_10)
FN:565,(anonymous_11)
FN:567,(anonymous_12)
FN:571,(anonymous_13)
FN:572,(anonymous_14)
FN:576,(anonymous_15)
FN:592,(anonymous_16)
FN:603,(anonymous_17)
FN:633,(anonymous_18)
FN:685,(anonymous_19)
FN:703,(anonymous_20)
FN:722,(anonymous_21)
FN:753,(anonymous_22)
FN:770,(anonymous_23)
FN:807,(anonymous_24)
FN:836,(anonymous_25)
FNF:26
FNH:0
FNDA:0,(anonymous_0)
FNDA:0,(anonymous_1)
FNDA:0,(anonymous_2)
FNDA:0,(anonymous_3)
FNDA:0,(anonymous_4)
FNDA:0,(anonymous_5)
FNDA:0,(anonymous_6)
FNDA:0,(anonymous_7)
FNDA:0,(anonymous_8)
FNDA:0,(anonymous_9)
FNDA:0,(anonymous_10)
FNDA:0,(anonymous_11)
FNDA:0,(anonymous_12)
FNDA:0,(anonymous_13)
FNDA:0,(anonymous_14)
FNDA:0,(anonymous_15)
FNDA:0,(anonymous_16)
FNDA:0,(anonymous_17)
FNDA:0,(anonymous_18)
FNDA:0,(anonymous_19)
FNDA:0,(anonymous_20)
FNDA:0,(anonymous_21)
FNDA:0,(anonymous_22)
FNDA:0,(anonymous_23)
FNDA:0,(anonymous_24)
FNDA:0,(anonymous_25)
DA:1,0
DA:2,0
DA:3,0
DA:4,0
DA:5,0
DA:6,0
DA:7,0
DA:8,0
DA:9,0
DA:10,0
DA:13,0
DA:14,0
DA:17,0
DA:18,0
DA:19,0
DA:20,0
DA:21,0
DA:27,0
DA:30,0
DA:31,0
DA:32,0
DA:36,0
DA:37,0
DA:38,0
DA:39,0
DA:40,0
DA:42,0
DA:46,0
DA:47,0
DA:48,0
DA:49,0
DA:52,0
DA:53,0
DA:54,0
DA:55,0
DA:58,0
DA:59,0
DA:60,0
DA:61,0
DA:63,0
DA:65,0
DA:70,0
DA:72,0
DA:73,0
DA:74,0
DA:75,0
DA:76,0
DA:93,0
DA:125,0
DA:129,0
DA:130,0
DA:131,0
DA:135,0
DA:138,0
DA:140,0
DA:156,0
DA:160,0
DA:161,0
DA:162,0
DA:163,0
DA:164,0
DA:166,0
DA:172,0
DA:175,0
DA:179,0
DA:180,0
DA:181,0
DA:187,0
DA:190,0
DA:195,0
DA:196,0
DA:197,0
DA:198,0
DA:199,0
DA:206,0
DA:211,0
DA:212,0
DA:213,0
DA:214,0
DA:217,0
DA:218,0
DA:220,0
DA:222,0
DA:223,0
DA:224,0
DA:226,0
DA:227,0
DA:228,0
DA:229,0
DA:231,0
DA:232,0
DA:233,0
DA:234,0
DA:236,0
DA:237,0
DA:238,0
DA:239,0
DA:241,0
DA:242,0
DA:243,0
DA:244,0
DA:245,0
DA:247,0
DA:249,0
DA:250,0
DA:253,0
DA:256,0
DA:257,0
DA:258,0
DA:269,0
DA:394,0
DA:397,0
DA:398,0
DA:399,0
DA:400,0
DA:402,0
DA:403,0
DA:404,0
DA:405,0
DA:406,0
DA:407,0
DA:408,0
DA:409,0
DA:412,0
DA:413,0
DA:414,0
DA:415,0
DA:417,0
DA:422,0
DA:423,0
DA:424,0
DA:425,0
DA:427,0
DA:433,0
DA:434,0
DA:435,0
DA:436,0
DA:437,0
DA:440,0
DA:441,0
DA:442,0
DA:443,0
DA:444,0
DA:445,0
DA:446,0
DA:447,0
DA:449,0
DA:456,0
DA:457,0
DA:459,0
DA:463,0
DA:464,0
DA:468,0
DA:469,0
DA:470,0
DA:471,0
DA:473,0
DA:474,0
DA:476,0
DA:477,0
DA:479,0
DA:480,0
DA:482,0
DA:486,0
DA:487,0
DA:488,0
DA:489,0
DA:490,0
DA:499,0
DA:500,0
DA:503,0
DA:505,0
DA:506,0
DA:507,0
DA:516,0
DA:517,0
DA:522,0
DA:523,0
DA:527,0
DA:528,0
DA:539,0
DA:540,0
DA:542,0
DA:543,0
DA:545,0
DA:546,0
DA:552,0
DA:555,0
DA:556,0
DA:557,0
DA:558,0
DA:559,0
DA:560,0
DA:562,0
DA:565,0
DA:567,0
DA:568,0
DA:571,0
DA:572,0
DA:575,0
DA:576,0
DA:579,0
DA:582,0
DA:583,0
DA:584,0
DA:592,0
DA:593,0
DA:594,0
DA:595,0
DA:596,0
DA:598,0
DA:599,0
DA:603,0
DA:604,0
DA:605,0
DA:606,0
DA:609,0
DA:628,0
DA:633,0
DA:634,0
DA:635,0
DA:636,0
DA:637,0
DA:640,0
DA:657,0
DA:658,0
DA:661,0
DA:672,0
DA:680,0
DA:685,0
DA:686,0
DA:687,0
DA:689,0
DA:690,0
DA:694,0
DA:697,0
DA:700,0
DA:703,0
DA:704,0
DA:705,0
DA:706,0
DA:707,0
DA:709,0
DA:710,0
DA:712,0
DA:713,0
DA:717,0
DA:722,0
DA:723,0
DA:724,0
DA:725,0
DA:727,0
DA:728,0
DA:731,0
DA:732,0
DA:735,0
DA:736,0
DA:737,0
DA:741,0
DA:742,0
DA:743,0
DA:746,0
DA:748,0
DA:753,0
DA:754,0
DA:755,0
DA:757,0
DA:758,0
DA:759,0
DA:762,0
DA:763,0
DA:767,0
DA:770,0
DA:771,0
DA:772,0
DA:773,0
DA:775,0
DA:777,0
DA:785,0
DA:786,0
DA:788,0
DA:796,0
DA:798,0
DA:802,0
DA:807,0
DA:808,0
DA:809,0
DA:810,0
DA:813,0
DA:814,0
DA:817,0
DA:818,0
DA:820,0
DA:821,0
DA:822,0
DA:823,0
DA:831,0
DA:836,0
DA:839,0
DA:840,0
DA:841,0
DA:844,0
DA:845,0
DA:846,0
DA:849,0
DA:850,0
DA:851,0
DA:853,0
DA:875,0
DA:876,0
DA:879,0
DA:894,0
DA:898,0
LF:313
LH:0
BRDA:20,0,0,0
BRDA:20,0,1,0
BRDA:38,1,0,0
BRDA:38,1,1,0
BRDA:52,2,0,0
BRDA:52,2,1,0
BRDA:125,3,0,0
BRDA:125,3,1,0
BRDA:130,4,0,0
BRDA:130,4,1,0
BRDA:135,5,0,0
BRDA:135,5,1,0
BRDA:138,6,0,0
BRDA:138,6,1,0
BRDA:152,7,0,0
BRDA:152,7,1,0
BRDA:162,8,0,0
BRDA:220,9,0,0
BRDA:220,9,1,0
BRDA:220,9,2,0
BRDA:220,9,3,0
BRDA:220,9,4,0
BRDA:220,9,5,0
BRDA:241,10,0,0
BRDA:241,10,1,0
BRDA:241,11,0,0
BRDA:241,11,1,0
BRDA:394,12,0,0
BRDA:394,12,1,0
BRDA:403,13,0,0
BRDA:403,13,1,0
BRDA:404,14,0,0
BRDA:404,14,1,0
BRDA:405,15,0,0
BRDA:405,15,1,0
BRDA:406,16,0,0
BRDA:406,16,1,0
BRDA:407,17,0,0
BRDA:407,17,1,0
BRDA:408,18,0,0
BRDA:408,18,1,0
BRDA:409,19,0,0
BRDA:409,19,1,0
BRDA:412,20,0,0
BRDA:412,20,1,0
BRDA:413,21,0,0
BRDA:413,21,1,0
BRDA:422,22,0,0
BRDA:422,22,1,0
BRDA:423,23,0,0
BRDA:423,23,1,0
BRDA:442,24,0,0
BRDA:442,24,1,0
BRDA:445,25,0,0
BRDA:445,25,1,0
BRDA:446,26,0,0
BRDA:446,26,1,0
BRDA:447,27,0,0
BRDA:447,27,1,0
BRDA:449,28,0,0
BRDA:449,28,1,0
BRDA:449,29,0,0
BRDA:449,29,1,0
BRDA:457,30,0,0
BRDA:457,30,1,0
BRDA:457,31,0,0
BRDA:457,31,1,0
BRDA:463,32,0,0
BRDA:463,32,1,0
BRDA:464,33,0,0
BRDA:464,33,1,0
BRDA:471,34,0,0
BRDA:471,34,1,0
BRDA:473,35,0,0
BRDA:473,35,1,0
BRDA:473,36,0,0
BRDA:473,36,1,0
BRDA:476,37,0,0
BRDA:476,37,1,0
BRDA:476,38,0,0
BRDA:476,38,1,0
BRDA:476,38,2,0
BRDA:477,39,0,0
BRDA:477,39,1,0
BRDA:477,39,2,0
BRDA:479,40,0,0
BRDA:479,40,1,0
BRDA:479,41,0,0
BRDA:479,41,1,0
BRDA:479,41,2,0
BRDA:480,42,0,0
BRDA:480,42,1,0
BRDA:480,42,2,0
BRDA:486,43,0,0
BRDA:486,43,1,0
BRDA:486,44,0,0
BRDA:486,44,1,0
BRDA:489,45,0,0
BRDA:489,45,1,0
BRDA:496,46,0,0
BRDA:496,46,1,0
BRDA:496,46,2,0
BRDA:497,47,0,0
BRDA:497,47,1,0
BRDA:497,47,2,0
BRDA:499,48,0,0
BRDA:499,48,1,0
BRDA:499,49,0,0
BRDA:499,49,1,0
BRDA:503,50,0,0
BRDA:503,50,1,0
BRDA:505,51,0,0
BRDA:505,51,1,0
BRDA:505,52,0,0
BRDA:505,52,1,0
BRDA:505,52,2,0
BRDA:506,53,0,0
BRDA:506,53,1,0
BRDA:513,54,0,0
BRDA:513,54,1,0
BRDA:513,54,2,0
BRDA:514,55,0,0
BRDA:514,55,1,0
BRDA:514,55,2,0
BRDA:516,56,0,0
BRDA:516,56,1,0
BRDA:516,57,0,0
BRDA:516,57,1,0
BRDA:522,58,0,0
BRDA:522,58,1,0
BRDA:522,59,0,0
BRDA:522,59,1,0
BRDA:522,59,2,0
BRDA:527,60,0,0
BRDA:527,60,1,0
BRDA:531,61,0,0
BRDA:531,61,1,0
BRDA:534,62,0,0
BRDA:534,62,1,0
BRDA:535,63,0,0
BRDA:535,63,1,0
BRDA:539,64,0,0
BRDA:539,64,1,0
BRDA:539,65,0,0
BRDA:539,65,1,0
BRDA:542,66,0,0
BRDA:542,66,1,0
BRDA:542,67,0,0
BRDA:542,67,1,0
BRDA:545,68,0,0
BRDA:545,68,1,0
BRDA:545,69,0,0
BRDA:545,69,1,0
BRDA:557,70,0,0
BRDA:557,70,1,0
BRDA:558,71,0,0
BRDA:558,71,1,0
BRDA:568,72,0,0
BRDA:568,72,1,0
BRDA:571,73,0,0
BRDA:571,73,1,0
BRDA:572,74,0,0
BRDA:572,74,1,0
BRDA:586,75,0,0
BRDA:586,75,1,0
BRDA:587,76,0,0
BRDA:587,76,1,0
BRDA:593,77,0,0
BRDA:593,77,1,0
BRDA:593,78,0,0
BRDA:593,78,1,0
BRDA:595,79,0,0
BRDA:595,79,1,0
BRDA:598,80,0,0
BRDA:598,80,1,0
BRDA:657,81,0,0
BRDA:657,81,1,0
BRDA:658,82,0,0
BRDA:658,82,1,0
BRDA:689,83,0,0
BRDA:689,83,1,0
BRDA:727,84,0,0
BRDA:727,84,1,0
BRDA:731,85,0,0
BRDA:731,85,1,0
BRDA:735,86,0,0
BRDA:735,86,1,0
BRDA:737,87,0,0
BRDA:737,87,1,0
BRDA:758,88,0,0
BRDA:758,88,1,0
BRDA:762,89,0,0
BRDA:762,89,1,0
BRDA:785,90,0,0
BRDA:785,90,1,0
BRDA:825,91,0,0
BRDA:825,91,1,0
BRDA:826,92,0,0
BRDA:826,92,1,0
BRDA:827,93,0,0
BRDA:827,93,1,0
BRDA:828,94,0,0
BRDA:828,94,1,0
BRDA:840,95,0,0
BRDA:840,95,1,0
BRDA:850,96,0,0
BRDA:850,96,1,0
BRDA:860,97,0,0
BRDA:860,97,1,0
BRDA:861,98,0,0
BRDA:861,98,1,0
BRDA:864,99,0,0
BRDA:864,99,1,0
BRDA:865,100,0,0
BRDA:865,100,1,0
BRDA:867,101,0,0
BRDA:867,101,1,0
BRDA:869,102,0,0
BRDA:869,102,1,0
BRDA:870,103,0,0
BRDA:870,103,1,0
BRDA:872,104,0,0
BRDA:872,104,1,0
BRDA:882,105,0,0
BRDA:882,105,1,0
BRDA:883,106,0,0
BRDA:883,106,1,0
BRDA:884,107,0,0
BRDA:884,107,1,0
BRDA:884,108,0,0
BRDA:884,108,1,0
BRF:231
BRH:0
end_of_record
TN:
SF:routes\auth.js
FN:15,(anonymous_0)
FN:18,(anonymous_1)
FN:24,(anonymous_2)
FN:51,(anonymous_3)
FN:100,(anonymous_4)
FN:119,(anonymous_5)
FN:168,(anonymous_6)
FN:188,(anonymous_7)
FN:200,(anonymous_8)
FN:238,(anonymous_9)
FN:269,(anonymous_10)
FN:292,(anonymous_11)
FN:314,(anonymous_12)
FNF:13
FNH:0
FNDA:0,(anonymous_0)
FNDA:0,(anonymous_1)
FNDA:0,(anonymous_2)
FNDA:0,(anonymous_3)
FNDA:0,(anonymous_4)
FNDA:0,(anonymous_5)
FNDA:0,(anonymous_6)
FNDA:0,(anonymous_7)
FNDA:0,(anonymous_8)
FNDA:0,(anonymous_9)
FNDA:0,(anonymous_10)
FNDA:0,(anonymous_11)
FNDA:0,(anonymous_12)
DA:1,0
DA:2,0
DA:3,0
DA:4,0
DA:5,0
DA:6,0
DA:7,0
DA:8,0
DA:9,0
DA:10,0
DA:11,0
DA:12,0
DA:15,0
DA:16,0
DA:17,0
DA:18,0
DA:20,0
DA:24,0
DA:25,0
DA:26,0
DA:28,0
DA:29,0
DA:30,0
DA:31,0
DA:34,0
DA:35,0
DA:36,0
DA:39,0
DA:40,0
DA:42,0
DA:46,0
DA:52,0
DA:53,0
DA:56,0
DA:58,0
DA:59,0
DA:60,0
DA:65,0
DA:66,0
DA:67,0
DA:69,0
DA:70,0
DA:73,0
DA:74,0
DA:82,0
DA:83,0
DA:84,0
DA:87,0
DA:88,0
DA:96,0
DA:100,0
DA:101,0
DA:102,0
DA:104,0
DA:105,0
DA:106,0
DA:108,0
DA:109,0
DA:114,0
DA:120,0
DA:121,0
DA:123,0
DA:124,0
DA:127,0
DA:128,0
DA:133,0
DA:135,0
DA:136,0
DA:139,0
DA:140,0
DA:141,0
DA:144,0
DA:145,0
DA:146,0
DA:149,0
DA:150,0
DA:152,0
DA:154,0
DA:156,0
DA:157,0
DA:159,0
DA:165,0
DA:169,0
DA:170,0
DA:171,0
DA:172,0
DA:178,0
DA:179,0
DA:185,0
DA:189,0
DA:190,0
DA:191,0
DA:192,0
DA:194,0
DA:200,0
DA:201,0
DA:202,0
DA:204,0
DA:205,0
DA:206,0
DA:208,0
DA:209,0
DA:213,0
DA:214,0
DA:215,0
DA:218,0
DA:223,0
DA:224,0
DA:226,0
DA:230,0
DA:232,0
DA:233,0
DA:238,0
DA:239,0
DA:240,0
DA:242,0
DA:243,0
DA:245,0
DA:246,0
DA:247,0
DA:249,0
DA:253,0
DA:256,0
DA:258,0
DA:259,0
DA:269,0
DA:270,0
DA:271,0
DA:272,0
DA:273,0
DA:277,0
DA:282,0
DA:283,0
DA:285,0
DA:287,0
DA:292,0
DA:293,0
DA:294,0
DA:296,0
DA:297,0
DA:300,0
DA:301,0
DA:302,0
DA:303,0
DA:307,0
DA:309,0
DA:314,0
DA:315,0
DA:316,0
DA:318,0
DA:319,0
DA:322,0
DA:323,0
DA:324,0
DA:325,0
DA:326,0
DA:328,0
DA:331,0
DA:334,0
DA:338,0
LF:160
LH:0
BRDA:17,0,0,0
BRDA:17,0,1,0
BRDA:26,1,0,0
BRDA:26,1,1,0
BRDA:30,2,0,0
BRDA:30,2,1,0
BRDA:35,3,0,0
BRDA:35,3,1,0
BRDA:56,4,0,0
BRDA:56,4,1,0
BRDA:56,5,0,0
BRDA:56,5,1,0
BRDA:59,6,0,0
BRDA:59,6,1,0
BRDA:67,7,0,0
BRDA:67,7,1,0
BRDA:83,8,0,0
BRDA:83,8,1,0
BRDA:83,9,0,0
BRDA:83,9,1,0
BRDA:102,10,0,0
BRDA:102,10,1,0
BRDA:121,11,0,0
BRDA:121,11,1,0
BRDA:127,12,0,0
BRDA:127,12,1,0
BRDA:135,13,0,0
BRDA:135,13,1,0
BRDA:140,14,0,0
BRDA:140,14,1,0
BRDA:145,15,0,0
BRDA:145,15,1,0
BRDA:156,16,0,0
BRDA:156,16,1,0
BRDA:156,17,0,0
BRDA:156,17,1,0
BRDA:202,18,0,0
BRDA:202,18,1,0
BRDA:208,19,0,0
BRDA:208,19,1,0
BRDA:213,20,0,0
BRDA:213,20,1,0
BRDA:223,21,0,0
BRDA:223,21,1,0
BRDA:240,22,0,0
BRDA:240,22,1,0
BRDA:245,23,0,0
BRDA:245,23,1,0
BRDA:272,24,0,0
BRDA:272,24,1,0
BRDA:272,25,0,0
BRDA:272,25,1,0
BRDA:272,25,2,0
BRDA:282,26,0,0
BRDA:282,26,1,0
BRDA:282,27,0,0
BRDA:282,27,1,0
BRDA:294,28,0,0
BRDA:294,28,1,0
BRDA:300,29,0,0
BRDA:300,29,1,0
BRDA:302,30,0,0
BRDA:302,30,1,0
BRDA:302,31,0,0
BRDA:302,31,1,0
BRDA:316,32,0,0
BRDA:316,32,1,0
BRDA:322,33,0,0
BRDA:322,33,1,0
BRDA:324,34,0,0
BRDA:324,34,1,0
BRDA:324,35,0,0
BRDA:324,35,1,0
BRF:73
BRH:0
end_of_record
TN:
SF:routes\catalog.js
FN:18,(anonymous_0)
FN:28,(anonymous_1)
FN:39,(anonymous_2)
FN:55,(anonymous_3)
FN:72,(anonymous_4)
FN:83,(anonymous_5)
FN:97,(anonymous_6)
FN:109,(anonymous_7)
FN:125,(anonymous_8)
FN:141,(anonymous_9)
FN:159,(anonymous_10)
FN:170,(anonymous_11)
FN:192,(anonymous_12)
FN:203,(anonymous_13)
FN:214,(anonymous_14)
FNF:15
FNH:0
FNDA:0,(anonymous_0)
FNDA:0,(anonymous_1)
FNDA:0,(anonymous_2)
FNDA:0,(anonymous_3)
FNDA:0,(anonymous_4)
FNDA:0,(anonymous_5)
FNDA:0,(anonymous_6)
FNDA:0,(anonymous_7)
FNDA:0,(anonymous_8)
FNDA:0,(anonymous_9)
FNDA:0,(anonymous_10)
FNDA:0,(anonymous_11)
FNDA:0,(anonymous_12)
FNDA:0,(anonymous_13)
FNDA:0,(anonymous_14)
DA:10,0
DA:11,0
DA:12,0
DA:13,0
DA:14,0
DA:15,0
DA:18,0
DA:19,0
DA:20,0
DA:21,0
DA:23,0
DA:28,0
DA:29,0
DA:30,0
DA:31,0
DA:33,0
DA:39,0
DA:40,0
DA:41,0
DA:42,0
DA:43,0
DA:49,0
DA:55,0
DA:56,0
DA:57,0
DA:58,0
DA:60,0
DA:61,0
DA:64,0
DA:65,0
DA:67,0
DA:72,0
DA:73,0
DA:74,0
DA:75,0
DA:76,0
DA:78,0
DA:83,0
DA:84,0
DA:85,0
DA:86,0
DA:92,0
DA:97,0
DA:98,0
DA:99,0
DA:100,0
DA:102,0
DA:109,0
DA:110,0
DA:111,0
DA:112,0
DA:120,0
DA:125,0
DA:126,0
DA:127,0
DA:128,0
DA:136,0
DA:141,0
DA:142,0
DA:143,0
DA:144,0
DA:147,0
DA:154,0
DA:159,0
DA:160,0
DA:161,0
DA:162,0
DA:163,0
DA:165,0
DA:170,0
DA:171,0
DA:172,0
DA:192,0
DA:193,0
DA:194,0
DA:195,0
DA:196,0
DA:198,0
DA:203,0
DA:204,0
DA:205,0
DA:206,0
DA:207,0
DA:209,0
DA:214,0
DA:215,0
DA:216,0
DA:217,0
DA:218,0
DA:220,0
DA:221,0
DA:222,0
DA:232,0
DA:234,0
DA:238,0
LF:95
LH:0
BRDA:41,0,0,0
BRDA:45,1,0,0
BRDA:45,1,1,0
BRDA:45,2,0,0
BRDA:45,2,1,0
BRDA:60,3,0,0
BRDA:60,3,1,0
BRDA:114,4,0,0
BRDA:114,4,1,0
BRDA:130,5,0,0
BRDA:130,5,1,0
BRDA:176,6,0,0
BRDA:176,6,1,0
BRDA:181,7,0,0
BRDA:181,7,1,0
BRDA:184,8,0,0
BRDA:184,8,1,0
BRDA:185,9,0,0
BRDA:185,9,1,0
BRDA:187,10,0,0
BRDA:187,10,1,0
BRDA:218,11,0,0
BRDA:218,11,1,0
BRDA:232,12,0,0
BRDA:232,12,1,0
BRF:25
BRH:0
end_of_record
TN:
SF:routes\category.js
FN:20,(anonymous_0)
FN:30,(anonymous_1)
FN:41,(anonymous_2)
FN:78,(anonymous_3)
FN:136,(anonymous_4)
FN:156,(anonymous_5)
FN:244,(anonymous_6)
FN:291,(anonymous_7)
FN:334,(anonymous_8)
FNF:9
FNH:0
FNDA:0,(anonymous_0)
FNDA:0,(anonymous_1)
FNDA:0,(anonymous_2)
FNDA:0,(anonymous_3)
FNDA:0,(anonymous_4)
FNDA:0,(anonymous_5)
FNDA:0,(anonymous_6)
FNDA:0,(anonymous_7)
FNDA:0,(anonymous_8)
DA:1,0
DA:2,0
DA:3,0
DA:4,0
DA:5,0
DA:6,0
DA:7,0
DA:8,0
DA:9,0
DA:10,0
DA:11,0
DA:14,0
DA:17,0
DA:21,0
DA:22,0
DA:24,0
DA:30,0
DA:31,0
DA:32,0
DA:33,0
DA:36,0
DA:41,0
DA:42,0
DA:43,0
DA:46,0
DA:47,0
DA:48,0
DA:52,0
DA:53,0
DA:54,0
DA:57,0
DA:60,0
DA:61,0
DA:64,0
DA:65,0
DA:68,0
DA:70,0
DA:73,0
DA:78,0
DA:79,0
DA:80,0
DA:83,0
DA:84,0
DA:87,0
DA:88,0
DA:91,0
DA:92,0
DA:93,0
DA:94,0
DA:95,0
DA:97,0
DA:100,0
DA:103,0
DA:104,0
DA:105,0
DA:106,0
DA:107,0
DA:109,0
DA:112,0
DA:115,0
DA:116,0
DA:119,0
DA:126,0
DA:128,0
DA:131,0
DA:136,0
DA:137,0
DA:138,0
DA:139,0
DA:140,0
DA:142,0
DA:143,0
DA:146,0
DA:148,0
DA:151,0
DA:156,0
DA:157,0
DA:158,0
DA:160,0
DA:161,0
DA:163,0
DA:164,0
DA:165,0
DA:168,0
DA:171,0
DA:181,0
DA:182,0
DA:185,0
DA:186,0
DA:187,0
DA:189,0
DA:190,0
DA:191,0
DA:193,0
DA:197,0
DA:198,0
DA:199,0
DA:202,0
DA:204,0
DA:207,0
DA:208,0
DA:210,0
DA:211,0
DA:212,0
DA:215,0
DA:216,0
DA:221,0
DA:222,0
DA:224,0
DA:228,0
DA:229,0
DA:232,0
DA:234,0
DA:237,0
DA:244,0
DA:245,0
DA:246,0
DA:247,0
DA:248,0
DA:251,0
DA:254,0
DA:255,0
DA:256,0
DA:259,0
DA:262,0
DA:264,0
DA:268,0
DA:271,0
DA:275,0
DA:279,0
DA:281,0
DA:284,0
DA:291,0
DA:292,0
DA:293,0
DA:295,0
DA:296,0
DA:298,0
DA:299,0
DA:300,0
DA:304,0
DA:311,0
DA:312,0
DA:315,0
DA:319,0
DA:322,0
DA:325,0
DA:327,0
DA:329,0
DA:334,0
DA:335,0
DA:337,0
DA:338,0
DA:339,0
DA:342,0
DA:345,0
DA:346,0
DA:347,0
DA:348,0
DA:350,0
DA:355,0
DA:357,0
DA:358,0
DA:360,0
DA:361,0
DA:364,0
DA:365,0
DA:366,0
DA:367,0
DA:369,0
DA:372,0
DA:373,0
DA:376,0
DA:379,0
DA:384,0
DA:387,0
DA:389,0
DA:397,0
DA:401,0
LF:179
LH:0
BRDA:21,0,0,0
BRDA:21,0,1,0
BRDA:46,1,0,0
BRDA:46,1,1,0
BRDA:47,2,0,0
BRDA:47,2,1,0
BRDA:53,3,0,0
BRDA:53,3,1,0
BRDA:57,4,0,0
BRDA:57,4,1,0
BRDA:60,5,0,0
BRDA:60,5,1,0
BRDA:64,6,0,0
BRDA:64,6,1,0
BRDA:83,7,0,0
BRDA:83,7,1,0
BRDA:84,8,0,0
BRDA:84,8,1,0
BRDA:88,9,0,0
BRDA:88,9,1,0
BRDA:91,10,0,0
BRDA:91,10,1,0
BRDA:91,11,0,0
BRDA:91,11,1,0
BRDA:92,12,0,0
BRDA:92,12,1,0
BRDA:92,13,0,0
BRDA:92,13,1,0
BRDA:95,14,0,0
BRDA:95,14,1,0
BRDA:103,15,0,0
BRDA:103,15,1,0
BRDA:104,16,0,0
BRDA:104,16,1,0
BRDA:104,17,0,0
BRDA:104,17,1,0
BRDA:107,18,0,0
BRDA:107,18,1,0
BRDA:115,19,0,0
BRDA:115,19,1,0
BRDA:115,20,0,0
BRDA:115,20,1,0
BRDA:121,21,0,0
BRDA:121,21,1,0
BRDA:139,22,0,0
BRDA:139,22,1,0
BRDA:164,23,0,0
BRDA:164,23,1,0
BRDA:172,24,0,0
BRDA:172,24,1,0
BRDA:173,25,0,0
BRDA:173,25,1,0
BRDA:174,26,0,0
BRDA:174,26,1,0
BRDA:175,27,0,0
BRDA:175,27,1,0
BRDA:176,28,0,0
BRDA:176,28,1,0
BRDA:177,29,0,0
BRDA:177,29,1,0
BRDA:185,30,0,0
BRDA:185,30,1,0
BRDA:221,31,0,0
BRDA:221,31,1,0
BRDA:247,32,0,0
BRDA:247,32,1,0
BRDA:254,33,0,0
BRDA:254,33,1,0
BRDA:262,34,0,0
BRDA:262,34,1,0
BRDA:299,35,0,0
BRDA:299,35,1,0
BRDA:305,36,0,0
BRDA:305,36,1,0
BRDA:306,37,0,0
BRDA:306,37,1,0
BRDA:311,38,0,0
BRDA:311,38,1,0
BRDA:311,39,0,0
BRDA:311,39,1,0
BRDA:338,40,0,0
BRDA:338,40,1,0
BRDA:345,41,0,0
BRDA:345,41,1,0
BRDA:345,42,0,0
BRDA:345,42,1,0
BRDA:348,43,0,0
BRDA:348,43,1,0
BRDA:361,44,0,0
BRDA:361,44,1,0
BRDA:364,45,0,0
BRDA:364,45,1,0
BRDA:364,46,0,0
BRDA:364,46,1,0
BRDA:367,47,0,0
BRDA:367,47,1,0
BRF:96
BRH:0
end_of_record
TN:
SF:routes\chatbotImages.js
FN:20,(anonymous_0)
FN:33,(anonymous_1)
FN:50,(anonymous_2)
FN:66,(anonymous_3)
FN:67,(anonymous_4)
FN:70,(anonymous_5)
FN:77,(anonymous_6)
FN:88,(anonymous_7)
FN:115,(anonymous_8)
FN:120,(anonymous_9)
FN:134,(anonymous_10)
FN:161,(anonymous_11)
FN:171,(anonymous_12)
FN:180,(anonymous_13)
FN:206,(anonymous_14)
FN:209,(anonymous_15)
FNF:16
FNH:0
FNDA:0,(anonymous_0)
FNDA:0,(anonymous_1)
FNDA:0,(anonymous_2)
FNDA:0,(anonymous_3)
FNDA:0,(anonymous_4)
FNDA:0,(anonymous_5)
FNDA:0,(anonymous_6)
FNDA:0,(anonymous_7)
FNDA:0,(anonymous_8)
FNDA:0,(anonymous_9)
FNDA:0,(anonymous_10)
FNDA:0,(anonymous_11)
FNDA:0,(anonymous_12)
FNDA:0,(anonymous_13)
FNDA:0,(anonymous_14)
FNDA:0,(anonymous_15)
DA:1,0
DA:2,0
DA:3,0
DA:4,0
DA:5,0
DA:6,0
DA:7,0
DA:8,0
DA:9,0
DA:10,0
DA:11,0
DA:14,0
DA:17,0
DA:21,0
DA:22,0
DA:24,0
DA:30,0
DA:33,0
DA:34,0
DA:35,0
DA:36,0
DA:42,0
DA:45,0
DA:50,0
DA:51,0
DA:52,0
DA:55,0
DA:56,0
DA:57,0
DA:58,0
DA:59,0
DA:61,0
DA:64,0
DA:66,0
DA:67,0
DA:70,0
DA:71,0
DA:72,0
DA:73,0
DA:74,0
DA:75,0
DA:76,0
DA:77,0
DA:79,0
DA:80,0
DA:82,0
DA:88,0
DA:90,0
DA:91,0
DA:92,0
DA:93,0
DA:94,0
DA:95,0
DA:97,0
DA:103,0
DA:104,0
DA:108,0
DA:110,0
DA:115,0
DA:116,0
DA:117,0
DA:118,0
DA:120,0
DA:121,0
DA:122,0
DA:124,0
DA:126,0
DA:129,0
DA:134,0
DA:135,0
DA:136,0
DA:138,0
DA:139,0
DA:143,0
DA:146,0
DA:147,0
DA:148,0
DA:150,0
DA:156,0
DA:157,0
DA:158,0
DA:159,0
DA:161,0
DA:162,0
DA:172,0
DA:173,0
DA:176,0
DA:180,0
DA:182,0
DA:196,0
DA:197,0
DA:199,0
DA:201,0
DA:206,0
DA:207,0
DA:208,0
DA:209,0
DA:211,0
DA:212,0
DA:216,0
DA:217,0
DA:218,0
DA:219,0
DA:221,0
DA:226,0
DA:233,0
DA:234,0
DA:236,0
DA:239,0
DA:243,0
LF:110
LH:0
BRDA:21,0,0,0
BRDA:21,0,1,0
BRDA:55,1,0,0
BRDA:55,1,1,0
BRDA:71,2,0,0
BRDA:71,2,1,0
BRDA:76,3,0,0
BRDA:76,3,1,0
BRDA:90,4,0,0
BRDA:90,4,1,0
BRDA:103,5,0,0
BRDA:103,5,1,0
BRDA:103,6,0,0
BRDA:103,6,1,0
BRDA:118,7,0,0
BRDA:118,7,1,0
BRDA:121,8,0,0
BRDA:121,8,1,0
BRDA:138,9,0,0
BRDA:138,9,1,0
BRDA:146,10,0,0
BRDA:146,10,1,0
BRDA:157,11,0,0
BRDA:157,11,1,0
BRDA:158,12,0,0
BRDA:158,12,1,0
BRDA:172,13,0,0
BRDA:172,13,1,0
BRDA:186,14,0,0
BRDA:186,14,1,0
BRDA:187,15,0,0
BRDA:187,15,1,0
BRDA:190,16,0,0
BRDA:190,16,1,0
BRDA:211,17,0,0
BRDA:211,17,1,0
BRDA:217,18,0,0
BRDA:217,18,1,0
BRF:38
BRH:0
end_of_record
TN:
SF:routes\customer.js
FN:12,(anonymous_0)
FN:30,(anonymous_1)
FN:40,(anonymous_2)
FN:55,(anonymous_3)
FN:56,(anonymous_4)
FN:58,(anonymous_5)
FN:72,(anonymous_6)
FN:84,(anonymous_7)
FN:89,(anonymous_8)
FN:95,(anonymous_9)
FN:105,(anonymous_10)
FNF:11
FNH:0
FNDA:0,(anonymous_0)
FNDA:0,(anonymous_1)
FNDA:0,(anonymous_2)
FNDA:0,(anonymous_3)
FNDA:0,(anonymous_4)
FNDA:0,(anonymous_5)
FNDA:0,(anonymous_6)
FNDA:0,(anonymous_7)
FNDA:0,(anonymous_8)
FNDA:0,(anonymous_9)
FNDA:0,(anonymous_10)
DA:1,0
DA:2,0
DA:3,0
DA:4,0
DA:5,0
DA:6,0
DA:7,0
DA:10,0
DA:12,0
DA:13,0
DA:14,0
DA:17,0
DA:30,0
DA:33,0
DA:34,0
DA:40,0
DA:42,0
DA:55,0
DA:56,0
DA:58,0
DA:59,0
DA:60,0
DA:61,0
DA:62,0
DA:65,0
DA:68,0
DA:72,0
DA:73,0
DA:74,0
DA:75,0
DA:77,0
DA:80,0
DA:84,0
DA:85,0
DA:89,0
DA:90,0
DA:94,0
DA:95,0
DA:96,0
DA:98,0
DA:101,0
DA:105,0
DA:106,0
DA:107,0
DA:108,0
DA:109,0
DA:112,0
DA:116,0
LF:48
LH:0
BRDA:14,0,0,0
BRDA:14,1,0,0
BRDA:60,2,0,0
BRDA:60,2,1,0
BRDA:61,3,0,0
BRDA:61,3,1,0
BRDA:75,4,0,0
BRDA:75,4,1,0
BRDA:90,5,0,0
BRDA:90,5,1,0
BRDA:95,6,0,0
BRDA:95,6,1,0
BRF:12
BRH:0
end_of_record
TN:
SF:routes\deliveryboy.js
FN:23,(anonymous_0)
FN:35,(anonymous_1)
FN:45,(anonymous_2)
FN:55,(anonymous_3)
FN:62,(anonymous_4)
FN:71,(anonymous_5)
FN:94,(anonymous_6)
FN:126,(anonymous_7)
FN:136,(anonymous_8)
FN:174,(anonymous_9)
FN:209,(anonymous_10)
FN:219,(anonymous_11)
FN:243,(anonymous_12)
FN:270,(anonymous_13)
FN:297,(anonymous_14)
FN:365,(anonymous_15)
FN:398,(anonymous_16)
FN:442,(anonymous_17)
FN:474,(anonymous_18)
FN:499,(anonymous_19)
FN:528,(anonymous_20)
FN:549,(anonymous_21)
FN:575,(anonymous_22)
FN:603,(anonymous_23)
FN:619,(anonymous_24)
FN:643,(anonymous_25)
FN:659,(anonymous_26)
FN:696,(anonymous_27)
FN:706,(anonymous_28)
FN:724,(anonymous_29)
FN:743,(anonymous_30)
FN:776,(anonymous_31)
FN:796,(anonymous_32)
FN:840,(anonymous_33)
FN:841,(anonymous_34)
FN:842,(anonymous_35)
FN:864,(anonymous_36)
FN:877,(anonymous_37)
FN:913,(anonymous_38)
FN:935,(anonymous_39)
FN:1003,(anonymous_40)
FN:1072,(anonymous_41)
FN:1139,(anonymous_42)
FN:1259,(anonymous_43)
FN:1265,(anonymous_44)
FN:1286,(anonymous_45)
FN:1355,(anonymous_46)
FNF:47
FNH:0
FNDA:0,(anonymous_0)
FNDA:0,(anonymous_1)
FNDA:0,(anonymous_2)
FNDA:0,(anonymous_3)
FNDA:0,(anonymous_4)
FNDA:0,(anonymous_5)
FNDA:0,(anonymous_6)
FNDA:0,(anonymous_7)
FNDA:0,(anonymous_8)
FNDA:0,(anonymous_9)
FNDA:0,(anonymous_10)
FNDA:0,(anonymous_11)
FNDA:0,(anonymous_12)
FNDA:0,(anonymous_13)
FNDA:0,(anonymous_14)
FNDA:0,(anonymous_15)
FNDA:0,(anonymous_16)
FNDA:0,(anonymous_17)
FNDA:0,(anonymous_18)
FNDA:0,(anonymous_19)
FNDA:0,(anonymous_20)
FNDA:0,(anonymous_21)
FNDA:0,(anonymous_22)
FNDA:0,(anonymous_23)
FNDA:0,(anonymous_24)
FNDA:0,(anonymous_25)
FNDA:0,(anonymous_26)
FNDA:0,(anonymous_27)
FNDA:0,(anonymous_28)
FNDA:0,(anonymous_29)
FNDA:0,(anonymous_30)
FNDA:0,(anonymous_31)
FNDA:0,(anonymous_32)
FNDA:0,(anonymous_33)
FNDA:0,(anonymous_34)
FNDA:0,(anonymous_35)
FNDA:0,(anonymous_36)
FNDA:0,(anonymous_37)
FNDA:0,(anonymous_38)
FNDA:0,(anonymous_39)
FNDA:0,(anonymous_40)
FNDA:0,(anonymous_41)
FNDA:0,(anonymous_42)
FNDA:0,(anonymous_43)
FNDA:0,(anonymous_44)
FNDA:0,(anonymous_45)
FNDA:0,(anonymous_46)
DA:1,0
DA:2,0
DA:3,0
DA:4,0
DA:5,0
DA:6,0
DA:7,0
DA:8,0
DA:9,0
DA:10,0
DA:11,0
DA:12,0
DA:13,0
DA:14,0
DA:15,0
DA:16,0
DA:17,0
DA:18,0
DA:19,0
DA:20,0
DA:23,0
DA:25,0
DA:26,0
DA:28,0
DA:32,0
DA:36,0
DA:37,0
DA:39,0
DA:45,0
DA:46,0
DA:47,0
DA:48,0
DA:49,0
DA:51,0
DA:55,0
DA:56,0
DA:62,0
DA:63,0
DA:64,0
DA:68,0
DA:69,0
DA:71,0
DA:72,0
DA:75,0
DA:76,0
DA:77,0
DA:80,0
DA:83,0
DA:86,0
DA:89,0
DA:94,0
DA:95,0
DA:96,0
DA:99,0
DA:100,0
DA:101,0
DA:105,0
DA:106,0
DA:113,0
DA:114,0
DA:118,0
DA:121,0
DA:122,0
DA:124,0
DA:125,0
DA:126,0
DA:127,0
DA:137,0
DA:138,0
DA:141,0
DA:143,0
DA:144,0
DA:148,0
DA:158,0
DA:161,0
DA:164,0
DA:165,0
DA:167,0
DA:169,0
DA:174,0
DA:175,0
DA:176,0
DA:177,0
DA:179,0
DA:180,0
DA:184,0
DA:185,0
DA:186,0
DA:187,0
DA:188,0
DA:190,0
DA:191,0
DA:192,0
DA:194,0
DA:198,0
DA:200,0
DA:201,0
DA:202,0
DA:204,0
DA:208,0
DA:209,0
DA:210,0
DA:220,0
DA:221,0
DA:224,0
DA:226,0
DA:227,0
DA:230,0
DA:232,0
DA:233,0
DA:235,0
DA:238,0
DA:243,0
DA:244,0
DA:245,0
DA:247,0
DA:248,0
DA:252,0
DA:253,0
DA:254,0
DA:256,0
DA:260,0
DA:262,0
DA:265,0
DA:270,0
DA:271,0
DA:272,0
DA:274,0
DA:275,0
DA:279,0
DA:280,0
DA:281,0
DA:282,0
DA:285,0
DA:287,0
DA:290,0
DA:297,0
DA:298,0
DA:299,0
DA:302,0
DA:305,0
DA:307,0
DA:308,0
DA:316,0
DA:319,0
DA:320,0
DA:323,0
DA:324,0
DA:327,0
DA:328,0
DA:329,0
DA:333,0
DA:334,0
DA:335,0
DA:338,0
DA:351,0
DA:352,0
DA:354,0
DA:355,0
DA:357,0
DA:360,0
DA:365,0
DA:366,0
DA:367,0
DA:369,0
DA:370,0
DA:372,0
DA:373,0
DA:377,0
DA:379,0
DA:380,0
DA:383,0
DA:384,0
DA:387,0
DA:388,0
DA:391,0
DA:393,0
DA:398,0
DA:399,0
DA:400,0
DA:402,0
DA:403,0
DA:405,0
DA:406,0
DA:409,0
DA:411,0
DA:412,0
DA:415,0
DA:416,0
DA:419,0
DA:421,0
DA:422,0
DA:425,0
DA:426,0
DA:427,0
DA:430,0
DA:431,0
DA:432,0
DA:434,0
DA:437,0
DA:442,0
DA:443,0
DA:444,0
DA:446,0
DA:447,0
DA:449,0
DA:450,0
DA:453,0
DA:456,0
DA:461,0
DA:464,0
DA:466,0
DA:469,0
DA:474,0
DA:475,0
DA:476,0
DA:478,0
DA:479,0
DA:481,0
DA:482,0
DA:486,0
DA:491,0
DA:494,0
DA:499,0
DA:500,0
DA:501,0
DA:503,0
DA:504,0
DA:506,0
DA:507,0
DA:510,0
DA:512,0
DA:513,0
DA:516,0
DA:518,0
DA:520,0
DA:523,0
DA:528,0
DA:529,0
DA:530,0
DA:532,0
DA:533,0
DA:535,0
DA:536,0
DA:539,0
DA:540,0
DA:542,0
DA:544,0
DA:549,0
DA:550,0
DA:551,0
DA:553,0
DA:554,0
DA:556,0
DA:557,0
DA:561,0
DA:562,0
DA:563,0
DA:564,0
DA:567,0
DA:570,0
DA:575,0
DA:576,0
DA:577,0
DA:579,0
DA:580,0
DA:582,0
DA:583,0
DA:587,0
DA:588,0
DA:589,0
DA:590,0
DA:591,0
DA:593,0
DA:596,0
DA:603,0
DA:604,0
DA:605,0
DA:611,0
DA:614,0
DA:619,0
DA:620,0
DA:622,0
DA:624,0
DA:635,0
DA:638,0
DA:643,0
DA:644,0
DA:645,0
DA:650,0
DA:653,0
DA:659,0
DA:660,0
DA:661,0
DA:662,0
DA:665,0
DA:673,0
DA:674,0
DA:679,0
DA:680,0
DA:686,0
DA:687,0
DA:690,0
DA:696,0
DA:697,0
DA:699,0
DA:700,0
DA:701,0
DA:706,0
DA:721,0
DA:722,0
DA:723,0
DA:724,0
DA:725,0
DA:732,0
DA:738,0
DA:743,0
DA:744,0
DA:745,0
DA:746,0
DA:748,0
DA:764,0
DA:771,0
DA:776,0
DA:777,0
DA:778,0
DA:780,0
DA:790,0
DA:796,0
DA:797,0
DA:798,0
DA:799,0
DA:802,0
DA:807,0
DA:808,0
DA:811,0
DA:812,0
DA:814,0
DA:815,0
DA:816,0
DA:817,0
DA:818,0
DA:819,0
DA:820,0
DA:821,0
DA:822,0
DA:823,0
DA:824,0
DA:825,0
DA:826,0
DA:827,0
DA:828,0
DA:829,0
DA:830,0
DA:831,0
DA:834,0
DA:840,0
DA:841,0
DA:842,0
DA:844,0
DA:856,0
DA:857,0
DA:864,0
DA:865,0
DA:866,0
DA:867,0
DA:868,0
DA:870,0
DA:871,0
DA:872,0
DA:877,0
DA:889,0
DA:890,0
DA:891,0
DA:892,0
DA:893,0
DA:898,0
DA:908,0
DA:913,0
DA:914,0
DA:915,0
DA:918,0
DA:923,0
DA:924,0
DA:927,0
DA:930,0
DA:935,0
DA:936,0
DA:937,0
DA:940,0
DA:965,0
DA:966,0
DA:970,0
DA:971,0
DA:974,0
DA:975,0
DA:976,0
DA:977,0
DA:978,0
DA:985,0
DA:994,0
DA:996,0
DA:998,0
DA:1003,0
DA:1004,0
DA:1005,0
DA:1008,0
DA:1009,0
DA:1010,0
DA:1013,0
DA:1033,0
DA:1034,0
DA:1037,0
DA:1040,0
DA:1043,0
DA:1044,0
DA:1045,0
DA:1046,0
DA:1047,0
DA:1054,0
DA:1063,0
DA:1065,0
DA:1067,0
DA:1072,0
DA:1073,0
DA:1074,0
DA:1077,0
DA:1078,0
DA:1079,0
DA:1082,0
DA:1101,0
DA:1102,0
DA:1105,0
DA:1108,0
DA:1111,0
DA:1112,0
DA:1113,0
DA:1114,0
DA:1121,0
DA:1129,0
DA:1131,0
DA:1134,0
DA:1139,0
DA:1140,0
DA:1141,0
DA:1142,0
DA:1145,0
DA:1151,0
DA:1152,0
DA:1156,0
DA:1157,0
DA:1166,0
DA:1167,0
DA:1169,0
DA:1171,0
DA:1172,0
DA:1174,0
DA:1178,0
DA:1179,0
DA:1180,0
DA:1183,0
DA:1208,0
DA:1209,0
DA:1212,0
DA:1215,0
DA:1216,0
DA:1217,0
DA:1222,0
DA:1223,0
DA:1226,0
DA:1227,0
DA:1228,0
DA:1229,0
DA:1231,0
DA:1232,0
DA:1239,0
DA:1248,0
DA:1255,0
DA:1256,0
DA:1259,0
DA:1260,0
DA:1265,0
DA:1266,0
DA:1267,0
DA:1271,0
DA:1272,0
DA:1274,0
DA:1278,0
DA:1281,0
DA:1286,0
DA:1287,0
DA:1288,0
DA:1290,0
DA:1297,0
DA:1298,0
DA:1302,0
DA:1310,0
DA:1311,0
DA:1314,0
DA:1315,0
DA:1316,0
DA:1317,0
DA:1319,0
DA:1321,0
DA:1323,0
DA:1324,0
DA:1325,0
DA:1326,0
DA:1327,0
DA:1328,0
DA:1329,0
DA:1331,0
DA:1333,0
DA:1337,0
DA:1339,0
DA:1350,0
DA:1355,0
DA:1356,0
DA:1357,0
DA:1358,0
DA:1360,0
DA:1366,0
DA:1367,0
DA:1371,0
DA:1372,0
DA:1377,0
DA:1378,0
DA:1380,0
DA:1382,0
DA:1383,0
DA:1384,0
DA:1388,0
DA:1414,0
DA:1415,0
DA:1417,0
DA:1418,0
DA:1421,0
DA:1422,0
DA:1423,0
DA:1424,0
DA:1426,0
DA:1427,0
DA:1434,0
DA:1442,0
DA:1443,0
DA:1446,0
DA:1453,0
DA:1458,0
DA:1459,0
DA:1462,0
DA:1466,0
LF:551
LH:0
BRDA:25,0,0,0
BRDA:25,0,1,0
BRDA:25,1,0,0
BRDA:25,1,1,0
BRDA:36,2,0,0
BRDA:36,2,1,0
BRDA:75,3,0,0
BRDA:75,3,1,0
BRDA:100,4,0,0
BRDA:100,4,1,0
BRDA:113,5,0,0
BRDA:113,5,1,0
BRDA:124,6,0,0
BRDA:124,6,1,0
BRDA:137,7,0,0
BRDA:137,7,1,0
BRDA:179,8,0,0
BRDA:179,8,1,0
BRDA:184,9,0,0
BRDA:184,9,1,0
BRDA:185,10,0,0
BRDA:185,10,1,0
BRDA:186,11,0,0
BRDA:186,11,1,0
BRDA:187,12,0,0
BRDA:187,12,1,0
BRDA:187,13,0,0
BRDA:187,13,1,0
BRDA:187,13,2,0
BRDA:188,14,0,0
BRDA:188,14,1,0
BRDA:190,15,0,0
BRDA:190,15,1,0
BRDA:190,16,0,0
BRDA:190,16,1,0
BRDA:191,17,0,0
BRDA:191,17,1,0
BRDA:198,18,0,0
BRDA:198,18,1,0
BRDA:200,19,0,0
BRDA:200,19,1,0
BRDA:220,20,0,0
BRDA:220,20,1,0
BRDA:247,21,0,0
BRDA:247,21,1,0
BRDA:252,22,0,0
BRDA:252,22,1,0
BRDA:274,23,0,0
BRDA:274,23,1,0
BRDA:302,24,0,0
BRDA:302,24,1,0
BRDA:305,25,0,0
BRDA:305,25,1,0
BRDA:319,26,0,0
BRDA:319,26,1,0
BRDA:323,27,0,0
BRDA:323,27,1,0
BRDA:328,28,0,0
BRDA:328,28,1,0
BRDA:367,29,0,0
BRDA:367,29,1,0
BRDA:372,30,0,0
BRDA:372,30,1,0
BRDA:379,31,0,0
BRDA:379,31,1,0
BRDA:383,32,0,0
BRDA:383,32,1,0
BRDA:387,33,0,0
BRDA:387,33,1,0
BRDA:400,34,0,0
BRDA:400,34,1,0
BRDA:405,35,0,0
BRDA:405,35,1,0
BRDA:411,36,0,0
BRDA:411,36,1,0
BRDA:411,37,0,0
BRDA:411,37,1,0
BRDA:415,38,0,0
BRDA:415,38,1,0
BRDA:421,39,0,0
BRDA:421,39,1,0
BRDA:426,40,0,0
BRDA:426,40,1,0
BRDA:444,41,0,0
BRDA:444,41,1,0
BRDA:449,42,0,0
BRDA:449,42,1,0
BRDA:458,43,0,0
BRDA:458,43,1,0
BRDA:476,44,0,0
BRDA:476,44,1,0
BRDA:481,45,0,0
BRDA:481,45,1,0
BRDA:501,46,0,0
BRDA:501,46,1,0
BRDA:506,47,0,0
BRDA:506,47,1,0
BRDA:512,48,0,0
BRDA:512,48,1,0
BRDA:530,49,0,0
BRDA:530,49,1,0
BRDA:535,50,0,0
BRDA:535,50,1,0
BRDA:551,51,0,0
BRDA:551,51,1,0
BRDA:556,52,0,0
BRDA:556,52,1,0
BRDA:562,53,0,0
BRDA:562,53,1,0
BRDA:562,54,0,0
BRDA:562,54,1,0
BRDA:577,55,0,0
BRDA:577,55,1,0
BRDA:582,56,0,0
BRDA:582,56,1,0
BRDA:588,57,0,0
BRDA:588,57,1,0
BRDA:588,58,0,0
BRDA:588,58,1,0
BRDA:668,59,0,0
BRDA:668,59,1,0
BRDA:673,60,0,0
BRDA:673,60,1,0
BRDA:686,61,0,0
BRDA:686,61,1,0
BRDA:686,62,0,0
BRDA:686,62,1,0
BRDA:700,63,0,0
BRDA:700,63,1,0
BRDA:704,64,0,0
BRDA:704,64,1,0
BRDA:705,65,0,0
BRDA:705,65,1,0
BRDA:708,66,0,0
BRDA:708,66,1,0
BRDA:709,67,0,0
BRDA:709,67,1,0
BRDA:711,68,0,0
BRDA:711,68,1,0
BRDA:712,69,0,0
BRDA:712,69,1,0
BRDA:722,70,0,0
BRDA:722,70,1,0
BRDA:722,71,0,0
BRDA:722,71,1,0
BRDA:725,72,0,0
BRDA:725,72,1,0
BRDA:725,72,2,0
BRDA:725,72,3,0
BRDA:735,73,0,0
BRDA:735,73,1,0
BRDA:781,74,0,0
BRDA:781,74,1,0
BRDA:782,75,0,0
BRDA:782,75,1,0
BRDA:783,76,0,0
BRDA:783,76,1,0
BRDA:785,77,0,0
BRDA:785,77,1,0
BRDA:786,78,0,0
BRDA:786,78,1,0
BRDA:798,79,0,0
BRDA:807,80,0,0
BRDA:807,80,1,0
BRDA:814,81,0,0
BRDA:814,81,1,0
BRDA:818,82,0,0
BRDA:818,82,1,0
BRDA:820,83,0,0
BRDA:820,83,1,0
BRDA:828,84,0,0
BRDA:828,84,1,0
BRDA:838,85,0,0
BRDA:838,85,1,0
BRDA:842,86,0,0
BRDA:842,86,1,0
BRDA:871,87,0,0
BRDA:871,87,1,0
BRDA:875,88,0,0
BRDA:875,88,1,0
BRDA:876,89,0,0
BRDA:876,89,1,0
BRDA:879,90,0,0
BRDA:879,90,1,0
BRDA:880,91,0,0
BRDA:880,91,1,0
BRDA:882,92,0,0
BRDA:882,92,1,0
BRDA:883,93,0,0
BRDA:883,93,1,0
BRDA:885,94,0,0
BRDA:885,94,1,0
BRDA:889,95,0,0
BRDA:889,95,1,0
BRDA:891,96,0,0
BRDA:891,96,1,0
BRDA:892,97,0,0
BRDA:892,97,1,0
BRDA:923,98,0,0
BRDA:923,98,1,0
BRDA:965,99,0,0
BRDA:965,99,1,0
BRDA:977,100,0,0
BRDA:977,100,1,0
BRDA:1009,101,0,0
BRDA:1009,101,1,0
BRDA:1033,102,0,0
BRDA:1033,102,1,0
BRDA:1046,103,0,0
BRDA:1046,103,1,0
BRDA:1078,104,0,0
BRDA:1078,104,1,0
BRDA:1101,105,0,0
BRDA:1101,105,1,0
BRDA:1113,106,0,0
BRDA:1113,106,1,0
BRDA:1151,107,0,0
BRDA:1151,107,1,0
BRDA:1156,108,0,0
BRDA:1156,108,1,0
BRDA:1156,109,0,0
BRDA:1156,109,1,0
BRDA:1169,110,0,0
BRDA:1169,110,1,0
BRDA:1172,111,0,0
BRDA:1172,111,1,0
BRDA:1179,112,0,0
BRDA:1179,112,1,0
BRDA:1201,113,0,0
BRDA:1201,113,1,0
BRDA:1208,114,0,0
BRDA:1208,114,1,0
BRDA:1216,115,0,0
BRDA:1216,115,1,0
BRDA:1216,116,0,0
BRDA:1216,116,1,0
BRDA:1231,117,0,0
BRDA:1231,117,1,0
BRDA:1251,118,0,0
BRDA:1251,118,1,0
BRDA:1297,119,0,0
BRDA:1297,119,1,0
BRDA:1306,120,0,0
BRDA:1306,120,1,0
BRDA:1315,121,0,0
BRDA:1315,121,1,0
BRDA:1319,122,0,0
BRDA:1319,122,1,0
BRDA:1341,123,0,0
BRDA:1341,123,1,0
BRDA:1347,124,0,0
BRDA:1347,124,1,0
BRDA:1366,125,0,0
BRDA:1366,125,1,0
BRDA:1378,126,0,0
BRDA:1378,126,1,0
BRDA:1380,127,0,0
BRDA:1380,127,1,0
BRDA:1383,128,0,0
BRDA:1383,128,1,0
BRDA:1401,129,0,0
BRDA:1401,129,1,0
BRDA:1414,130,0,0
BRDA:1414,130,1,0
BRDA:1426,131,0,0
BRDA:1426,131,1,0
BRDA:1455,132,0,0
BRDA:1455,132,1,0
BRF:268
BRH:0
end_of_record
TN:
SF:routes\flowEndpoint.js
FN:42,decryptRequest
FN:93,encryptResponse
FN:126,getFlowImages
FN:134,(anonymous_3)
FN:205,(anonymous_4)
FN:253,(anonymous_5)
FN:305,(anonymous_6)
FN:306,(anonymous_7)
FN:310,(anonymous_8)
FN:450,(anonymous_9)
FN:484,(anonymous_10)
FN:494,(anonymous_11)
FN:497,(anonymous_12)
FN:539,(anonymous_13)
FN:576,(anonymous_14)
FN:579,(anonymous_15)
FN:580,(anonymous_16)
FN:584,(anonymous_17)
FN:613,(anonymous_18)
FN:624,(anonymous_19)
FN:637,(anonymous_20)
FN:668,(anonymous_21)
FN:673,(anonymous_22)
FN:742,(anonymous_23)
FN:743,(anonymous_24)
FN:816,(anonymous_25)
FN:888,(anonymous_26)
FN:891,(anonymous_27)
FN:898,(anonymous_28)
FN:900,(anonymous_29)
FN:1099,(anonymous_30)
FN:1165,(anonymous_31)
FN:1172,(anonymous_32)
FN:1175,(anonymous_33)
FN:1219,(anonymous_34)
FN:1281,(anonymous_35)
FN:1286,(anonymous_36)
FN:1299,(anonymous_37)
FN:1328,(anonymous_38)
FN:1335,(anonymous_39)
FN:1395,(anonymous_40)
FN:1400,(anonymous_41)
FN:1407,(anonymous_42)
FN:1423,(anonymous_43)
FN:1424,(anonymous_44)
FN:1450,(anonymous_45)
FN:1456,(anonymous_46)
FN:1469,(anonymous_47)
FN:1592,(anonymous_48)
FN:1593,(anonymous_49)
FN:1594,(anonymous_50)
FN:1608,(anonymous_51)
FN:1609,(anonymous_52)
FN:1624,(anonymous_53)
FN:1703,(anonymous_54)
FN:1713,(anonymous_55)
FN:1739,(anonymous_56)
FN:1747,(anonymous_57)
FN:1761,(anonymous_58)
FN:1775,(anonymous_59)
FN:1776,(anonymous_60)
FN:1790,(anonymous_61)
FN:1794,(anonymous_62)
FN:1794,(anonymous_63)
FN:1823,(anonymous_64)
FN:1853,(anonymous_65)
FN:1857,(anonymous_66)
FN:1859,(anonymous_67)
FN:1875,(anonymous_68)
FN:1876,(anonymous_69)
FN:1911,(anonymous_70)
FN:1918,(anonymous_71)
FN:1965,(anonymous_72)
FN:1970,(anonymous_73)
FN:1977,(anonymous_74)
FN:1992,(anonymous_75)
FN:1993,(anonymous_76)
FN:2019,(anonymous_77)
FN:2025,(anonymous_78)
FN:2038,(anonymous_79)
FN:2105,(anonymous_80)
FN:2108,(anonymous_81)
FN:2108,(anonymous_82)
FN:2109,(anonymous_83)
FN:2109,(anonymous_84)
FN:2110,(anonymous_85)
FN:2110,(anonymous_86)
FN:2111,(anonymous_87)
FN:2111,(anonymous_88)
FN:2112,(anonymous_89)
FN:2112,(anonymous_90)
FN:2148,(anonymous_91)
FN:2215,(anonymous_92)
FN:2222,(anonymous_93)
FN:2235,(anonymous_94)
FN:2249,(anonymous_95)
FN:2326,(anonymous_96)
FN:2332,(anonymous_97)
FN:2351,(anonymous_98)
FN:2354,(anonymous_99)
FN:2357,(anonymous_100)
FNF:101
FNH:0
FNDA:0,decryptRequest
FNDA:0,encryptResponse
FNDA:0,getFlowImages
FNDA:0,(anonymous_3)
FNDA:0,(anonymous_4)
FNDA:0,(anonymous_5)
FNDA:0,(anonymous_6)
FNDA:0,(anonymous_7)
FNDA:0,(anonymous_8)
FNDA:0,(anonymous_9)
FNDA:0,(anonymous_10)
FNDA:0,(anonymous_11)
FNDA:0,(anonymous_12)
FNDA:0,(anonymous_13)
FNDA:0,(anonymous_14)
FNDA:0,(anonymous_15)
FNDA:0,(anonymous_16)
FNDA:0,(anonymous_17)
FNDA:0,(anonymous_18)
FNDA:0,(anonymous_19)
FNDA:0,(anonymous_20)
FNDA:0,(anonymous_21)
FNDA:0,(anonymous_22)
FNDA:0,(anonymous_23)
FNDA:0,(anonymous_24)
FNDA:0,(anonymous_25)
FNDA:0,(anonymous_26)
FNDA:0,(anonymous_27)
FNDA:0,(anonymous_28)
FNDA:0,(anonymous_29)
FNDA:0,(anonymous_30)
FNDA:0,(anonymous_31)
FNDA:0,(anonymous_32)
FNDA:0,(anonymous_33)
FNDA:0,(anonymous_34)
FNDA:0,(anonymous_35)
FNDA:0,(anonymous_36)
FNDA:0,(anonymous_37)
FNDA:0,(anonymous_38)
FNDA:0,(anonymous_39)
FNDA:0,(anonymous_40)
FNDA:0,(anonymous_41)
FNDA:0,(anonymous_42)
FNDA:0,(anonymous_43)
FNDA:0,(anonymous_44)
FNDA:0,(anonymous_45)
FNDA:0,(anonymous_46)
FNDA:0,(anonymous_47)
FNDA:0,(anonymous_48)
FNDA:0,(anonymous_49)
FNDA:0,(anonymous_50)
FNDA:0,(anonymous_51)
FNDA:0,(anonymous_52)
FNDA:0,(anonymous_53)
FNDA:0,(anonymous_54)
FNDA:0,(anonymous_55)
FNDA:0,(anonymous_56)
FNDA:0,(anonymous_57)
FNDA:0,(anonymous_58)
FNDA:0,(anonymous_59)
FNDA:0,(anonymous_60)
FNDA:0,(anonymous_61)
FNDA:0,(anonymous_62)
FNDA:0,(anonymous_63)
FNDA:0,(anonymous_64)
FNDA:0,(anonymous_65)
FNDA:0,(anonymous_66)
FNDA:0,(anonymous_67)
FNDA:0,(anonymous_68)
FNDA:0,(anonymous_69)
FNDA:0,(anonymous_70)
FNDA:0,(anonymous_71)
FNDA:0,(anonymous_72)
FNDA:0,(anonymous_73)
FNDA:0,(anonymous_74)
FNDA:0,(anonymous_75)
FNDA:0,(anonymous_76)
FNDA:0,(anonymous_77)
FNDA:0,(anonymous_78)
FNDA:0,(anonymous_79)
FNDA:0,(anonymous_80)
FNDA:0,(anonymous_81)
FNDA:0,(anonymous_82)
FNDA:0,(anonymous_83)
FNDA:0,(anonymous_84)
FNDA:0,(anonymous_85)
FNDA:0,(anonymous_86)
FNDA:0,(anonymous_87)
FNDA:0,(anonymous_88)
FNDA:0,(anonymous_89)
FNDA:0,(anonymous_90)
FNDA:0,(anonymous_91)
FNDA:0,(anonymous_92)
FNDA:0,(anonymous_93)
FNDA:0,(anonymous_94)
FNDA:0,(anonymous_95)
FNDA:0,(anonymous_96)
FNDA:0,(anonymous_97)
FNDA:0,(anonymous_98)
FNDA:0,(anonymous_99)
FNDA:0,(anonymous_100)
DA:15,0
DA:16,0
DA:17,0
DA:18,0
DA:19,0
DA:20,0
DA:21,0
DA:22,0
DA:23,0
DA:24,0
DA:25,0
DA:26,0
DA:27,0
DA:29,0
DA:34,0
DA:36,0
DA:37,0
DA:43,0
DA:45,0
DA:47,0
DA:48,0
DA:51,0
DA:52,0
DA:53,0
DA:54,0
DA:56,0
DA:59,0
DA:69,0
DA:70,0
DA:73,0
DA:74,0
DA:75,0
DA:77,0
DA:78,0
DA:80,0
DA:81,0
DA:83,0
DA:85,0
DA:86,0
DA:94,0
DA:96,0
DA:99,0
DA:101,0
DA:102,0
DA:103,0
DA:106,0
DA:107,0
DA:109,0
DA:115,0
DA:117,0
DA:118,0
DA:123,0
DA:124,0
DA:127,0
DA:128,0
DA:129,0
DA:132,0
DA:134,0
DA:149,0
DA:189,0
DA:205,0
DA:206,0
DA:207,0
DA:208,0
DA:211,0
DA:248,0
DA:253,0
DA:254,0
DA:258,0
DA:259,0
DA:261,0
DA:262,0
DA:265,0
DA:266,0
DA:271,0
DA:272,0
DA:273,0
DA:274,0
DA:275,0
DA:276,0
DA:278,0
DA:282,0
DA:283,0
DA:284,0
DA:285,0
DA:286,0
DA:287,0
DA:288,0
DA:290,0
DA:294,0
DA:296,0
DA:297,0
DA:298,0
DA:299,0
DA:300,0
DA:302,0
DA:304,0
DA:305,0
DA:306,0
DA:307,0
DA:310,0
DA:311,0
DA:312,0
DA:313,0
DA:314,0
DA:317,0
DA:318,0
DA:319,0
DA:320,0
DA:321,0
DA:322,0
DA:323,0
DA:325,0
DA:326,0
DA:327,0
DA:331,0
DA:332,0
DA:335,0
DA:342,0
DA:343,0
DA:344,0
DA:345,0
DA:346,0
DA:348,0
DA:349,0
DA:350,0
DA:351,0
DA:355,0
DA:358,0
DA:368,0
DA:369,0
DA:375,0
DA:376,0
DA:377,0
DA:378,0
DA:379,0
DA:381,0
DA:382,0
DA:383,0
DA:384,0
DA:387,0
DA:392,0
DA:393,0
DA:395,0
DA:397,0
DA:404,0
DA:405,0
DA:412,0
DA:420,0
DA:431,0
DA:434,0
DA:441,0
DA:443,0
DA:444,0
DA:445,0
DA:446,0
DA:447,0
DA:450,0
DA:451,0
DA:452,0
DA:453,0
DA:456,0
DA:457,0
DA:458,0
DA:459,0
DA:461,0
DA:462,0
DA:465,0
DA:473,0
DA:474,0
DA:478,0
DA:479,0
DA:480,0
DA:481,0
DA:482,0
DA:483,0
DA:484,0
DA:485,0
DA:486,0
DA:487,0
DA:490,0
DA:491,0
DA:493,0
DA:494,0
DA:495,0
DA:497,0
DA:498,0
DA:499,0
DA:500,0
DA:501,0
DA:503,0
DA:504,0
DA:505,0
DA:506,0
DA:507,0
DA:508,0
DA:509,0
DA:511,0
DA:512,0
DA:513,0
DA:517,0
DA:518,0
DA:520,0
DA:527,0
DA:528,0
DA:529,0
DA:530,0
DA:531,0
DA:535,0
DA:539,0
DA:540,0
DA:542,0
DA:552,0
DA:553,0
DA:561,0
DA:563,0
DA:564,0
DA:565,0
DA:566,0
DA:567,0
DA:568,0
DA:569,0
DA:576,0
DA:577,0
DA:579,0
DA:580,0
DA:582,0
DA:584,0
DA:585,0
DA:586,0
DA:587,0
DA:588,0
DA:591,0
DA:592,0
DA:593,0
DA:594,0
DA:596,0
DA:602,0
DA:603,0
DA:604,0
DA:606,0
DA:607,0
DA:609,0
DA:613,0
DA:614,0
DA:615,0
DA:616,0
DA:623,0
DA:624,0
DA:625,0
DA:626,0
DA:628,0
DA:632,0
DA:633,0
DA:634,0
DA:637,0
DA:639,0
DA:640,0
DA:644,0
DA:659,0
DA:660,0
DA:664,0
DA:665,0
DA:666,0
DA:667,0
DA:668,0
DA:669,0
DA:673,0
DA:675,0
DA:676,0
DA:678,0
DA:680,0
DA:685,0
DA:686,0
DA:687,0
DA:689,0
DA:692,0
DA:693,0
DA:701,0
DA:707,0
DA:708,0
DA:713,0
DA:715,0
DA:726,0
DA:729,0
DA:730,0
DA:731,0
DA:733,0
DA:735,0
DA:736,0
DA:737,0
DA:741,0
DA:742,0
DA:743,0
DA:745,0
DA:746,0
DA:747,0
DA:749,0
DA:751,0
DA:756,0
DA:757,0
DA:758,0
DA:760,0
DA:763,0
DA:772,0
DA:786,0
DA:787,0
DA:792,0
DA:794,0
DA:795,0
DA:798,0
DA:808,0
DA:809,0
DA:815,0
DA:816,0
DA:817,0
DA:818,0
DA:819,0
DA:820,0
DA:822,0
DA:829,0
DA:830,0
DA:832,0
DA:835,0
DA:844,0
DA:858,0
DA:860,0
DA:873,0
DA:875,0
DA:876,0
DA:878,0
DA:879,0
DA:880,0
DA:888,0
DA:889,0
DA:890,0
DA:891,0
DA:892,0
DA:893,0
DA:897,0
DA:898,0
DA:900,0
DA:904,0
DA:905,0
DA:906,0
DA:907,0
DA:908,0
DA:909,0
DA:910,0
DA:911,0
DA:912,0
DA:914,0
DA:925,0
DA:926,0
DA:927,0
DA:928,0
DA:931,0
DA:934,0
DA:935,0
DA:944,0
DA:958,0
DA:959,0
DA:972,0
DA:974,0
DA:975,0
DA:977,0
DA:978,0
DA:987,0
DA:988,0
DA:989,0
DA:990,0
DA:994,0
DA:995,0
DA:996,0
DA:999,0
DA:1002,0
DA:1003,0
DA:1007,0
DA:1022,0
DA:1023,0
DA:1036,0
DA:1038,0
DA:1039,0
DA:1046,0
DA:1051,0
DA:1052,0
DA:1058,0
DA:1062,0
DA:1073,0
DA:1077,0
DA:1078,0
DA:1080,0
DA:1088,0
DA:1089,0
DA:1098,0
DA:1099,0
DA:1100,0
DA:1101,0
DA:1102,0
DA:1103,0
DA:1105,0
DA:1112,0
DA:1113,0
DA:1115,0
DA:1118,0
DA:1127,0
DA:1141,0
DA:1142,0
DA:1155,0
DA:1157,0
DA:1158,0
DA:1159,0
DA:1161,0
DA:1162,0
DA:1164,0
DA:1165,0
DA:1166,0
DA:1167,0
DA:1168,0
DA:1171,0
DA:1172,0
DA:1173,0
DA:1175,0
DA:1176,0
DA:1177,0
DA:1178,0
DA:1181,0
DA:1182,0
DA:1183,0
DA:1184,0
DA:1185,0
DA:1186,0
DA:1188,0
DA:1192,0
DA:1193,0
DA:1195,0
DA:1202,0
DA:1203,0
DA:1204,0
DA:1205,0
DA:1206,0
DA:1208,0
DA:1209,0
DA:1210,0
DA:1211,0
DA:1215,0
DA:1219,0
DA:1220,0
DA:1221,0
DA:1223,0
DA:1225,0
DA:1235,0
DA:1245,0
DA:1246,0
DA:1257,0
DA:1272,0
DA:1273,0
DA:1274,0
DA:1275,0
DA:1276,0
DA:1279,0
DA:1280,0
DA:1281,0
DA:1282,0
DA:1286,0
DA:1288,0
DA:1289,0
DA:1291,0
DA:1293,0
DA:1298,0
DA:1299,0
DA:1300,0
DA:1302,0
DA:1305,0
DA:1306,0
DA:1315,0
DA:1318,0
DA:1319,0
DA:1323,0
DA:1325,0
DA:1326,0
DA:1327,0
DA:1328,0
DA:1329,0
DA:1330,0
DA:1331,0
DA:1334,0
DA:1335,0
DA:1336,0
DA:1337,0
DA:1338,0
DA:1339,0
DA:1340,0
DA:1341,0
DA:1342,0
DA:1344,0
DA:1347,0
DA:1350,0
DA:1355,0
DA:1356,0
DA:1357,0
DA:1359,0
DA:1368,0
DA:1369,0
DA:1386,0
DA:1387,0
DA:1388,0
DA:1389,0
DA:1391,0
DA:1393,0
DA:1394,0
DA:1395,0
DA:1397,0
DA:1398,0
DA:1399,0
DA:1400,0
DA:1401,0
DA:1402,0
DA:1403,0
DA:1406,0
DA:1407,0
DA:1408,0
DA:1409,0
DA:1410,0
DA:1411,0
DA:1412,0
DA:1413,0
DA:1414,0
DA:1416,0
DA:1419,0
DA:1422,0
DA:1423,0
DA:1424,0
DA:1427,0
DA:1431,0
DA:1432,0
DA:1434,0
DA:1443,0
DA:1444,0
DA:1446,0
DA:1448,0
DA:1449,0
DA:1450,0
DA:1452,0
DA:1456,0
DA:1458,0
DA:1459,0
DA:1461,0
DA:1463,0
DA:1468,0
DA:1469,0
DA:1470,0
DA:1472,0
DA:1475,0
DA:1476,0
DA:1485,0
DA:1491,0
DA:1492,0
DA:1499,0
DA:1515,0
DA:1516,0
DA:1517,0
DA:1519,0
DA:1520,0
DA:1525,0
DA:1526,0
DA:1528,0
DA:1538,0
DA:1544,0
DA:1551,0
DA:1552,0
DA:1553,0
DA:1556,0
DA:1557,0
DA:1558,0
DA:1559,0
DA:1562,0
DA:1563,0
DA:1568,0
DA:1571,0
DA:1572,0
DA:1573,0
DA:1574,0
DA:1575,0
DA:1579,0
DA:1580,0
DA:1581,0
DA:1582,0
DA:1583,0
DA:1584,0
DA:1585,0
DA:1589,0
DA:1590,0
DA:1591,0
DA:1592,0
DA:1593,0
DA:1594,0
DA:1595,0
DA:1596,0
DA:1598,0
DA:1600,0
DA:1601,0
DA:1602,0
DA:1603,0
DA:1604,0
DA:1608,0
DA:1609,0
DA:1610,0
DA:1615,0
DA:1616,0
DA:1617,0
DA:1619,0
DA:1623,0
DA:1624,0
DA:1625,0
DA:1626,0
DA:1627,0
DA:1628,0
DA:1629,0
DA:1631,0
DA:1651,0
DA:1666,0
DA:1667,0
DA:1684,0
DA:1685,0
DA:1686,0
DA:1688,0
DA:1689,0
DA:1697,0
DA:1698,0
DA:1699,0
DA:1700,0
DA:1701,0
DA:1702,0
DA:1703,0
DA:1704,0
DA:1705,0
DA:1706,0
DA:1713,0
DA:1727,0
DA:1728,0
DA:1729,0
DA:1730,0
DA:1731,0
DA:1734,0
DA:1738,0
DA:1739,0
DA:1747,0
DA:1748,0
DA:1749,0
DA:1750,0
DA:1751,0
DA:1752,0
DA:1753,0
DA:1754,0
DA:1755,0
DA:1757,0
DA:1761,0
DA:1767,0
DA:1768,0
DA:1769,0
DA:1770,0
DA:1774,0
DA:1775,0
DA:1776,0
DA:1778,0
DA:1779,0
DA:1781,0
DA:1782,0
DA:1790,0
DA:1792,0
DA:1794,0
DA:1795,0
DA:1796,0
DA:1797,0
DA:1798,0
DA:1799,0
DA:1800,0
DA:1801,0
DA:1803,0
DA:1808,0
DA:1809,0
DA:1810,0
DA:1811,0
DA:1812,0
DA:1814,0
DA:1817,0
DA:1822,0
DA:1823,0
DA:1824,0
DA:1826,0
DA:1829,0
DA:1830,0
DA:1839,0
DA:1842,0
DA:1843,0
DA:1848,0
DA:1849,0
DA:1850,0
DA:1851,0
DA:1852,0
DA:1853,0
DA:1856,0
DA:1857,0
DA:1858,0
DA:1859,0
DA:1860,0
DA:1861,0
DA:1862,0
DA:1863,0
DA:1864,0
DA:1865,0
DA:1867,0
DA:1870,0
DA:1874,0
DA:1875,0
DA:1876,0
DA:1880,0
DA:1884,0
DA:1885,0
DA:1887,0
DA:1896,0
DA:1897,0
DA:1902,0
DA:1903,0
DA:1904,0
DA:1905,0
DA:1906,0
DA:1908,0
DA:1909,0
DA:1910,0
DA:1911,0
DA:1912,0
DA:1913,0
DA:1914,0
DA:1917,0
DA:1918,0
DA:1919,0
DA:1920,0
DA:1921,0
DA:1922,0
DA:1923,0
DA:1924,0
DA:1926,0
DA:1929,0
DA:1932,0
DA:1937,0
DA:1938,0
DA:1939,0
DA:1941,0
DA:1950,0
DA:1951,0
DA:1956,0
DA:1957,0
DA:1958,0
DA:1959,0
DA:1961,0
DA:1963,0
DA:1964,0
DA:1965,0
DA:1967,0
DA:1968,0
DA:1969,0
DA:1970,0
DA:1971,0
DA:1972,0
DA:1973,0
DA:1976,0
DA:1977,0
DA:1978,0
DA:1979,0
DA:1980,0
DA:1981,0
DA:1982,0
DA:1983,0
DA:1985,0
DA:1988,0
DA:1991,0
DA:1992,0
DA:1993,0
DA:1996,0
DA:2000,0
DA:2001,0
DA:2003,0
DA:2012,0
DA:2013,0
DA:2015,0
DA:2017,0
DA:2018,0
DA:2019,0
DA:2021,0
DA:2025,0
DA:2027,0
DA:2028,0
DA:2030,0
DA:2032,0
DA:2037,0
DA:2038,0
DA:2039,0
DA:2041,0
DA:2044,0
DA:2045,0
DA:2053,0
DA:2059,0
DA:2060,0
DA:2067,0
DA:2090,0
DA:2091,0
DA:2092,0
DA:2097,0
DA:2098,0
DA:2100,0
DA:2101,0
DA:2102,0
DA:2104,0
DA:2105,0
DA:2107,0
DA:2108,0
DA:2109,0
DA:2110,0
DA:2111,0
DA:2112,0
DA:2115,0
DA:2122,0
DA:2124,0
DA:2127,0
DA:2128,0
DA:2130,0
DA:2134,0
DA:2136,0
DA:2137,0
DA:2138,0
DA:2141,0
DA:2148,0
DA:2150,0
DA:2151,0
DA:2160,0
DA:2169,0
DA:2170,0
DA:2178,0
DA:2179,0
DA:2180,0
DA:2182,0
DA:2183,0
DA:2184,0
DA:2185,0
DA:2187,0
DA:2190,0
DA:2202,0
DA:2211,0
DA:2212,0
DA:2213,0
DA:2214,0
DA:2215,0
DA:2217,0
DA:2218,0
DA:2221,0
DA:2222,0
DA:2225,0
DA:2226,0
DA:2227,0
DA:2230,0
DA:2231,0
DA:2233,0
DA:2234,0
DA:2235,0
DA:2236,0
DA:2237,0
DA:2238,0
DA:2243,0
DA:2244,0
DA:2249,0
DA:2255,0
DA:2256,0
DA:2257,0
DA:2258,0
DA:2259,0
DA:2260,0
DA:2261,0
DA:2271,0
DA:2272,0
DA:2275,0
DA:2281,0
DA:2282,0
DA:2283,0
DA:2287,0
DA:2295,0
DA:2296,0
DA:2297,0
DA:2298,0
DA:2299,0
DA:2300,0
DA:2309,0
DA:2311,0
DA:2314,0
DA:2315,0
DA:2316,0
DA:2318,0
DA:2322,0
DA:2325,0
DA:2326,0
DA:2330,0
DA:2331,0
DA:2332,0
DA:2336,0
DA:2348,0
DA:2349,0
DA:2350,0
DA:2351,0
DA:2352,0
DA:2354,0
DA:2355,0
DA:2356,0
DA:2357,0
DA:2358,0
DA:2360,0
DA:2361,0
DA:2363,0
DA:2366,0
DA:2367,0
DA:2371,0
DA:2377,0
DA:2378,0
DA:2394,0
DA:2395,0
DA:2396,0
DA:2406,0
DA:2407,0
DA:2408,0
DA:2418,0
DA:2420,0
DA:2422,0
DA:2423,0
DA:2427,0
DA:2430,0
DA:2431,0
DA:2435,0
LF:937
LH:0
BRDA:34,0,0,0
BRDA:34,0,1,0
BRDA:37,1,0,0
BRDA:37,1,1,0
BRDA:45,2,0,0
BRDA:45,2,1,0
BRDA:53,3,0,0
BRDA:53,3,1,0
BRDA:94,4,0,0
BRDA:94,4,1,0
BRDA:94,5,0,0
BRDA:94,5,1,0
BRDA:128,6,0,0
BRDA:128,6,1,0
BRDA:128,7,0,0
BRDA:128,7,1,0
BRDA:207,8,0,0
BRDA:207,8,1,0
BRDA:220,9,0,0
BRDA:220,9,1,0
BRDA:235,10,0,0
BRDA:235,10,1,0
BRDA:236,11,0,0
BRDA:236,11,1,0
BRDA:237,12,0,0
BRDA:237,12,1,0
BRDA:238,13,0,0
BRDA:238,13,1,0
BRDA:239,14,0,0
BRDA:239,14,1,0
BRDA:240,15,0,0
BRDA:240,15,1,0
BRDA:241,16,0,0
BRDA:241,16,1,0
BRDA:242,17,0,0
BRDA:242,17,1,0
BRDA:243,18,0,0
BRDA:243,18,1,0
BRDA:244,19,0,0
BRDA:244,19,1,0
BRDA:271,20,0,0
BRDA:271,20,1,0
BRDA:274,21,0,0
BRDA:274,21,1,0
BRDA:282,22,0,0
BRDA:282,22,1,0
BRDA:286,23,0,0
BRDA:286,23,1,0
BRDA:294,24,0,0
BRDA:294,24,1,0
BRDA:296,25,0,0
BRDA:296,25,1,0
BRDA:300,26,0,0
BRDA:300,26,1,0
BRDA:313,27,0,0
BRDA:313,27,1,0
BRDA:314,28,0,0
BRDA:314,28,1,0
BRDA:314,29,0,0
BRDA:314,29,1,0
BRDA:317,30,0,0
BRDA:317,30,1,0
BRDA:317,31,0,0
BRDA:317,31,1,0
BRDA:319,32,0,0
BRDA:319,32,1,0
BRDA:319,33,0,0
BRDA:319,33,1,0
BRDA:321,34,0,0
BRDA:321,34,1,0
BRDA:321,35,0,0
BRDA:321,35,1,0
BRDA:325,36,0,0
BRDA:325,36,1,0
BRDA:325,37,0,0
BRDA:325,37,1,0
BRDA:327,38,0,0
BRDA:327,38,1,0
BRDA:327,39,0,0
BRDA:327,39,1,0
BRDA:327,39,2,0
BRDA:343,40,0,0
BRDA:343,40,1,0
BRDA:343,41,0,0
BRDA:343,41,1,0
BRDA:345,42,0,0
BRDA:345,42,1,0
BRDA:348,43,0,0
BRDA:348,43,1,0
BRDA:351,44,0,0
BRDA:351,44,1,0
BRDA:375,45,0,0
BRDA:375,45,1,0
BRDA:383,46,0,0
BRDA:383,46,1,0
BRDA:401,47,0,0
BRDA:401,47,1,0
BRDA:404,48,0,0
BRDA:404,48,1,0
BRDA:409,49,0,0
BRDA:409,49,1,0
BRDA:416,50,0,0
BRDA:416,50,1,0
BRDA:441,51,0,0
BRDA:441,51,1,0
BRDA:452,52,0,0
BRDA:452,52,1,0
BRDA:457,53,0,0
BRDA:457,53,1,0
BRDA:478,54,0,0
BRDA:478,54,1,0
BRDA:484,55,0,0
BRDA:484,55,1,0
BRDA:485,56,0,0
BRDA:485,56,1,0
BRDA:486,57,0,0
BRDA:486,57,1,0
BRDA:486,58,0,0
BRDA:486,58,1,0
BRDA:490,59,0,0
BRDA:490,59,1,0
BRDA:500,60,0,0
BRDA:500,60,1,0
BRDA:501,61,0,0
BRDA:501,61,1,0
BRDA:501,62,0,0
BRDA:501,62,1,0
BRDA:503,63,0,0
BRDA:503,63,1,0
BRDA:503,64,0,0
BRDA:503,64,1,0
BRDA:505,65,0,0
BRDA:505,65,1,0
BRDA:505,66,0,0
BRDA:505,66,1,0
BRDA:507,67,0,0
BRDA:507,67,1,0
BRDA:507,68,0,0
BRDA:507,68,1,0
BRDA:511,69,0,0
BRDA:511,69,1,0
BRDA:511,70,0,0
BRDA:511,70,1,0
BRDA:513,71,0,0
BRDA:513,71,1,0
BRDA:513,72,0,0
BRDA:513,72,1,0
BRDA:513,72,2,0
BRDA:527,73,0,0
BRDA:527,73,1,0
BRDA:527,73,2,0
BRDA:528,74,0,0
BRDA:528,74,1,0
BRDA:531,75,0,0
BRDA:531,75,1,0
BRDA:561,76,0,0
BRDA:561,76,1,0
BRDA:568,77,0,0
BRDA:568,77,1,0
BRDA:579,78,0,0
BRDA:579,78,1,0
BRDA:582,79,0,0
BRDA:582,79,1,0
BRDA:585,80,0,0
BRDA:585,80,1,0
BRDA:585,81,0,0
BRDA:585,81,1,0
BRDA:587,82,0,0
BRDA:587,82,1,0
BRDA:587,83,0,0
BRDA:587,83,1,0
BRDA:588,84,0,0
BRDA:588,84,1,0
BRDA:592,85,0,0
BRDA:592,85,1,0
BRDA:593,86,0,0
BRDA:593,86,1,0
BRDA:593,87,0,0
BRDA:593,87,1,0
BRDA:603,88,0,0
BRDA:603,88,1,0
BRDA:606,89,0,0
BRDA:606,89,1,0
BRDA:607,90,0,0
BRDA:607,90,1,0
BRDA:613,91,0,0
BRDA:613,91,1,0
BRDA:613,92,0,0
BRDA:613,92,1,0
BRDA:614,93,0,0
BRDA:614,93,1,0
BRDA:615,94,0,0
BRDA:615,94,1,0
BRDA:616,95,0,0
BRDA:616,95,1,0
BRDA:632,96,0,0
BRDA:632,96,1,0
BRDA:639,97,0,0
BRDA:639,97,1,0
BRDA:640,98,0,0
BRDA:640,98,1,0
BRDA:641,99,0,0
BRDA:641,99,1,0
BRDA:642,100,0,0
BRDA:642,100,1,0
BRDA:642,101,0,0
BRDA:642,101,1,0
BRDA:650,102,0,0
BRDA:650,102,1,0
BRDA:664,103,0,0
BRDA:664,103,1,0
BRDA:675,104,0,0
BRDA:675,104,1,0
BRDA:675,105,0,0
BRDA:675,105,1,0
BRDA:676,106,0,0
BRDA:676,106,1,0
BRDA:678,107,0,0
BRDA:678,107,1,0
BRDA:685,108,0,0
BRDA:685,108,1,0
BRDA:687,109,0,0
BRDA:687,109,1,0
BRDA:692,110,0,0
BRDA:692,110,1,0
BRDA:719,111,0,0
BRDA:719,111,1,0
BRDA:726,112,0,0
BRDA:726,112,1,0
BRDA:729,113,0,0
BRDA:729,113,1,0
BRDA:731,114,0,0
BRDA:731,114,1,0
BRDA:731,114,2,0
BRDA:733,115,0,0
BRDA:733,115,1,0
BRDA:741,116,0,0
BRDA:741,116,1,0
BRDA:745,117,0,0
BRDA:745,117,1,0
BRDA:745,118,0,0
BRDA:745,118,1,0
BRDA:747,119,0,0
BRDA:747,119,1,0
BRDA:749,120,0,0
BRDA:749,120,1,0
BRDA:756,121,0,0
BRDA:756,121,1,0
BRDA:758,122,0,0
BRDA:758,122,1,0
BRDA:792,123,0,0
BRDA:792,123,1,0
BRDA:815,124,0,0
BRDA:815,124,1,0
BRDA:817,125,0,0
BRDA:817,125,1,0
BRDA:820,126,0,0
BRDA:820,126,1,0
BRDA:825,127,0,0
BRDA:825,127,1,0
BRDA:830,128,0,0
BRDA:830,128,1,0
BRDA:873,129,0,0
BRDA:873,129,1,0
BRDA:889,130,0,0
BRDA:889,130,1,0
BRDA:889,131,0,0
BRDA:889,131,1,0
BRDA:890,132,0,0
BRDA:890,132,1,0
BRDA:893,133,0,0
BRDA:893,133,1,0
BRDA:897,134,0,0
BRDA:897,134,1,0
BRDA:905,135,0,0
BRDA:905,135,1,0
BRDA:905,136,0,0
BRDA:905,136,1,0
BRDA:907,137,0,0
BRDA:907,137,1,0
BRDA:907,138,0,0
BRDA:907,138,1,0
BRDA:909,139,0,0
BRDA:909,139,1,0
BRDA:909,140,0,0
BRDA:909,140,1,0
BRDA:911,141,0,0
BRDA:911,141,1,0
BRDA:911,142,0,0
BRDA:911,142,1,0
BRDA:912,143,0,0
BRDA:912,143,1,0
BRDA:912,144,0,0
BRDA:912,144,1,0
BRDA:918,145,0,0
BRDA:918,145,1,0
BRDA:918,145,2,0
BRDA:918,145,3,0
BRDA:918,145,4,0
BRDA:921,146,0,0
BRDA:921,146,1,0
BRDA:921,146,2,0
BRDA:925,147,0,0
BRDA:925,147,1,0
BRDA:926,148,0,0
BRDA:926,148,1,0
BRDA:928,149,0,0
BRDA:928,149,1,0
BRDA:972,150,0,0
BRDA:972,150,1,0
BRDA:994,151,0,0
BRDA:994,151,1,0
BRDA:995,152,0,0
BRDA:995,152,1,0
BRDA:996,153,0,0
BRDA:996,153,1,0
BRDA:1002,154,0,0
BRDA:1002,154,1,0
BRDA:1003,155,0,0
BRDA:1003,155,1,0
BRDA:1015,156,0,0
BRDA:1015,156,1,0
BRDA:1016,157,0,0
BRDA:1016,157,1,0
BRDA:1031,158,0,0
BRDA:1031,158,1,0
BRDA:1036,159,0,0
BRDA:1036,159,1,0
BRDA:1046,160,0,0
BRDA:1046,160,1,0
BRDA:1058,161,0,0
BRDA:1058,161,1,0
BRDA:1073,162,0,0
BRDA:1073,162,1,0
BRDA:1098,163,0,0
BRDA:1098,163,1,0
BRDA:1100,164,0,0
BRDA:1100,164,1,0
BRDA:1103,165,0,0
BRDA:1103,165,1,0
BRDA:1108,166,0,0
BRDA:1108,166,1,0
BRDA:1113,167,0,0
BRDA:1113,167,1,0
BRDA:1155,168,0,0
BRDA:1155,168,1,0
BRDA:1165,169,0,0
BRDA:1165,169,1,0
BRDA:1166,170,0,0
BRDA:1166,170,1,0
BRDA:1167,171,0,0
BRDA:1167,171,1,0
BRDA:1167,172,0,0
BRDA:1167,172,1,0
BRDA:1171,173,0,0
BRDA:1171,173,1,0
BRDA:1178,174,0,0
BRDA:1178,174,1,0
BRDA:1181,175,0,0
BRDA:1181,175,1,0
BRDA:1181,176,0,0
BRDA:1181,176,1,0
BRDA:1183,177,0,0
BRDA:1183,177,1,0
BRDA:1183,177,2,0
BRDA:1184,178,0,0
BRDA:1184,178,1,0
BRDA:1184,179,0,0
BRDA:1184,179,1,0
BRDA:1186,180,0,0
BRDA:1186,180,1,0
BRDA:1186,181,0,0
BRDA:1186,181,1,0
BRDA:1188,182,0,0
BRDA:1188,182,1,0
BRDA:1188,183,0,0
BRDA:1188,183,1,0
BRDA:1203,184,0,0
BRDA:1203,184,1,0
BRDA:1203,185,0,0
BRDA:1203,185,1,0
BRDA:1205,186,0,0
BRDA:1205,186,1,0
BRDA:1208,187,0,0
BRDA:1208,187,1,0
BRDA:1211,188,0,0
BRDA:1211,188,1,0
BRDA:1220,189,0,0
BRDA:1220,189,1,0
BRDA:1221,190,0,0
BRDA:1221,190,1,0
BRDA:1272,191,0,0
BRDA:1272,191,1,0
BRDA:1273,192,0,0
BRDA:1273,192,1,0
BRDA:1273,192,2,0
BRDA:1279,193,0,0
BRDA:1279,193,1,0
BRDA:1288,194,0,0
BRDA:1288,194,1,0
BRDA:1288,195,0,0
BRDA:1288,195,1,0
BRDA:1289,196,0,0
BRDA:1289,196,1,0
BRDA:1291,197,0,0
BRDA:1291,197,1,0
BRDA:1298,198,0,0
BRDA:1298,198,1,0
BRDA:1300,199,0,0
BRDA:1300,199,1,0
BRDA:1305,200,0,0
BRDA:1305,200,1,0
BRDA:1328,201,0,0
BRDA:1328,201,1,0
BRDA:1329,202,0,0
BRDA:1329,202,1,0
BRDA:1330,203,0,0
BRDA:1330,203,1,0
BRDA:1330,204,0,0
BRDA:1330,204,1,0
BRDA:1337,205,0,0
BRDA:1337,205,1,0
BRDA:1338,206,0,0
BRDA:1338,206,1,0
BRDA:1338,207,0,0
BRDA:1338,207,1,0
BRDA:1340,208,0,0
BRDA:1340,208,1,0
BRDA:1340,209,0,0
BRDA:1340,209,1,0
BRDA:1342,210,0,0
BRDA:1342,210,1,0
BRDA:1342,211,0,0
BRDA:1342,211,1,0
BRDA:1344,212,0,0
BRDA:1344,212,1,0
BRDA:1344,213,0,0
BRDA:1344,213,1,0
BRDA:1355,214,0,0
BRDA:1355,214,1,0
BRDA:1356,215,0,0
BRDA:1356,215,1,0
BRDA:1357,216,0,0
BRDA:1357,216,1,0
BRDA:1363,217,0,0
BRDA:1363,217,1,0
BRDA:1386,218,0,0
BRDA:1386,218,1,0
BRDA:1387,219,0,0
BRDA:1387,219,1,0
BRDA:1387,219,2,0
BRDA:1391,220,0,0
BRDA:1391,220,1,0
BRDA:1400,221,0,0
BRDA:1400,221,1,0
BRDA:1401,222,0,0
BRDA:1401,222,1,0
BRDA:1402,223,0,0
BRDA:1402,223,1,0
BRDA:1402,224,0,0
BRDA:1402,224,1,0
BRDA:1409,225,0,0
BRDA:1409,225,1,0
BRDA:1410,226,0,0
BRDA:1410,226,1,0
BRDA:1410,227,0,0
BRDA:1410,227,1,0
BRDA:1412,228,0,0
BRDA:1412,228,1,0
BRDA:1412,229,0,0
BRDA:1412,229,1,0
BRDA:1414,230,0,0
BRDA:1414,230,1,0
BRDA:1414,231,0,0
BRDA:1414,231,1,0
BRDA:1416,232,0,0
BRDA:1416,232,1,0
BRDA:1416,233,0,0
BRDA:1416,233,1,0
BRDA:1431,234,0,0
BRDA:1431,234,1,0
BRDA:1432,235,0,0
BRDA:1432,235,1,0
BRDA:1437,236,0,0
BRDA:1437,236,1,0
BRDA:1446,237,0,0
BRDA:1446,237,1,0
BRDA:1458,238,0,0
BRDA:1458,238,1,0
BRDA:1458,239,0,0
BRDA:1458,239,1,0
BRDA:1459,240,0,0
BRDA:1459,240,1,0
BRDA:1461,241,0,0
BRDA:1461,241,1,0
BRDA:1468,242,0,0
BRDA:1468,242,1,0
BRDA:1470,243,0,0
BRDA:1470,243,1,0
BRDA:1475,244,0,0
BRDA:1475,244,1,0
BRDA:1515,245,0,0
BRDA:1515,245,1,0
BRDA:1517,246,0,0
BRDA:1517,246,1,0
BRDA:1517,246,2,0
BRDA:1525,247,0,0
BRDA:1525,247,1,0
BRDA:1551,248,0,0
BRDA:1551,248,1,0
BRDA:1552,249,0,0
BRDA:1552,249,1,0
BRDA:1553,250,0,0
BRDA:1553,250,1,0
BRDA:1554,251,0,0
BRDA:1554,251,1,0
BRDA:1556,252,0,0
BRDA:1556,252,1,0
BRDA:1573,253,0,0
BRDA:1573,253,1,0
BRDA:1574,254,0,0
BRDA:1574,254,1,0
BRDA:1580,255,0,0
BRDA:1580,255,1,0
BRDA:1580,255,2,0
BRDA:1581,256,0,0
BRDA:1581,256,1,0
BRDA:1582,257,0,0
BRDA:1582,257,1,0
BRDA:1582,257,2,0
BRDA:1583,258,0,0
BRDA:1583,258,1,0
BRDA:1585,259,0,0
BRDA:1585,259,1,0
BRDA:1590,260,0,0
BRDA:1590,260,1,0
BRDA:1591,261,0,0
BRDA:1591,261,1,0
BRDA:1595,262,0,0
BRDA:1595,262,1,0
BRDA:1595,262,2,0
BRDA:1600,263,0,0
BRDA:1600,263,1,0
BRDA:1604,264,0,0
BRDA:1604,264,1,0
BRDA:1609,265,0,0
BRDA:1609,265,1,0
BRDA:1613,266,0,0
BRDA:1613,266,1,0
BRDA:1615,267,0,0
BRDA:1615,267,1,0
BRDA:1617,268,0,0
BRDA:1617,268,1,0
BRDA:1623,269,0,0
BRDA:1623,269,1,0
BRDA:1626,270,0,0
BRDA:1626,270,1,0
BRDA:1627,271,0,0
BRDA:1627,271,1,0
BRDA:1638,272,0,0
BRDA:1638,272,1,0
BRDA:1640,273,0,0
BRDA:1640,273,1,0
BRDA:1641,274,0,0
BRDA:1641,274,1,0
BRDA:1642,275,0,0
BRDA:1642,275,1,0
BRDA:1643,276,0,0
BRDA:1643,276,1,0
BRDA:1658,277,0,0
BRDA:1658,277,1,0
BRDA:1674,278,0,0
BRDA:1674,278,1,0
BRDA:1684,279,0,0
BRDA:1684,279,1,0
BRDA:1685,280,0,0
BRDA:1685,280,1,0
BRDA:1685,280,2,0
BRDA:1697,281,0,0
BRDA:1697,281,1,0
BRDA:1697,282,0,0
BRDA:1697,282,1,0
BRDA:1701,283,0,0
BRDA:1701,283,1,0
BRDA:1703,284,0,0
BRDA:1703,284,1,0
BRDA:1704,285,0,0
BRDA:1704,285,1,0
BRDA:1705,286,0,0
BRDA:1705,286,1,0
BRDA:1713,287,0,0
BRDA:1713,287,1,0
BRDA:1713,288,0,0
BRDA:1713,288,1,0
BRDA:1714,289,0,0
BRDA:1714,289,1,0
BRDA:1721,290,0,0
BRDA:1721,290,1,0
BRDA:1722,291,0,0
BRDA:1722,291,1,0
BRDA:1727,292,0,0
BRDA:1727,292,1,0
BRDA:1728,293,0,0
BRDA:1728,293,1,0
BRDA:1748,294,0,0
BRDA:1748,294,1,0
BRDA:1748,295,0,0
BRDA:1748,295,1,0
BRDA:1748,295,2,0
BRDA:1750,296,0,0
BRDA:1750,296,1,0
BRDA:1750,297,0,0
BRDA:1750,297,1,0
BRDA:1752,298,0,0
BRDA:1752,298,1,0
BRDA:1752,299,0,0
BRDA:1752,299,1,0
BRDA:1754,300,0,0
BRDA:1754,300,1,0
BRDA:1754,301,0,0
BRDA:1754,301,1,0
BRDA:1757,302,0,0
BRDA:1757,302,1,0
BRDA:1757,303,0,0
BRDA:1757,303,1,0
BRDA:1761,304,0,0
BRDA:1761,304,1,0
BRDA:1761,305,0,0
BRDA:1761,305,1,0
BRDA:1767,306,0,0
BRDA:1767,306,1,0
BRDA:1769,307,0,0
BRDA:1769,307,1,0
BRDA:1775,308,0,0
BRDA:1775,308,1,0
BRDA:1776,309,0,0
BRDA:1776,309,1,0
BRDA:1778,310,0,0
BRDA:1778,310,1,0
BRDA:1781,311,0,0
BRDA:1781,311,1,0
BRDA:1792,312,0,0
BRDA:1792,312,1,0
BRDA:1792,313,0,0
BRDA:1792,313,1,0
BRDA:1794,314,0,0
BRDA:1794,314,1,0
BRDA:1795,315,0,0
BRDA:1795,315,1,0
BRDA:1797,316,0,0
BRDA:1797,316,1,0
BRDA:1798,317,0,0
BRDA:1798,317,1,0
BRDA:1798,318,0,0
BRDA:1798,318,1,0
BRDA:1800,319,0,0
BRDA:1800,319,1,0
BRDA:1809,320,0,0
BRDA:1809,320,1,0
BRDA:1811,321,0,0
BRDA:1811,321,1,0
BRDA:1811,322,0,0
BRDA:1811,322,1,0
BRDA:1822,323,0,0
BRDA:1822,323,1,0
BRDA:1824,324,0,0
BRDA:1824,324,1,0
BRDA:1829,325,0,0
BRDA:1829,325,1,0
BRDA:1848,326,0,0
BRDA:1848,326,1,0
BRDA:1849,327,0,0
BRDA:1849,327,1,0
BRDA:1849,327,2,0
BRDA:1857,328,0,0
BRDA:1857,328,1,0
BRDA:1861,329,0,0
BRDA:1861,329,1,0
BRDA:1862,330,0,0
BRDA:1862,330,1,0
BRDA:1862,331,0,0
BRDA:1862,331,1,0
BRDA:1864,332,0,0
BRDA:1864,332,1,0
BRDA:1864,333,0,0
BRDA:1864,333,1,0
BRDA:1865,334,0,0
BRDA:1865,334,1,0
BRDA:1865,335,0,0
BRDA:1865,335,1,0
BRDA:1867,336,0,0
BRDA:1867,336,1,0
BRDA:1867,337,0,0
BRDA:1867,337,1,0
BRDA:1884,338,0,0
BRDA:1884,338,1,0
BRDA:1885,339,0,0
BRDA:1885,339,1,0
BRDA:1890,340,0,0
BRDA:1890,340,1,0
BRDA:1902,341,0,0
BRDA:1902,341,1,0
BRDA:1903,342,0,0
BRDA:1903,342,1,0
BRDA:1903,342,2,0
BRDA:1911,343,0,0
BRDA:1911,343,1,0
BRDA:1912,344,0,0
BRDA:1912,344,1,0
BRDA:1913,345,0,0
BRDA:1913,345,1,0
BRDA:1913,346,0,0
BRDA:1913,346,1,0
BRDA:1920,347,0,0
BRDA:1920,347,1,0
BRDA:1921,348,0,0
BRDA:1921,348,1,0
BRDA:1921,349,0,0
BRDA:1921,349,1,0
BRDA:1923,350,0,0
BRDA:1923,350,1,0
BRDA:1923,351,0,0
BRDA:1923,351,1,0
BRDA:1924,352,0,0
BRDA:1924,352,1,0
BRDA:1924,353,0,0
BRDA:1924,353,1,0
BRDA:1926,354,0,0
BRDA:1926,354,1,0
BRDA:1926,355,0,0
BRDA:1926,355,1,0
BRDA:1937,356,0,0
BRDA:1937,356,1,0
BRDA:1938,357,0,0
BRDA:1938,357,1,0
BRDA:1939,358,0,0
BRDA:1939,358,1,0
BRDA:1945,359,0,0
BRDA:1945,359,1,0
BRDA:1956,360,0,0
BRDA:1956,360,1,0
BRDA:1956,361,0,0
BRDA:1956,361,1,0
BRDA:1957,362,0,0
BRDA:1957,362,1,0
BRDA:1957,362,2,0
BRDA:1961,363,0,0
BRDA:1961,363,1,0
BRDA:1970,364,0,0
BRDA:1970,364,1,0
BRDA:1971,365,0,0
BRDA:1971,365,1,0
BRDA:1972,366,0,0
BRDA:1972,366,1,0
BRDA:1972,367,0,0
BRDA:1972,367,1,0
BRDA:1979,368,0,0
BRDA:1979,368,1,0
BRDA:1980,369,0,0
BRDA:1980,369,1,0
BRDA:1980,370,0,0
BRDA:1980,370,1,0
BRDA:1982,371,0,0
BRDA:1982,371,1,0
BRDA:1982,372,0,0
BRDA:1982,372,1,0
BRDA:1983,373,0,0
BRDA:1983,373,1,0
BRDA:1983,374,0,0
BRDA:1983,374,1,0
BRDA:1985,375,0,0
BRDA:1985,375,1,0
BRDA:1985,376,0,0
BRDA:1985,376,1,0
BRDA:2000,377,0,0
BRDA:2000,377,1,0
BRDA:2001,378,0,0
BRDA:2001,378,1,0
BRDA:2006,379,0,0
BRDA:2006,379,1,0
BRDA:2015,380,0,0
BRDA:2015,380,1,0
BRDA:2027,381,0,0
BRDA:2027,381,1,0
BRDA:2027,382,0,0
BRDA:2027,382,1,0
BRDA:2028,383,0,0
BRDA:2028,383,1,0
BRDA:2030,384,0,0
BRDA:2030,384,1,0
BRDA:2037,385,0,0
BRDA:2037,385,1,0
BRDA:2039,386,0,0
BRDA:2039,386,1,0
BRDA:2044,387,0,0
BRDA:2044,387,1,0
BRDA:2090,388,0,0
BRDA:2090,388,1,0
BRDA:2091,389,0,0
BRDA:2091,389,1,0
BRDA:2091,389,2,0
BRDA:2097,390,0,0
BRDA:2097,390,1,0
BRDA:2098,391,0,0
BRDA:2098,391,1,0
BRDA:2108,392,0,0
BRDA:2108,392,1,0
BRDA:2109,393,0,0
BRDA:2109,393,1,0
BRDA:2110,394,0,0
BRDA:2110,394,1,0
BRDA:2111,395,0,0
BRDA:2111,395,1,0
BRDA:2112,396,0,0
BRDA:2112,396,1,0
BRDA:2127,397,0,0
BRDA:2127,397,1,0
BRDA:2130,398,0,0
BRDA:2130,398,1,0
BRDA:2137,399,0,0
BRDA:2137,399,1,0
BRDA:2148,400,0,0
BRDA:2148,400,1,0
BRDA:2150,401,0,0
BRDA:2150,401,1,0
BRDA:2172,402,0,0
BRDA:2172,402,1,0
BRDA:2178,403,0,0
BRDA:2178,403,1,0
BRDA:2180,404,0,0
BRDA:2180,404,1,0
BRDA:2180,404,2,0
BRDA:2187,405,0,0
BRDA:2187,405,1,0
BRDA:2202,406,0,0
BRDA:2202,406,1,0
BRDA:2213,407,0,0
BRDA:2213,407,1,0
BRDA:2214,408,0,0
BRDA:2214,408,1,0
BRDA:2217,409,0,0
BRDA:2217,409,1,0
BRDA:2218,410,0,0
BRDA:2218,410,1,0
BRDA:2221,411,0,0
BRDA:2221,411,1,0
BRDA:2226,412,0,0
BRDA:2226,412,1,0
BRDA:2230,413,0,0
BRDA:2230,413,1,0
BRDA:2230,414,0,0
BRDA:2230,414,1,0
BRDA:2260,415,0,0
BRDA:2260,415,1,0
BRDA:2264,416,0,0
BRDA:2264,416,1,0
BRDA:2266,417,0,0
BRDA:2266,417,1,0
BRDA:2271,418,0,0
BRDA:2271,418,1,0
BRDA:2281,419,0,0
BRDA:2281,419,1,0
BRDA:2283,420,0,0
BRDA:2283,420,1,0
BRDA:2283,421,0,0
BRDA:2283,421,1,0
BRDA:2290,422,0,0
BRDA:2290,422,1,0
BRDA:2297,423,0,0
BRDA:2297,423,1,0
BRDA:2303,424,0,0
BRDA:2303,424,1,0
BRDA:2304,425,0,0
BRDA:2304,425,1,0
BRDA:2314,426,0,0
BRDA:2314,426,1,0
BRDA:2315,427,0,0
BRDA:2315,427,1,0
BRDA:2325,428,0,0
BRDA:2325,428,1,0
BRDA:2326,429,0,0
BRDA:2326,429,1,0
BRDA:2331,430,0,0
BRDA:2331,430,1,0
BRDA:2348,431,0,0
BRDA:2348,431,1,0
BRDA:2355,432,0,0
BRDA:2355,432,1,0
BRDA:2355,433,0,0
BRDA:2355,433,1,0
BRDA:2355,434,0,0
BRDA:2355,434,1,0
BRDA:2357,435,0,0
BRDA:2357,435,1,0
BRDA:2357,436,0,0
BRDA:2357,436,1,0
BRDA:2360,437,0,0
BRDA:2360,437,1,0
BRDA:2371,438,0,0
BRDA:2371,438,1,0
BRDA:2377,439,0,0
BRDA:2377,439,1,0
BRDA:2377,439,2,0
BRDA:2384,440,0,0
BRDA:2384,440,1,0
BRDA:2385,441,0,0
BRDA:2385,441,1,0
BRDA:2394,442,0,0
BRDA:2394,442,1,0
BRDA:2400,443,0,0
BRDA:2400,443,1,0
BRDA:2400,443,2,0
BRDA:2406,444,0,0
BRDA:2406,444,1,0
BRDA:2412,445,0,0
BRDA:2412,445,1,0
BRDA:2420,446,0,0
BRDA:2420,446,1,0
BRF:918
BRH:0
end_of_record
TN:
SF:routes\flowImages.js
FN:19,(anonymous_0)
FN:66,getCropDimensions
FN:75,getAspectRatio
FN:81,(anonymous_3)
FN:86,(anonymous_4)
FN:88,(anonymous_5)
FN:110,(anonymous_6)
FN:136,(anonymous_7)
FN:151,(anonymous_8)
FN:159,(anonymous_9)
FN:185,(anonymous_10)
FN:193,(anonymous_11)
FNF:12
FNH:0
FNDA:0,(anonymous_0)
FNDA:0,getCropDimensions
FNDA:0,getAspectRatio
FNDA:0,(anonymous_3)
FNDA:0,(anonymous_4)
FNDA:0,(anonymous_5)
FNDA:0,(anonymous_6)
FNDA:0,(anonymous_7)
FNDA:0,(anonymous_8)
FNDA:0,(anonymous_9)
FNDA:0,(anonymous_10)
FNDA:0,(anonymous_11)
DA:1,0
DA:2,0
DA:3,0
DA:4,0
DA:5,0
DA:6,0
DA:7,0
DA:8,0
DA:9,0
DA:10,0
DA:11,0
DA:12,0
DA:14,0
DA:16,0
DA:20,0
DA:21,0
DA:23,0
DA:29,0
DA:67,0
DA:69,0
DA:72,0
DA:76,0
DA:77,0
DA:81,0
DA:82,0
DA:83,0
DA:86,0
DA:87,0
DA:88,0
DA:91,0
DA:92,0
DA:93,0
DA:94,0
DA:95,0
DA:97,0
DA:100,0
DA:103,0
DA:105,0
DA:110,0
DA:111,0
DA:112,0
DA:114,0
DA:115,0
DA:118,0
DA:119,0
DA:123,0
DA:124,0
DA:125,0
DA:126,0
DA:128,0
DA:132,0
DA:133,0
DA:134,0
DA:136,0
DA:137,0
DA:152,0
DA:153,0
DA:156,0
DA:159,0
DA:161,0
DA:174,0
DA:175,0
DA:178,0
DA:180,0
DA:185,0
DA:186,0
DA:187,0
DA:189,0
DA:190,0
DA:193,0
DA:194,0
DA:195,0
DA:198,0
DA:199,0
DA:200,0
DA:201,0
DA:203,0
DA:207,0
DA:213,0
DA:214,0
DA:216,0
DA:218,0
DA:222,0
LF:83
LH:0
BRDA:20,0,0,0
BRDA:20,0,1,0
BRDA:67,1,0,0
BRDA:67,1,1,0
BRDA:76,2,0,0
BRDA:76,2,1,0
BRDA:88,3,0,0
BRDA:88,3,1,0
BRDA:91,4,0,0
BRDA:91,4,1,0
BRDA:114,5,0,0
BRDA:114,5,1,0
BRDA:118,6,0,0
BRDA:118,6,1,0
BRDA:124,7,0,0
BRDA:124,7,1,0
BRDA:143,8,0,0
BRDA:143,8,1,0
BRDA:147,9,0,0
BRDA:147,9,1,0
BRDA:152,10,0,0
BRDA:152,10,1,0
BRDA:165,11,0,0
BRDA:165,11,1,0
BRDA:166,12,0,0
BRDA:166,12,1,0
BRDA:189,13,0,0
BRDA:189,13,1,0
BRDA:194,14,0,0
BRDA:194,14,1,0
BRDA:199,15,0,0
BRDA:199,15,1,0
BRF:32
BRH:0
end_of_record
TN:
SF:routes\health.js
FN:23,(anonymous_0)
FN:37,(anonymous_1)
FN:103,(anonymous_2)
FN:125,(anonymous_3)
FN:144,(anonymous_4)
FN:177,(anonymous_5)
FN:274,formatUptime
FN:291,(anonymous_7)
FN:308,(anonymous_8)
FN:317,(anonymous_9)
FNF:10
FNH:0
FNDA:0,(anonymous_0)
FNDA:0,(anonymous_1)
FNDA:0,(anonymous_2)
FNDA:0,(anonymous_3)
FNDA:0,(anonymous_4)
FNDA:0,(anonymous_5)
FNDA:0,formatUptime
FNDA:0,(anonymous_7)
FNDA:0,(anonymous_8)
FNDA:0,(anonymous_9)
DA:10,0
DA:11,0
DA:12,0
DA:13,0
DA:14,0
DA:15,0
DA:16,0
DA:23,0
DA:24,0
DA:37,0
DA:38,0
DA:46,0
DA:49,0
DA:50,0
DA:51,0
DA:53,0
DA:54,0
DA:57,0
DA:58,0
DA:59,0
DA:63,0
DA:64,0
DA:65,0
DA:66,0
DA:68,0
DA:69,0
DA:70,0
DA:73,0
DA:74,0
DA:75,0
DA:79,0
DA:80,0
DA:81,0
DA:82,0
DA:83,0
DA:85,0
DA:86,0
DA:87,0
DA:90,0
DA:91,0
DA:92,0
DA:96,0
DA:103,0
DA:104,0
DA:105,0
DA:106,0
DA:107,0
DA:109,0
DA:112,0
DA:113,0
DA:125,0
DA:127,0
DA:144,0
DA:145,0
DA:146,0
DA:147,0
DA:150,0
DA:164,0
DA:177,0
DA:178,0
DA:213,0
DA:214,0
DA:215,0
DA:222,0
DA:223,0
DA:225,0
DA:227,0
DA:228,0
DA:229,0
DA:230,0
DA:233,0
DA:234,0
DA:238,0
DA:239,0
DA:240,0
DA:242,0
DA:246,0
DA:247,0
DA:248,0
DA:261,0
DA:265,0
DA:266,0
DA:268,0
DA:275,0
DA:276,0
DA:277,0
DA:278,0
DA:280,0
DA:281,0
DA:282,0
DA:283,0
DA:291,0
DA:292,0
DA:293,0
DA:294,0
DA:295,0
DA:297,0
DA:298,0
DA:300,0
DA:308,0
DA:309,0
DA:317,0
DA:318,0
DA:319,0
DA:320,0
DA:321,0
DA:323,0
DA:360,0
DA:361,0
DA:362,0
DA:363,0
DA:364,0
DA:366,0
DA:369,0
DA:370,0
DA:372,0
DA:376,0
LF:117
LH:0
BRDA:50,0,0,0
BRDA:50,0,1,0
BRDA:65,1,0,0
BRDA:65,1,1,0
BRDA:81,2,0,0
BRDA:81,2,1,0
BRDA:81,3,0,0
BRDA:81,3,1,0
BRDA:104,4,0,0
BRDA:104,4,1,0
BRDA:112,5,0,0
BRDA:112,5,1,0
BRDA:114,6,0,0
BRDA:114,6,1,0
BRDA:147,7,0,0
BRDA:147,7,1,0
BRDA:150,8,0,0
BRDA:150,8,1,0
BRDA:151,9,0,0
BRDA:151,9,1,0
BRDA:155,10,0,0
BRDA:155,10,1,0
BRDA:204,11,0,0
BRDA:204,11,1,0
BRDA:205,12,0,0
BRDA:205,12,1,0
BRDA:206,13,0,0
BRDA:206,13,1,0
BRDA:207,14,0,0
BRDA:207,14,1,0
BRDA:222,15,0,0
BRDA:222,15,1,0
BRDA:225,16,0,0
BRDA:225,16,1,0
BRDA:266,17,0,0
BRDA:266,17,1,0
BRDA:268,18,0,0
BRDA:268,18,1,0
BRDA:280,19,0,0
BRDA:280,19,1,0
BRDA:281,20,0,0
BRDA:281,20,1,0
BRDA:282,21,0,0
BRDA:282,21,1,0
BRDA:294,22,0,0
BRDA:294,22,1,0
BRDA:339,23,0,0
BRDA:339,23,1,0
BRDA:343,24,0,0
BRDA:343,24,1,0
BRDA:347,25,0,0
BRDA:347,25,1,0
BRDA:351,26,0,0
BRDA:351,26,1,0
BRDA:355,27,0,0
BRDA:355,27,1,0
BRDA:360,28,0,0
BRDA:360,28,1,0
BRDA:360,29,0,0
BRDA:360,29,1,0
BRF:60
BRH:0
end_of_record
TN:
SF:routes\heroSection.js
FN:15,(anonymous_0)
FN:25,(anonymous_1)
FN:36,(anonymous_2)
FN:71,(anonymous_3)
FN:102,(anonymous_4)
FN:114,(anonymous_5)
FNF:6
FNH:0
FNDA:0,(anonymous_0)
FNDA:0,(anonymous_1)
FNDA:0,(anonymous_2)
FNDA:0,(anonymous_3)
FNDA:0,(anonymous_4)
FNDA:0,(anonymous_5)
DA:1,0
DA:2,0
DA:3,0
DA:4,0
DA:5,0
DA:6,0
DA:7,0
DA:10,0
DA:12,0
DA:16,0
DA:17,0
DA:19,0
DA:25,0
DA:26,0
DA:27,0
DA:28,0
DA:31,0
[...]
DA:1546,0
DA:1547,0
DA:1548,0
DA:1551,0
DA:1552,0
DA:1558,0
DA:1559,0
DA:1561,0
DA:1562,0
DA:1577,0
DA:1580,0
DA:1583,0
DA:1587,0
DA:1588,0
DA:1590,0
DA:1593,0
DA:1595,0
DA:1596,0
DA:1605,0
DA:1606,0
DA:1607,0
DA:1609,0
DA:1610,0
DA:1612,0
DA:1613,0
DA:1614,0
DA:1618,0
DA:1623,0
DA:1624,0
DA:1625,0
DA:1633,0
DA:1667,0
DA:1670,0
DA:1672,0
DA:1673,0
DA:1679,0
DA:1680,0
DA:1681,0
DA:1683,0
DA:1684,0
DA:1685,0
DA:1687,0
DA:1690,0
DA:1695,0
DA:1696,0
DA:1699,0
DA:1700,0
DA:1701,0
DA:1702,0
DA:1707,0
DA:1708,0
DA:1711,0
DA:1724,0
DA:1726,0
DA:1734,0
DA:1735,0
DA:1736,0
DA:1741,0
DA:1771,0
DA:1783,0
DA:1791,0
DA:1792,0
DA:1793,0
DA:1798,0
DA:1828,0
DA:1829,0
DA:1831,0
DA:1832,0
DA:1838,0
DA:1839,0
DA:1841,0
DA:1842,0
DA:1844,0
DA:1879,0
DA:1880,0
DA:1881,0
DA:1882,0
DA:1884,0
DA:1897,0
DA:1898,0
DA:1899,0
DA:1901,0
DA:1902,0
DA:1908,0
DA:1909,0
DA:1910,0
DA:1912,0
DA:1913,0
DA:1914,0
DA:1916,0
DA:1921,0
DA:1923,0
DA:1924,0
DA:1925,0
DA:1939,0
DA:1941,0
DA:1942,0
DA:1948,0
DA:1949,0
DA:1950,0
DA:1952,0
DA:1953,0
DA:1954,0
DA:1956,0
DA:1961,0
DA:1962,0
DA:1964,0
DA:1965,0
DA:1967,0
DA:1968,0
DA:1969,0
DA:1970,0
DA:1984,0
DA:1986,0
DA:1987,0
DA:1996,0
DA:1997,0
DA:1998,0
DA:2000,0
DA:2001,0
DA:2003,0
DA:2004,0
DA:2005,0
DA:2009,0
DA:2014,0
DA:2015,0
DA:2016,0
DA:2024,0
DA:2033,0
DA:2041,0
DA:2059,0
DA:2062,0
DA:2064,0
DA:2065,0
DA:2071,0
DA:2072,0
DA:2073,0
DA:2075,0
DA:2076,0
DA:2077,0
DA:2080,0
DA:2085,0
DA:2086,0
DA:2088,0
DA:2089,0
DA:2090,0
DA:2091,0
DA:2095,0
DA:2097,0
DA:2099,0
DA:2107,0
DA:2137,0
DA:2146,0
DA:2150,0
DA:2151,0
DA:2154,0
DA:2155,0
DA:2186,0
DA:2188,0
DA:2189,0
DA:2195,0
DA:2196,0
DA:2197,0
DA:2199,0
DA:2200,0
DA:2201,0
DA:2203,0
DA:2208,0
DA:2209,0
DA:2211,0
DA:2212,0
DA:2213,0
DA:2214,0
DA:2216,0
DA:2220,0
DA:2222,0
DA:2223,0
DA:2229,0
DA:2230,0
DA:2231,0
DA:2232,0
DA:2233,0
DA:2235,0
DA:2236,0
DA:2244,0
DA:2245,0
DA:2246,0
DA:2248,0
DA:2249,0
DA:2250,0
DA:2253,0
DA:2256,0
DA:2263,0
DA:2264,0
DA:2265,0
DA:2266,0
DA:2267,0
DA:2270,0
DA:2272,0
DA:2276,0
DA:2279,0
DA:2285,0
DA:2293,0
DA:2294,0
DA:2350,0
DA:2352,0
DA:2356,0
DA:2357,0
DA:2359,0
DA:2360,0
DA:2366,0
DA:2367,0
DA:2368,0
DA:2370,0
DA:2371,0
DA:2373,0
DA:2376,0
DA:2380,0
DA:2383,0
DA:2389,0
DA:2390,0
DA:2398,0
DA:2442,0
DA:2443,0
DA:2445,0
DA:2446,0
DA:2452,0
DA:2453,0
DA:2454,0
DA:2456,0
DA:2457,0
DA:2459,0
DA:2462,0
DA:2468,0
DA:2470,0
DA:2478,0
DA:2522,0
DA:2523,0
DA:2525,0
DA:2526,0
DA:2532,0
DA:2533,0
DA:2534,0
DA:2536,0
DA:2537,0
DA:2539,0
DA:2542,0
DA:2548,0
DA:2550,0
DA:2558,0
DA:2559,0
DA:2560,0
DA:2569,0
DA:2577,0
DA:2637,0
DA:2638,0
DA:2640,0
DA:2641,0
DA:2647,0
DA:2649,0
DA:2656,0
DA:2657,0
DA:2664,0
DA:2665,0
DA:2666,0
DA:2668,0
DA:2669,0
DA:2670,0
DA:2672,0
DA:2675,0
DA:2680,0
DA:2681,0
DA:2684,0
DA:2685,0
DA:2688,0
DA:2689,0
DA:2697,0
DA:2728,0
DA:2729,0
DA:2732,0
DA:2745,0
DA:2746,0
DA:2754,0
DA:2786,0
DA:2787,0
DA:2789,0
DA:2790,0
DA:2796,0
DA:2797,0
DA:2798,0
DA:2800,0
DA:2801,0
DA:2802,0
DA:2805,0
DA:2810,0
DA:2811,0
DA:2813,0
DA:2814,0
DA:2817,0
DA:2818,0
DA:2819,0
DA:2821,0
DA:2823,0
DA:2838,0
DA:2840,0
DA:2841,0
DA:2847,0
DA:2848,0
DA:2849,0
DA:2850,0
DA:2852,0
DA:2859,0
DA:2860,0
DA:2861,0
DA:2863,0
DA:2864,0
DA:2865,0
DA:2868,0
DA:2872,0
DA:2875,0
DA:2877,0
DA:2878,0
DA:2881,0
DA:2882,0
DA:2883,0
DA:2884,0
DA:2886,0
DA:2889,0
DA:2901,0
DA:2907,0
DA:2914,0
DA:2917,0
DA:2926,0
DA:2930,0
DA:2932,0
DA:2984,0
DA:2989,0
DA:2990,0
DA:2992,0
DA:2993,0
DA:2999,0
DA:3000,0
DA:3001,0
DA:3003,0
DA:3004,0
DA:3005,0
DA:3008,0
DA:3013,0
DA:3016,0
DA:3019,0
DA:3021,0
DA:3022,0
DA:3025,0
DA:3026,0
DA:3029,0
DA:3031,0
DA:3032,0
DA:3033,0
DA:3034,0
DA:3036,0
DA:3052,0
DA:3058,0
DA:3061,0
DA:3062,0
DA:3063,0
DA:3078,0
DA:3085,0
DA:3089,0
DA:3095,0
DA:3100,0
DA:3101,0
DA:3103,0
DA:3104,0
DA:3106,0
DA:3107,0
DA:3108,0
DA:3110,0
DA:3115,0
DA:3116,0
DA:3122,0
DA:3126,0
DA:3130,0
DA:3131,0
DA:3134,0
DA:3135,0
DA:3136,0
DA:3137,0
DA:3138,0
DA:3139,0
DA:3144,0
DA:3191,0
DA:3192,0
DA:3206,0
DA:3210,0
DA:3215,0
DA:3216,0
DA:3218,0
DA:3219,0
DA:3225,0
DA:3226,0
DA:3227,0
DA:3229,0
DA:3230,0
DA:3231,0
DA:3234,0
DA:3239,0
DA:3240,0
DA:3243,0
DA:3244,0
DA:3253,0
DA:3257,0
DA:3260,0
DA:3305,0
DA:3306,0
DA:3308,0
DA:3309,0
DA:3314,0
LF:1015
LH:0
BRDA:6,0,0,0
BRDA:6,0,1,0
BRDA:56,1,0,0
BRDA:65,2,0,0
BRDA:80,3,0,0
BRDA:80,3,1,0
BRDA:100,4,0,0
BRDA:100,4,1,0
BRDA:107,5,0,0
BRDA:107,5,1,0
BRDA:122,6,0,0
BRDA:122,6,1,0
BRDA:125,7,0,0
BRDA:125,7,1,0
BRDA:148,8,0,0
BRDA:148,8,1,0
BRDA:149,9,0,0
BRDA:149,9,1,0
BRDA:149,10,0,0
BRDA:149,10,1,0
BRDA:165,11,0,0
BRDA:165,11,1,0
BRDA:167,12,0,0
BRDA:167,12,1,0
BRDA:203,13,0,0
BRDA:203,13,1,0
BRDA:230,14,0,0
BRDA:230,14,1,0
BRDA:236,15,0,0
BRDA:236,15,1,0
BRDA:245,16,0,0
BRDA:245,16,1,0
BRDA:246,17,0,0
BRDA:246,17,1,0
BRDA:246,17,2,0
BRDA:246,17,3,0
BRDA:246,17,4,0
BRDA:250,18,0,0
BRDA:250,18,1,0
BRDA:250,19,0,0
BRDA:250,19,1,0
BRDA:253,20,0,0
BRDA:253,20,1,0
BRDA:263,21,0,0
BRDA:263,21,1,0
BRDA:266,22,0,0
BRDA:266,22,1,0
BRDA:267,23,0,0
BRDA:267,23,1,0
BRDA:276,24,0,0
BRDA:276,24,1,0
BRDA:276,25,0,0
BRDA:276,25,1,0
BRDA:276,25,2,0
BRDA:277,26,0,0
BRDA:277,26,1,0
BRDA:281,27,0,0
BRDA:281,27,1,0
BRDA:283,28,0,0
BRDA:283,28,1,0
BRDA:299,29,0,0
BRDA:299,29,1,0
BRDA:301,30,0,0
BRDA:301,30,1,0
BRDA:337,31,0,0
BRDA:337,31,1,0
BRDA:343,32,0,0
BRDA:343,32,1,0
BRDA:347,33,0,0
BRDA:347,33,1,0
BRDA:352,34,0,0
BRDA:352,34,1,0
BRDA:352,35,0,0
BRDA:352,35,1,0
BRDA:357,36,0,0
BRDA:357,36,1,0
BRDA:358,37,0,0
BRDA:358,37,1,0
BRDA:367,38,0,0
BRDA:367,38,1,0
BRDA:369,39,0,0
BRDA:369,39,1,0
BRDA:370,40,0,0
BRDA:370,40,1,0
BRDA:378,41,0,0
BRDA:378,41,1,0
BRDA:379,42,0,0
BRDA:379,42,1,0
BRDA:384,43,0,0
BRDA:384,43,1,0
BRDA:385,44,0,0
BRDA:385,44,1,0
BRDA:392,45,0,0
BRDA:392,45,1,0
BRDA:392,45,2,0
BRDA:393,46,0,0
BRDA:393,46,1,0
BRDA:393,47,0,0
BRDA:393,47,1,0
BRDA:406,48,0,0
BRDA:406,48,1,0
BRDA:408,49,0,0
BRDA:408,49,1,0
BRDA:410,50,0,0
BRDA:410,50,1,0
BRDA:410,51,0,0
BRDA:410,51,1,0
BRDA:424,52,0,0
BRDA:424,53,0,0
BRDA:429,54,0,0
BRDA:429,54,1,0
BRDA:434,55,0,0
BRDA:434,55,1,0
BRDA:434,56,0,0
BRDA:434,56,1,0
BRDA:436,57,0,0
BRDA:436,57,1,0
BRDA:439,58,0,0
BRDA:439,58,1,0
BRDA:448,59,0,0
BRDA:448,59,1,0
BRDA:449,60,0,0
BRDA:449,60,1,0
BRDA:452,61,0,0
BRDA:452,61,1,0
BRDA:453,62,0,0
BRDA:453,62,1,0
BRDA:453,62,2,0
BRDA:453,62,3,0
BRDA:455,63,0,0
BRDA:455,63,1,0
BRDA:455,63,2,0
BRDA:460,64,0,0
BRDA:460,64,1,0
BRDA:462,65,0,0
BRDA:462,65,1,0
BRDA:463,66,0,0
BRDA:463,66,1,0
BRDA:467,67,0,0
BRDA:467,67,1,0
BRDA:467,68,0,0
BRDA:467,68,1,0
BRDA:470,69,0,0
BRDA:470,69,1,0
BRDA:471,70,0,0
BRDA:471,70,1,0
BRDA:480,71,0,0
BRDA:480,71,1,0
BRDA:487,72,0,0
BRDA:487,72,1,0
BRDA:488,73,0,0
BRDA:488,73,1,0
BRDA:488,74,0,0
BRDA:488,74,1,0
BRDA:489,75,0,0
BRDA:489,75,1,0
BRDA:490,76,0,0
BRDA:490,76,1,0
BRDA:503,77,0,0
BRDA:503,77,1,0
BRDA:507,78,0,0
BRDA:507,78,1,0
BRDA:511,79,0,0
BRDA:511,79,1,0
BRDA:518,80,0,0
BRDA:518,80,1,0
BRDA:519,81,0,0
BRDA:519,81,1,0
BRDA:525,82,0,0
BRDA:525,82,1,0
BRDA:526,83,0,0
BRDA:526,83,1,0
BRDA:534,84,0,0
BRDA:534,84,1,0
BRDA:535,85,0,0
BRDA:535,85,1,0
BRDA:537,86,0,0
BRDA:537,86,1,0
BRDA:538,87,0,0
BRDA:538,87,1,0
BRDA:541,88,0,0
BRDA:541,88,1,0
BRDA:543,89,0,0
BRDA:543,89,1,0
BRDA:543,90,0,0
BRDA:543,90,1,0
BRDA:544,91,0,0
BRDA:544,91,1,0
BRDA:555,92,0,0
BRDA:555,92,1,0
BRDA:561,93,0,0
BRDA:561,93,1,0
BRDA:564,94,0,0
BRDA:564,94,1,0
BRDA:564,95,0,0
BRDA:564,95,1,0
BRDA:572,96,0,0
BRDA:572,96,1,0
BRDA:575,97,0,0
BRDA:575,97,1,0
BRDA:583,98,0,0
BRDA:583,98,1,0
BRDA:585,99,0,0
BRDA:585,99,1,0
BRDA:587,100,0,0
BRDA:587,100,1,0
BRDA:589,101,0,0
BRDA:589,101,1,0
BRDA:592,102,0,0
BRDA:592,102,1,0
BRDA:619,103,0,0
BRDA:619,103,1,0
BRDA:619,104,0,0
BRDA:619,104,1,0
BRDA:639,105,0,0
BRDA:639,105,1,0
BRDA:643,106,0,0
BRDA:643,106,1,0
BRDA:646,107,0,0
BRDA:646,107,1,0
BRDA:673,108,0,0
BRDA:673,108,1,0
BRDA:681,109,0,0
BRDA:681,109,1,0
BRDA:686,110,0,0
BRDA:686,110,1,0
BRDA:688,111,0,0
BRDA:688,111,1,0
BRDA:693,112,0,0
BRDA:693,112,1,0
BRDA:699,113,0,0
BRDA:699,113,1,0
BRDA:708,114,0,0
BRDA:708,114,1,0
BRDA:728,115,0,0
BRDA:728,115,1,0
BRDA:736,116,0,0
BRDA:736,116,1,0
BRDA:741,117,0,0
BRDA:741,117,1,0
BRDA:743,118,0,0
BRDA:743,118,1,0
BRDA:749,119,0,0
BRDA:749,119,1,0
BRDA:751,120,0,0
BRDA:751,120,1,0
BRDA:756,121,0,0
BRDA:756,121,1,0
BRDA:786,122,0,0
BRDA:789,123,0,0
BRDA:789,123,1,0
BRDA:798,124,0,0
BRDA:798,124,1,0
BRDA:798,124,2,0
BRDA:801,125,0,0
BRDA:801,125,1,0
BRDA:801,126,0,0
BRDA:801,126,1,0
BRDA:801,126,2,0
BRDA:801,126,3,0
BRDA:801,126,4,0
BRDA:808,127,0,0
BRDA:808,127,1,0
BRDA:810,128,0,0
BRDA:810,128,1,0
BRDA:819,129,0,0
BRDA:819,129,1,0
BRDA:827,130,0,0
BRDA:827,130,1,0
BRDA:833,131,0,0
BRDA:833,131,1,0
BRDA:837,132,0,0
BRDA:837,132,1,0
BRDA:843,133,0,0
BRDA:843,133,1,0
BRDA:846,134,0,0
BRDA:846,134,1,0
BRDA:856,135,0,0
BRDA:856,135,1,0
BRDA:863,136,0,0
BRDA:863,136,1,0
BRDA:866,137,0,0
BRDA:866,137,1,0
BRDA:866,138,0,0
BRDA:866,138,1,0
BRDA:867,139,0,0
BRDA:867,139,1,0
BRDA:868,140,0,0
BRDA:868,140,1,0
BRDA:869,141,0,0
BRDA:869,141,1,0
BRDA:870,142,0,0
BRDA:870,142,1,0
BRDA:871,143,0,0
BRDA:871,143,1,0
BRDA:872,144,0,0
BRDA:872,144,1,0
BRDA:873,145,0,0
BRDA:873,145,1,0
BRDA:874,146,0,0
BRDA:874,146,1,0
BRDA:874,146,2,0
BRDA:875,147,0,0
BRDA:875,147,1,0
BRDA:875,147,2,0
BRDA:876,148,0,0
BRDA:876,148,1,0
BRDA:876,148,2,0
BRDA:877,149,0,0
BRDA:877,149,1,0
BRDA:878,150,0,0
BRDA:878,150,1,0
BRDA:878,150,2,0
BRDA:879,151,0,0
BRDA:879,151,1,0
BRDA:879,151,2,0
BRDA:890,152,0,0
BRDA:890,152,1,0
BRDA:890,153,0,0
BRDA:890,153,1,0
BRDA:895,154,0,0
BRDA:895,154,1,0
BRDA:898,155,0,0
BRDA:898,155,1,0
BRDA:898,155,2,0
BRDA:898,155,3,0
BRDA:902,156,0,0
BRDA:902,156,1,0
BRDA:917,157,0,0
BRDA:917,157,1,0
BRDA:923,158,0,0
BRDA:923,158,1,0
BRDA:926,159,0,0
BRDA:926,159,1,0
BRDA:928,160,0,0
BRDA:928,160,1,0
BRDA:928,161,0,0
BRDA:928,161,1,0
BRDA:929,162,0,0
BRDA:929,162,1,0
BRDA:929,163,0,0
BRDA:929,163,1,0
BRDA:931,164,0,0
BRDA:931,164,1,0
BRDA:934,165,0,0
BRDA:934,165,1,0
BRDA:941,166,0,0
BRDA:941,166,1,0
BRDA:942,167,0,0
BRDA:942,167,1,0
BRDA:945,168,0,0
BRDA:945,168,1,0
BRDA:954,169,0,0
BRDA:954,169,1,0
BRDA:954,170,0,0
BRDA:954,170,1,0
BRDA:954,170,2,0
BRDA:970,171,0,0
BRDA:973,172,0,0
BRDA:973,172,1,0
BRDA:976,173,0,0
BRDA:978,174,0,0
BRDA:978,174,1,0
BRDA:989,175,0,0
BRDA:989,175,1,0
BRDA:997,176,0,0
BRDA:997,176,1,0
BRDA:1002,177,0,0
BRDA:1002,177,1,0
BRDA:1006,178,0,0
BRDA:1006,178,1,0
BRDA:1009,179,0,0
BRDA:1009,179,1,0
BRDA:1016,180,0,0
BRDA:1016,180,1,0
BRDA:1019,181,0,0
BRDA:1019,181,1,0
BRDA:1025,182,0,0
BRDA:1025,182,1,0
BRDA:1030,183,0,0
BRDA:1030,183,1,0
BRDA:1037,184,0,0
BRDA:1037,184,1,0
BRDA:1037,185,0,0
BRDA:1037,185,1,0
BRDA:1038,186,0,0
BRDA:1038,186,1,0
BRDA:1039,187,0,0
BRDA:1039,187,1,0
BRDA:1040,188,0,0
BRDA:1040,188,1,0
BRDA:1041,189,0,0
BRDA:1041,189,1,0
BRDA:1042,190,0,0
BRDA:1042,190,1,0
BRDA:1043,191,0,0
BRDA:1043,191,1,0
BRDA:1044,192,0,0
BRDA:1044,192,1,0
BRDA:1045,193,0,0
BRDA:1045,193,1,0
BRDA:1047,194,0,0
BRDA:1047,194,1,0
BRDA:1068,195,0,0
BRDA:1068,195,1,0
BRDA:1071,196,0,0
BRDA:1071,196,1,0
BRDA:1072,197,0,0
BRDA:1072,197,1,0
BRDA:1075,198,0,0
BRDA:1075,198,1,0
BRDA:1082,199,0,0
BRDA:1082,199,1,0
BRDA:1082,199,2,0
BRDA:1083,200,0,0
BRDA:1083,200,1,0
BRDA:1086,201,0,0
BRDA:1086,201,1,0
BRDA:1086,201,2,0
BRDA:1092,202,0,0
BRDA:1092,202,1,0
BRDA:1092,203,0,0
BRDA:1092,203,1,0
BRDA:1093,204,0,0
BRDA:1093,204,1,0
BRDA:1094,205,0,0
BRDA:1094,205,1,0
BRDA:1101,206,0,0
BRDA:1101,206,1,0
BRDA:1125,207,0,0
BRDA:1125,207,1,0
BRDA:1130,208,0,0
BRDA:1130,208,1,0
BRDA:1141,209,0,0
BRDA:1141,209,1,0
BRDA:1141,210,0,0
BRDA:1141,210,1,0
BRDA:1194,211,0,0
BRDA:1194,212,0,0
BRDA:1197,213,0,0
BRDA:1197,213,1,0
BRDA:1202,214,0,0
BRDA:1202,214,1,0
BRDA:1216,215,0,0
BRDA:1216,215,1,0
BRDA:1217,216,0,0
BRDA:1217,216,1,0
BRDA:1219,217,0,0
BRDA:1219,217,1,0
BRDA:1221,218,0,0
BRDA:1221,218,1,0
BRDA:1221,219,0,0
BRDA:1221,219,1,0
BRDA:1236,220,0,0
BRDA:1236,220,1,0
BRDA:1250,221,0,0
BRDA:1250,221,1,0
BRDA:1251,222,0,0
BRDA:1251,222,1,0
BRDA:1254,223,0,0
BRDA:1254,223,1,0
BRDA:1294,224,0,0
BRDA:1294,224,1,0
BRDA:1299,225,0,0
BRDA:1299,225,1,0
BRDA:1307,226,0,0
BRDA:1307,226,1,0
BRDA:1308,227,0,0
BRDA:1308,227,1,0
BRDA:1310,228,0,0
BRDA:1310,228,1,0
BRDA:1317,229,0,0
BRDA:1317,229,1,0
BRDA:1318,230,0,0
BRDA:1318,230,1,0
BRDA:1319,231,0,0
BRDA:1319,231,1,0
BRDA:1326,232,0,0
BRDA:1326,232,1,0
BRDA:1326,233,0,0
BRDA:1326,233,1,0
BRDA:1334,234,0,0
BRDA:1334,234,1,0
BRDA:1371,235,0,0
BRDA:1375,236,0,0
BRDA:1375,236,1,0
BRDA:1375,237,0,0
BRDA:1375,237,1,0
BRDA:1375,237,2,0
BRDA:1381,238,0,0
BRDA:1381,238,1,0
BRDA:1386,239,0,0
BRDA:1386,239,1,0
BRDA:1395,240,0,0
BRDA:1395,240,1,0
BRDA:1401,241,0,0
BRDA:1401,241,1,0
BRDA:1404,242,0,0
BRDA:1404,242,1,0
BRDA:1405,243,0,0
BRDA:1405,243,1,0
BRDA:1406,244,0,0
BRDA:1406,244,1,0
BRDA:1407,245,0,0
BRDA:1407,245,1,0
BRDA:1408,246,0,0
BRDA:1408,246,1,0
BRDA:1409,247,0,0
BRDA:1409,247,1,0
BRDA:1431,248,0,0
BRDA:1431,248,1,0
BRDA:1431,249,0,0
BRDA:1431,249,1,0
BRDA:1432,250,0,0
BRDA:1432,250,1,0
BRDA:1436,251,0,0
BRDA:1436,251,1,0
BRDA:1438,252,0,0
BRDA:1438,252,1,0
BRDA:1469,253,0,0
BRDA:1469,253,1,0
BRDA:1469,254,0,0
BRDA:1469,254,1,0
BRDA:1470,255,0,0
BRDA:1470,255,1,0
BRDA:1494,256,0,0
BRDA:1494,256,1,0
BRDA:1494,257,0,0
BRDA:1494,257,1,0
BRDA:1495,258,0,0
BRDA:1495,258,1,0
BRDA:1518,259,0,0
BRDA:1518,259,1,0
BRDA:1527,260,0,0
BRDA:1527,260,1,0
BRDA:1536,261,0,0
BRDA:1536,261,1,0
BRDA:1541,262,0,0
BRDA:1541,262,1,0
BRDA:1543,263,0,0
BRDA:1543,263,1,0
BRDA:1545,264,0,0
BRDA:1545,264,1,0
BRDA:1547,265,0,0
BRDA:1547,265,1,0
BRDA:1551,266,0,0
BRDA:1551,266,1,0
BRDA:1551,267,0,0
BRDA:1551,267,1,0
BRDA:1551,267,2,0
BRDA:1558,268,0,0
BRDA:1558,268,1,0
BRDA:1587,269,0,0
BRDA:1587,269,1,0
BRDA:1607,270,0,0
BRDA:1607,270,1,0
BRDA:1612,271,0,0
BRDA:1612,271,1,0
BRDA:1623,272,0,0
BRDA:1623,272,1,0
BRDA:1623,273,0,0
BRDA:1623,273,1,0
BRDA:1681,274,0,0
BRDA:1681,274,1,0
BRDA:1685,275,0,0
BRDA:1685,275,1,0
BRDA:1695,276,0,0
BRDA:1695,276,1,0
BRDA:1700,277,0,0
BRDA:1700,277,1,0
BRDA:1707,278,0,0
BRDA:1707,278,1,0
BRDA:1707,279,0,0
BRDA:1707,279,1,0
BRDA:1713,280,0,0
BRDA:1713,280,1,0
BRDA:1714,281,0,0
BRDA:1714,281,1,0
BRDA:1715,282,0,0
BRDA:1715,282,1,0
BRDA:1716,283,0,0
BRDA:1716,283,1,0
BRDA:1717,284,0,0
BRDA:1717,284,1,0
BRDA:1718,285,0,0
BRDA:1718,285,1,0
BRDA:1719,286,0,0
BRDA:1719,286,1,0
BRDA:1720,287,0,0
BRDA:1720,287,1,0
BRDA:1724,288,0,0
BRDA:1724,288,1,0
BRDA:1736,289,0,0
BRDA:1736,289,1,0
BRDA:1793,290,0,0
BRDA:1793,290,1,0
BRDA:1879,291,0,0
BRDA:1879,291,1,0
BRDA:1881,292,0,0
BRDA:1881,292,1,0
BRDA:1882,293,0,0
BRDA:1882,293,1,0
BRDA:1910,294,0,0
BRDA:1910,294,1,0
BRDA:1914,295,0,0
BRDA:1914,295,1,0
BRDA:1921,296,0,0
BRDA:1921,296,1,0
BRDA:1924,297,0,0
BRDA:1924,297,1,0
BRDA:1927,298,0,0
BRDA:1927,298,1,0
BRDA:1928,299,0,0
BRDA:1928,299,1,0
BRDA:1929,300,0,0
BRDA:1929,300,1,0
BRDA:1930,301,0,0
BRDA:1930,301,1,0
BRDA:1931,302,0,0
BRDA:1931,302,1,0
BRDA:1932,303,0,0
BRDA:1932,303,1,0
BRDA:1933,304,0,0
BRDA:1933,304,1,0
BRDA:1934,305,0,0
BRDA:1934,305,1,0
BRDA:1950,306,0,0
BRDA:1950,306,1,0
BRDA:1954,307,0,0
BRDA:1954,307,1,0
BRDA:1961,308,0,0
BRDA:1961,308,1,0
BRDA:1969,309,0,0
BRDA:1969,309,1,0
BRDA:1969,310,0,0
BRDA:1969,310,1,0
BRDA:1972,311,0,0
BRDA:1972,311,1,0
BRDA:1973,312,0,0
BRDA:1973,312,1,0
BRDA:1974,313,0,0
BRDA:1974,313,1,0
BRDA:1975,314,0,0
BRDA:1975,314,1,0
BRDA:1976,315,0,0
BRDA:1976,315,1,0
BRDA:1977,316,0,0
BRDA:1977,316,1,0
BRDA:1978,317,0,0
BRDA:1978,317,1,0
BRDA:1979,318,0,0
BRDA:1979,318,1,0
BRDA:1998,319,0,0
BRDA:1998,319,1,0
BRDA:2003,320,0,0
BRDA:2003,320,1,0
BRDA:2014,321,0,0
BRDA:2014,321,1,0
BRDA:2014,322,0,0
BRDA:2014,322,1,0
BRDA:2073,323,0,0
BRDA:2073,323,1,0
BRDA:2077,324,0,0
BRDA:2077,324,1,0
BRDA:2085,325,0,0
BRDA:2085,325,1,0
BRDA:2089,326,0,0
BRDA:2089,326,1,0
BRDA:2097,327,0,0
BRDA:2097,327,1,0
BRDA:2150,328,0,0
BRDA:2150,328,1,0
BRDA:2151,329,0,0
BRDA:2151,329,1,0
BRDA:2154,330,0,0
BRDA:2154,330,1,0
BRDA:2197,331,0,0
BRDA:2197,331,1,0
BRDA:2201,332,0,0
BRDA:2201,332,1,0
BRDA:2208,333,0,0
BRDA:2208,333,1,0
BRDA:2212,334,0,0
BRDA:2212,334,1,0
BRDA:2216,335,0,0
BRDA:2216,335,1,0
BRDA:2228,336,0,0
BRDA:2231,337,0,0
BRDA:2231,337,1,0
BRDA:2246,338,0,0
BRDA:2246,338,1,0
BRDA:2265,339,0,0
BRDA:2265,339,1,0
BRDA:2276,340,0,0
BRDA:2276,340,1,0
BRDA:2368,341,0,0
BRDA:2368,341,1,0
BRDA:2373,342,0,0
BRDA:2373,342,1,0
BRDA:2380,343,0,0
BRDA:2380,343,1,0
BRDA:2454,344,0,0
BRDA:2454,344,1,0
BRDA:2459,345,0,0
BRDA:2459,345,1,0
BRDA:2534,346,0,0
BRDA:2534,346,1,0
BRDA:2539,347,0,0
BRDA:2539,347,1,0
BRDA:2666,348,0,0
BRDA:2666,348,1,0
BRDA:2670,349,0,0
BRDA:2670,349,1,0
BRDA:2680,350,0,0
BRDA:2680,350,1,0
BRDA:2684,351,0,0
BRDA:2684,351,1,0
BRDA:2728,352,0,0
BRDA:2728,352,1,0
BRDA:2729,353,0,0
BRDA:2729,353,1,0
BRDA:2733,354,0,0
BRDA:2733,354,1,0
BRDA:2734,355,0,0
BRDA:2734,355,1,0
BRDA:2735,356,0,0
BRDA:2735,356,1,0
BRDA:2736,357,0,0
BRDA:2736,357,1,0
BRDA:2737,358,0,0
BRDA:2737,358,1,0
BRDA:2738,359,0,0
BRDA:2738,359,1,0
BRDA:2739,360,0,0
BRDA:2739,360,1,0
BRDA:2740,361,0,0
BRDA:2740,361,1,0
BRDA:2798,362,0,0
BRDA:2798,362,1,0
BRDA:2802,363,0,0
BRDA:2802,363,1,0
BRDA:2810,364,0,0
BRDA:2810,364,1,0
BRDA:2811,365,0,0
BRDA:2811,365,1,0
BRDA:2818,366,0,0
BRDA:2818,366,1,0
BRDA:2821,367,0,0
BRDA:2821,367,1,0
BRDA:2825,368,0,0
BRDA:2825,368,1,0
BRDA:2826,369,0,0
BRDA:2826,369,1,0
BRDA:2827,370,0,0
BRDA:2827,370,1,0
BRDA:2828,371,0,0
BRDA:2828,371,1,0
BRDA:2829,372,0,0
BRDA:2829,372,1,0
BRDA:2830,373,0,0
BRDA:2830,373,1,0
BRDA:2831,374,0,0
BRDA:2831,374,1,0
BRDA:2832,375,0,0
BRDA:2832,375,1,0
BRDA:2833,376,0,0
BRDA:2833,376,1,0
BRDA:2834,377,0,0
BRDA:2834,377,1,0
BRDA:2861,378,0,0
BRDA:2861,378,1,0
BRDA:2865,379,0,0
BRDA:2865,379,1,0
BRDA:2872,380,0,0
BRDA:2872,380,1,0
BRDA:2875,381,0,0
BRDA:2875,381,1,0
BRDA:2877,382,0,0
BRDA:2877,382,1,0
BRDA:2877,383,0,0
BRDA:2877,383,1,0
BRDA:2884,384,0,0
BRDA:2884,384,1,0
BRDA:2890,385,0,0
BRDA:2890,385,1,0
BRDA:2891,386,0,0
BRDA:2891,386,1,0
BRDA:2892,387,0,0
BRDA:2892,387,1,0
BRDA:2893,388,0,0
BRDA:2893,388,1,0
BRDA:2894,389,0,0
BRDA:2894,389,1,0
BRDA:2895,390,0,0
BRDA:2895,390,1,0
BRDA:2930,391,0,0
BRDA:2930,391,1,0
BRDA:3001,392,0,0
BRDA:3001,392,1,0
BRDA:3005,393,0,0
BRDA:3005,393,1,0
BRDA:3013,394,0,0
BRDA:3013,394,1,0
BRDA:3016,395,0,0
BRDA:3016,395,1,0
BRDA:3016,395,2,0
BRDA:3019,396,0,0
BRDA:3019,396,1,0
BRDA:3019,397,0,0
BRDA:3019,397,1,0
BRDA:3019,397,2,0
BRDA:3021,398,0,0
BRDA:3021,398,1,0
BRDA:3021,399,0,0
BRDA:3021,399,1,0
BRDA:3026,400,0,0
BRDA:3026,400,1,0
BRDA:3029,401,0,0
BRDA:3029,401,1,0
BRDA:3032,402,0,0
BRDA:3032,402,1,0
BRDA:3034,403,0,0
BRDA:3034,403,1,0
BRDA:3034,404,0,0
BRDA:3034,404,1,0
BRDA:3038,405,0,0
BRDA:3038,405,1,0
BRDA:3038,406,0,0
BRDA:3038,406,1,0
BRDA:3039,407,0,0
BRDA:3039,407,1,0
BRDA:3040,408,0,0
BRDA:3040,408,1,0
BRDA:3041,409,0,0
BRDA:3041,409,1,0
BRDA:3042,410,0,0
BRDA:3042,410,1,0
BRDA:3043,411,0,0
BRDA:3043,411,1,0
BRDA:3044,412,0,0
BRDA:3044,412,1,0
BRDA:3045,413,0,0
BRDA:3045,413,1,0
BRDA:3046,414,0,0
BRDA:3046,414,1,0
BRDA:3047,415,0,0
BRDA:3047,415,1,0
BRDA:3100,416,0,0
BRDA:3100,416,1,0
BRDA:3104,417,0,0
BRDA:3104,417,1,0
BRDA:3106,418,0,0
BRDA:3106,418,1,0
BRDA:3106,419,0,0
BRDA:3106,419,1,0
BRDA:3106,419,2,0
BRDA:3115,420,0,0
BRDA:3115,420,1,0
BRDA:3130,421,0,0
BRDA:3130,421,1,0
BRDA:3137,422,0,0
BRDA:3137,422,1,0
BRDA:3191,423,0,0
BRDA:3191,423,1,0
BRDA:3227,424,0,0
BRDA:3227,424,1,0
BRDA:3231,425,0,0
BRDA:3231,425,1,0
BRDA:3239,426,0,0
BRDA:3239,426,1,0
BRDA:3243,427,0,0
BRDA:3243,427,1,0
BRDA:3243,428,0,0
BRDA:3243,428,1,0
BRDA:3257,429,0,0
BRDA:3257,429,1,0
BRF:876
BRH:0
end_of_record
TN:
SF:services\googleSheets\customers.js
FNF:0
FNH:0
DA:7,0
DA:9,0
LF:2
LH:0
BRF:0
BRH:0
end_of_record
TN:
SF:services\googleSheets\dashboard.js
FNF:0
FNH:0
DA:7,0
DA:9,0
LF:2
LH:0
BRF:0
BRH:0
end_of_record
TN:
SF:services\googleSheets\index.js
FNF:0
FNH:0
DA:26,0
LF:1
LH:0
BRF:0
BRH:0
end_of_record
TN:
SF:services\googleSheets\maintenance.js
FNF:0
FNH:0
DA:7,0
DA:9,0
LF:2
LH:0
BRF:0
BRH:0
end_of_record
TN:
SF:services\googleSheets\orders.js
FNF:0
FNH:0
DA:7,0
DA:9,0
LF:2
LH:0
BRF:0
BRH:0
end_of_record
TN:
SF:services\googleSheets\reports.js
FNF:0
FNH:0
DA:7,0
DA:9,0
LF:2
LH:0
BRF:0
BRH:0
end_of_record
