TN:
SF:middleware\auth.js
FNF:0
FNH:0
DA:8,1
DA:11,1
LF:2
LH:2
BRF:0
BRH:0
end_of_record
TN:
SF:middleware\authenticate.js
FN:24,authenticate
FN:126,optionalAuthenticate
FN:148,authenticateDeliveryBoy
FN:150,(anonymous_3)
FNF:4
FNH:4
FNDA:20,authenticate
FNDA:3,optionalAuthenticate
FNDA:5,authenticateDeliveryBoy
FNDA:5,(anonymous_3)
DA:14,2
DA:15,2
DA:25,20
DA:27,20
DA:29,20
DA:30,2
DA:37,18
DA:38,1
DA:45,17
DA:47,17
DA:48,2
DA:55,15
DA:57,15
DA:58,1
DA:59,1
DA:65,14
DA:66,14
DA:69,8
DA:77,8
DA:79,8
DA:83,6
DA:84,2
DA:91,4
DA:92,4
DA:98,0
DA:99,0
DA:106,0
DA:107,0
DA:114,0
DA:115,0
DA:127,3
DA:129,3
DA:131,1
DA:132,1
DA:136,2
DA:150,5
DA:151,5
DA:153,5
DA:155,5
DA:156,1
DA:163,4
DA:164,4
DA:166,4
DA:167,1
DA:173,3
DA:174,1
DA:181,2
DA:182,2
DA:183,2
DA:185,2
DA:186,1
DA:193,1
DA:194,1
DA:196,0
DA:197,0
DA:205,2
LF:56
LH:48
BRDA:29,0,0,2
BRDA:29,0,1,18
BRDA:37,1,0,1
BRDA:37,1,1,17
BRDA:47,2,0,2
BRDA:47,2,1,15
BRDA:47,3,0,17
BRDA:47,3,1,15
BRDA:57,4,0,1
BRDA:57,4,1,14
BRDA:70,5,0,8
BRDA:70,5,1,0
BRDA:83,6,0,2
BRDA:83,6,1,4
BRDA:91,7,0,4
BRDA:91,7,1,0
BRDA:98,8,0,0
BRDA:98,8,1,0
BRDA:129,9,0,1
BRDA:129,9,1,2
BRDA:129,10,0,3
BRDA:129,10,1,2
BRDA:151,11,0,0
BRDA:151,11,1,5
BRDA:155,12,0,1
BRDA:155,12,1,4
BRDA:166,13,0,1
BRDA:166,13,1,3
BRDA:173,14,0,1
BRDA:173,14,1,2
BRDA:185,15,0,1
BRDA:185,15,1,1
BRDA:185,16,0,2
BRDA:185,16,1,2
BRF:34
BRH:29
end_of_record
TN:
SF:middleware\authorize.js
FN:23,authorize
FN:24,(anonymous_1)
FN:67,authorizeAdmin
FN:75,authorizeDelivery
FN:89,authorizeOwner
FN:90,(anonymous_5)
FN:132,authorizeCustom
FN:133,(anonymous_7)
FNF:8
FNH:0
FNDA:0,authorize
FNDA:0,(anonymous_1)
FNDA:0,authorizeAdmin
FNDA:0,authorizeDelivery
FNDA:0,authorizeOwner
FNDA:0,(anonymous_5)
FNDA:0,authorizeCustom
FNDA:0,(anonymous_7)
DA:24,0
DA:26,0
DA:27,0
DA:31,0
DA:35,0
DA:37,0
DA:38,0
DA:39,0
DA:46,0
DA:47,0
DA:48,0
DA:57,0
DA:59,0
DA:68,0
DA:76,0
DA:90,0
DA:91,0
DA:92,0
DA:99,0
DA:100,0
DA:104,0
DA:105,0
DA:108,0
DA:109,0
DA:110,0
DA:116,0
DA:133,0
DA:134,0
DA:135,0
DA:141,0
DA:142,0
DA:144,0
DA:145,0
DA:151,0
DA:154,0
DA:155,0
DA:163,0
LF:37
LH:0
BRDA:26,0,0,0
BRDA:26,0,1,0
BRDA:37,1,0,0
BRDA:37,1,1,0
BRDA:46,2,0,0
BRDA:46,2,1,0
BRDA:91,3,0,0
BRDA:91,3,1,0
BRDA:99,4,0,0
BRDA:99,4,1,0
BRDA:108,5,0,0
BRDA:108,5,1,0
BRDA:108,6,0,0
BRDA:108,6,1,0
BRDA:134,7,0,0
BRDA:134,7,1,0
BRDA:144,8,0,0
BRDA:144,8,1,0
BRF:18
BRH:0
end_of_record
TN:
SF:middleware\errorHandler.js
FN:13,(anonymous_0)
FNF:1
FNH:1
FNDA:9,(anonymous_0)
DA:9,1
DA:10,1
DA:11,1
DA:13,1
DA:15,9
DA:24,9
DA:27,9
DA:28,9
DA:33,1
DA:37,9
DA:38,2
DA:39,2
DA:46,0
DA:51,9
DA:53,3
DA:61,6
DA:70,1
LF:17
LH:16
BRDA:17,0,0,1
BRDA:17,0,1,8
BRDA:24,1,0,9
BRDA:24,1,1,7
BRDA:24,1,2,6
BRDA:29,2,0,9
BRDA:29,2,1,0
BRDA:30,3,0,9
BRDA:30,3,1,0
BRDA:37,4,0,2
BRDA:37,4,1,7
BRDA:37,5,0,9
BRDA:37,5,1,6
BRDA:42,6,0,2
BRDA:42,6,1,0
BRDA:51,7,0,3
BRDA:51,7,1,6
BRDA:55,8,0,2
BRDA:55,8,1,1
BRDA:65,9,0,6
BRDA:65,9,1,6
BRF:21
BRH:18
end_of_record
TN:
SF:middleware\inputValidation.js
FN:19,(anonymous_0)
FN:26,(anonymous_1)
FN:59,(anonymous_2)
FN:272,(anonymous_3)
FNF:4
FNH:1
FNDA:0,(anonymous_0)
FNDA:0,(anonymous_1)
FNDA:0,(anonymous_2)
FNDA:7,(anonymous_3)
DA:14,1
DA:19,1
DA:20,0
DA:22,0
DA:23,0
DA:26,0
DA:34,0
DA:40,1
DA:61,0
DA:62,0
DA:63,0
DA:64,0
DA:170,1
DA:272,1
DA:274,7
DA:275,6
DA:276,7
DA:277,2
DA:283,7
DA:284,7
DA:285,1
DA:286,1
DA:291,7
DA:294,1
LF:24
LH:15
BRDA:22,0,0,0
BRDA:22,0,1,0
BRDA:62,1,0,0
BRDA:62,1,1,0
BRDA:63,2,0,0
BRDA:63,2,1,0
BRDA:274,3,0,6
BRDA:274,3,1,1
BRDA:274,4,0,7
BRDA:274,4,1,6
BRDA:276,5,0,2
BRDA:276,5,1,5
BRDA:283,6,0,7
BRDA:283,6,1,0
BRDA:283,7,0,7
BRDA:283,7,1,7
BRDA:285,8,0,1
BRDA:285,8,1,0
BRF:18
BRH:10
end_of_record
TN:
SF:middleware\rateLimiter.js
FN:20,(anonymous_0)
FN:39,createRateLimiter
FN:47,(anonymous_2)
FN:149,getRateLimitStats
FN:170,clearRateLimit
FNF:5
FNH:2
FNDA:0,(anonymous_0)
FNDA:11,createRateLimiter
FNDA:10,(anonymous_2)
FNDA:0,getRateLimitStats
FNDA:0,clearRateLimit
DA:16,1
DA:17,1
DA:20,1
DA:21,0
DA:22,0
DA:23,0
DA:24,0
DA:45,11
DA:47,11
DA:49,10
DA:50,10
DA:52,10
DA:53,10
DA:56,10
DA:57,7
DA:63,7
DA:64,7
DA:65,7
DA:67,7
DA:71,3
DA:74,3
DA:75,2
DA:77,2
DA:78,2
DA:79,2
DA:80,2
DA:82,2
DA:84,2
DA:94,1
DA:95,1
DA:96,1
DA:98,1
DA:107,1
DA:115,1
DA:123,1
DA:131,1
DA:139,1
DA:150,0
DA:155,0
DA:156,0
DA:157,0
DA:158,0
DA:160,0
DA:161,0
DA:164,0
DA:171,0
DA:172,0
DA:173,0
DA:176,0
DA:177,0
DA:178,0
DA:184,1
LF:52
LH:34
BRDA:23,0,0,0
BRDA:23,0,1,0
BRDA:43,1,0,5
BRDA:44,2,0,1
BRDA:49,3,0,10
BRDA:49,3,1,0
BRDA:49,3,2,0
BRDA:56,4,0,7
BRDA:56,4,1,3
BRDA:56,5,0,10
BRDA:56,5,1,3
BRDA:74,6,0,2
BRDA:74,6,1,1
BRDA:157,7,0,0
BRDA:157,7,1,0
BRDA:170,8,0,0
BRDA:171,9,0,0
BRDA:171,9,1,0
BRDA:177,10,0,0
BRDA:177,10,1,0
BRF:20
BRH:9
end_of_record
TN:
SF:middleware\rateLimiterRedis.js
FN:32,createRateLimiter
FN:58,createRateLimiterMiddleware
FN:59,(anonymous_2)
FN:165,getRateLimitStats
FN:193,clearRateLimit
FN:217,getRateLimitInfo
FNF:6
FNH:0
FNDA:0,createRateLimiter
FNDA:0,createRateLimiterMiddleware
FNDA:0,(anonymous_2)
FNDA:0,getRateLimitStats
FNDA:0,clearRateLimit
FNDA:0,getRateLimitInfo
DA:15,0
DA:16,0
DA:17,0
DA:20,0
DA:38,0
DA:40,0
DA:59,0
DA:61,0
DA:63,0
DA:65,0
DA:68,0
DA:69,0
DA:70,0
DA:72,0
DA:76,0
DA:78,0
DA:79,0
DA:80,0
DA:81,0
DA:83,0
DA:85,0
DA:101,0
DA:108,0
DA:114,0
DA:120,0
DA:126,0
DA:132,0
DA:138,0
DA:144,0
DA:150,0
DA:157,0
DA:166,0
DA:167,0
DA:169,0
DA:175,0
DA:176,0
DA:177,0
DA:178,0
DA:180,0
DA:183,0
DA:185,0
DA:186,0
DA:194,0
DA:195,0
DA:196,0
DA:197,0
DA:198,0
DA:201,0
DA:202,0
DA:203,0
DA:204,0
DA:207,0
DA:209,0
DA:210,0
DA:218,0
DA:219,0
DA:220,0
DA:221,0
DA:223,0
DA:224,0
DA:227,0
DA:235,0
DA:236,0
DA:240,0
LF:64
LH:0
BRDA:36,0,0,0
BRDA:37,1,0,0
BRDA:58,2,0,0
BRDA:61,3,0,0
BRDA:61,3,1,0
BRDA:61,3,2,0
BRDA:177,4,0,0
BRDA:177,4,1,0
BRDA:193,5,0,0
BRDA:195,6,0,0
BRDA:195,6,1,0
BRDA:202,7,0,0
BRDA:202,7,1,0
BRDA:217,8,0,0
BRDA:223,9,0,0
BRDA:223,9,1,0
BRDA:231,10,0,0
BRDA:231,10,1,0
BRF:18
BRH:0
end_of_record
TN:
SF:middleware\webhookValidation.js
FN:16,validateMetaWebhook
FN:125,sanitizeWebhookPayload
FN:129,sanitizeObject
FN:157,rateLimitByPhone
FN:220,(anonymous_4)
FN:232,getRateLimitStats
FNF:6
FNH:0
FNDA:0,validateMetaWebhook
FNDA:0,sanitizeWebhookPayload
FNDA:0,sanitizeObject
FNDA:0,rateLimitByPhone
FNDA:0,(anonymous_4)
FNDA:0,getRateLimitStats
DA:17,0
DA:18,0
DA:21,0
DA:22,0
DA:29,0
DA:30,0
DA:39,0
DA:40,0
DA:47,0
DA:48,0
DA:49,0
DA:55,0
DA:56,0
DA:63,0
DA:64,0
DA:65,0
DA:72,0
DA:73,0
DA:75,0
DA:76,0
DA:83,0
DA:84,0
DA:85,0
DA:86,0
DA:92,0
DA:93,0
DA:99,0
DA:100,0
DA:106,0
DA:107,0
DA:118,0
DA:119,0
DA:126,0
DA:130,0
DA:132,0
DA:133,0
DA:134,0
DA:136,0
DA:137,0
DA:138,0
DA:142,0
DA:145,0
DA:146,0
DA:153,1
DA:154,1
DA:155,1
DA:158,0
DA:159,0
DA:162,0
DA:164,0
DA:165,0
DA:166,0
DA:167,0
DA:168,0
DA:175,0
DA:177,0
DA:178,0
DA:180,0
DA:181,0
DA:185,0
DA:189,0
DA:190,0
DA:191,0
DA:195,0
DA:198,0
DA:199,0
DA:201,0
DA:210,0
DA:213,0
DA:215,0
DA:220,1
DA:221,0
DA:222,0
DA:223,0
DA:224,0
DA:233,0
DA:238,0
DA:240,0
DA:241,0
DA:242,0
DA:250,0
DA:253,1
LF:82
LH:5
BRDA:21,0,0,0
BRDA:21,0,1,0
BRDA:21,1,0,0
BRDA:21,1,1,0
BRDA:29,2,0,0
BRDA:29,2,1,0
BRDA:39,3,0,0
BRDA:39,3,1,0
BRDA:39,4,0,0
BRDA:39,4,1,0
BRDA:48,5,0,0
BRDA:48,5,1,0
BRDA:48,6,0,0
BRDA:48,6,1,0
BRDA:55,7,0,0
BRDA:55,7,1,0
BRDA:55,8,0,0
BRDA:55,8,1,0
BRDA:64,9,0,0
BRDA:64,9,1,0
BRDA:64,10,0,0
BRDA:64,10,1,0
BRDA:75,11,0,0
BRDA:75,11,1,0
BRDA:75,12,0,0
BRDA:75,12,1,0
BRDA:83,13,0,0
BRDA:83,13,1,0
BRDA:85,14,0,0
BRDA:85,14,1,0
BRDA:85,15,0,0
BRDA:85,15,1,0
BRDA:92,16,0,0
BRDA:92,16,1,0
BRDA:92,17,0,0
BRDA:92,17,1,0
BRDA:99,18,0,0
BRDA:99,18,1,0
BRDA:99,19,0,0
BRDA:99,19,1,0
BRDA:106,20,0,0
BRDA:106,20,1,0
BRDA:106,21,0,0
BRDA:106,21,1,0
BRDA:130,22,0,0
BRDA:130,22,1,0
BRDA:130,23,0,0
BRDA:130,23,1,0
BRDA:137,24,0,0
BRDA:137,24,1,0
BRDA:164,25,0,0
BRDA:164,25,1,0
BRDA:165,26,0,0
BRDA:165,26,1,0
BRDA:166,27,0,0
BRDA:166,27,1,0
BRDA:167,28,0,0
BRDA:167,28,1,0
BRDA:180,29,0,0
BRDA:180,29,1,0
BRDA:189,30,0,0
BRDA:189,30,1,0
BRDA:198,31,0,0
BRDA:198,31,1,0
BRDA:223,32,0,0
BRDA:223,32,1,0
BRDA:241,33,0,0
BRDA:241,33,1,0
BRF:68
BRH:0
end_of_record
TN:
SF:middleware\webhookVerification.js
FN:23,verifyWebhookSignature
FN:114,captureRawBody
FN:117,(anonymous_2)
FN:121,(anonymous_3)
FNF:4
FNH:0
FNDA:0,verifyWebhookSignature
FNDA:0,captureRawBody
FNDA:0,(anonymous_2)
FNDA:0,(anonymous_3)
DA:13,0
DA:14,0
DA:25,0
DA:26,0
DA:27,0
DA:30,0
DA:32,0
DA:34,0
DA:35,0
DA:36,0
DA:43,0
DA:45,0
DA:46,0
DA:47,0
DA:54,0
DA:56,0
DA:57,0
DA:58,0
DA:65,0
DA:71,0
DA:72,0
DA:74,0
DA:75,0
DA:76,0
DA:83,0
DA:85,0
DA:86,0
DA:87,0
DA:94,0
DA:95,0
DA:98,0
DA:99,0
DA:115,0
DA:117,0
DA:118,0
DA:121,0
DA:122,0
DA:126,0
LF:38
LH:0
BRDA:25,0,0,0
BRDA:25,0,1,0
BRDA:25,1,0,0
BRDA:25,1,1,0
BRDA:34,2,0,0
BRDA:34,2,1,0
BRDA:45,3,0,0
BRDA:45,3,1,0
BRDA:56,4,0,0
BRDA:56,4,1,0
BRDA:74,5,0,0
BRDA:74,5,1,0
BRDA:85,6,0,0
BRDA:85,6,1,0
BRF:14
BRH:0
end_of_record
TN:
SF:models\Category.js
FNF:0
FNH:0
DA:1,1
DA:4,1
DA:11,1
DA:40,1
LF:4
LH:4
BRF:0
BRH:0
end_of_record
TN:
SF:models\ChatbotImage.js
FNF:0
FNH:0
DA:1,0
DA:3,0
DA:70,0
LF:3
LH:0
BRF:0
BRH:0
end_of_record
TN:
SF:models\Customer.js
FN:55,(anonymous_0)
FNF:1
FNH:0
FNDA:0,(anonymous_0)
DA:1,0
DA:3,0
DA:55,0
DA:56,0
DA:57,0
DA:61,0
DA:62,0
DA:63,0
DA:64,0
DA:65,0
DA:67,0
LF:11
LH:0
BRF:0
BRH:0
end_of_record
TN:
SF:models\DashboardStats.js
FNF:0
FNH:0
DA:1,0
DA:4,0
DA:22,0
LF:3
LH:0
BRF:0
BRH:0
end_of_record
TN:
SF:models\DeliveryBoy.js
FN:39,(anonymous_0)
FN:59,(anonymous_1)
FNF:2
FNH:0
FNDA:0,(anonymous_0)
FNDA:0,(anonymous_1)
DA:1,0
DA:2,0
DA:4,0
DA:39,0
DA:41,0
DA:42,0
DA:43,0
DA:44,0
DA:45,0
DA:46,0
DA:47,0
DA:49,0
DA:53,0
DA:54,0
DA:56,0
DA:59,0
DA:60,0
DA:63,0
LF:18
LH:0
BRDA:41,0,0,0
BRDA:41,0,1,0
BRDA:46,1,0,0
BRDA:46,1,1,0
BRDA:46,2,0,0
BRDA:46,2,1,0
BRDA:46,2,2,0
BRDA:53,3,0,0
BRDA:53,3,1,0
BRF:9
BRH:0
end_of_record
TN:
SF:models\HeroSection.js
FN:16,(anonymous_0)
FNF:1
FNH:0
FNDA:0,(anonymous_0)
DA:1,0
DA:3,0
DA:16,0
DA:17,0
DA:18,0
DA:21,0
DA:23,0
LF:7
LH:0
BRF:0
BRH:0
end_of_record
TN:
SF:models\InboundMessage.js
FNF:0
FNH:0
DA:1,0
DA:11,0
DA:83,0
DA:86,0
DA:89,0
DA:94,0
LF:6
LH:0
BRF:0
BRH:0
end_of_record
TN:
SF:models\MenuItem.js
FN:31,(anonymous_0)
FNF:1
FNH:0
FNDA:0,(anonymous_0)
DA:1,1
DA:3,1
DA:31,1
DA:32,0
DA:33,0
DA:37,1
DA:38,1
DA:39,1
DA:40,1
DA:41,1
DA:43,1
LF:11
LH:9
BRF:0
BRH:0
end_of_record
TN:
SF:models\Offer.js
FN:54,(anonymous_0)
FNF:1
FNH:0
FNDA:0,(anonymous_0)
DA:1,0
DA:3,0
DA:54,0
DA:55,0
DA:56,0
DA:59,0
DA:60,0
DA:61,0
DA:63,0
LF:9
LH:0
BRF:0
BRH:0
end_of_record
TN:
SF:models\Order.js
FN:74,(anonymous_0)
FNF:1
FNH:0
FNDA:0,(anonymous_0)
DA:1,1
DA:3,1
DA:74,1
DA:75,0
DA:76,0
DA:80,1
DA:81,1
DA:82,1
DA:83,1
DA:84,1
DA:85,1
DA:86,1
DA:87,1
DA:88,1
DA:90,1
LF:15
LH:13
BRF:0
BRH:0
end_of_record
TN:
SF:models\OutboundMessage.js
FN:145,(anonymous_0)
FN:218,(anonymous_1)
FNF:2
FNH:0
FNDA:0,(anonymous_0)
FNDA:0,(anonymous_1)
DA:1,0
DA:13,0
DA:133,0
DA:134,0
DA:135,0
DA:136,0
DA:139,0
DA:145,0
DA:146,0
DA:147,0
DA:148,0
DA:151,0
DA:179,0
DA:180,0
DA:187,0
DA:188,0
DA:195,0
DA:196,0
DA:203,0
DA:204,0
DA:211,0
DA:218,0
DA:219,0
DA:220,0
DA:223,0
DA:225,0
DA:228,0
LF:27
LH:0
BRDA:146,0,0,0
BRDA:146,0,1,0
BRDA:147,1,0,0
BRDA:147,1,1,0
BRDA:147,1,2,0
BRDA:148,2,0,0
BRDA:148,2,1,0
BRDA:179,3,0,0
BRDA:179,3,1,0
BRDA:187,4,0,0
BRDA:187,4,1,0
BRDA:187,5,0,0
BRDA:187,5,1,0
BRDA:187,5,2,0
BRDA:195,6,0,0
BRDA:195,6,1,0
BRDA:195,7,0,0
BRDA:195,7,1,0
BRDA:195,7,2,0
BRDA:203,8,0,0
BRDA:203,8,1,0
BRDA:203,9,0,0
BRDA:203,9,1,0
BRF:23
BRH:0
end_of_record
TN:
SF:models\ReportHistory.js
FNF:0
FNH:0
DA:1,0
DA:4,0
DA:31,0
LF:3
LH:0
BRF:0
BRH:0
end_of_record
TN:
SF:models\Settings.js
FN:11,(anonymous_0)
FN:21,(anonymous_1)
FN:34,(anonymous_2)
FNF:3
FNH:0
FNDA:0,(anonymous_0)
FNDA:0,(anonymous_1)
FNDA:0,(anonymous_2)
DA:1,0
DA:3,0
DA:11,0
DA:12,0
DA:13,0
DA:17,0
DA:18,0
DA:21,0
DA:22,0
DA:23,0
DA:24,0
DA:25,0
DA:27,0
DA:28,0
DA:29,0
DA:30,0
DA:34,0
DA:35,0
DA:36,0
DA:41,0
DA:44,0
LF:21
LH:0
BRDA:21,0,0,0
BRDA:24,1,0,0
BRDA:24,1,1,0
BRDA:24,2,0,0
BRDA:24,2,1,0
BRDA:28,3,0,0
BRDA:28,3,1,0
BRDA:34,4,0,0
BRF:8
BRH:0
end_of_record
TN:
SF:models\User.js
FN:13,(anonymous_0)
FN:19,(anonymous_1)
FNF:2
FNH:0
FNDA:0,(anonymous_0)
FNDA:0,(anonymous_1)
DA:1,0
DA:2,0
DA:4,0
DA:13,0
DA:14,0
DA:15,0
DA:16,0
DA:19,0
DA:20,0
DA:23,0
LF:10
LH:0
BRDA:14,0,0,0
BRDA:14,0,1,0
BRF:2
BRH:0
end_of_record
TN:
SF:models\WhatsAppContact.js
FN:19,(anonymous_0)
FNF:1
FNH:0
FNDA:0,(anonymous_0)
DA:1,0
DA:3,0
DA:19,0
DA:20,0
DA:21,0
DA:24,0
LF:6
LH:0
BRF:0
BRH:0
end_of_record
TN:
SF:routes\ai.js
FN:10,(anonymous_0)
FN:20,(anonymous_1)
FNF:2
FNH:0
FNDA:0,(anonymous_0)
FNDA:0,(anonymous_1)
DA:1,0
DA:2,0
DA:3,0
DA:4,0
DA:5,0
DA:8,0
DA:10,0
DA:11,0
DA:12,0
DA:13,0
DA:14,0
DA:16,0
DA:20,0
DA:21,0
DA:22,0
DA:23,0
DA:24,0
DA:26,0
DA:30,0
LF:19
LH:0
BRF:0
BRH:0
end_of_record
TN:
SF:routes\analytics.js
FN:15,(anonymous_0)
FN:21,(anonymous_1)
FN:31,(anonymous_2)
FN:57,(anonymous_3)
FN:144,(anonymous_4)
FN:162,(anonymous_5)
FN:177,(anonymous_6)
FN:192,(anonymous_7)
FN:237,(anonymous_8)
FN:460,(anonymous_9)
FN:473,(anonymous_10)
FN:475,(anonymous_11)
FN:479,(anonymous_12)
FN:480,(anonymous_13)
FN:484,(anonymous_14)
FN:500,(anonymous_15)
FN:511,(anonymous_16)
FN:542,(anonymous_17)
FN:593,(anonymous_18)
FN:612,(anonymous_19)
FN:652,(anonymous_20)
FN:681,(anonymous_21)
FNF:22
FNH:0
FNDA:0,(anonymous_0)
FNDA:0,(anonymous_1)
FNDA:0,(anonymous_2)
FNDA:0,(anonymous_3)
FNDA:0,(anonymous_4)
FNDA:0,(anonymous_5)
FNDA:0,(anonymous_6)
FNDA:0,(anonymous_7)
FNDA:0,(anonymous_8)
FNDA:0,(anonymous_9)
FNDA:0,(anonymous_10)
FNDA:0,(anonymous_11)
FNDA:0,(anonymous_12)
FNDA:0,(anonymous_13)
FNDA:0,(anonymous_14)
FNDA:0,(anonymous_15)
FNDA:0,(anonymous_16)
FNDA:0,(anonymous_17)
FNDA:0,(anonymous_18)
FNDA:0,(anonymous_19)
FNDA:0,(anonymous_20)
FNDA:0,(anonymous_21)
DA:1,0
DA:2,0
DA:3,0
DA:4,0
DA:5,0
DA:6,0
DA:7,0
DA:8,0
DA:9,0
DA:12,0
DA:15,0
DA:16,0
DA:17,0
DA:21,0
DA:22,0
DA:23,0
DA:24,0
DA:25,0
DA:27,0
DA:31,0
DA:32,0
DA:33,0
DA:34,0
DA:37,0
DA:38,0
DA:39,0
DA:40,0
DA:43,0
DA:44,0
DA:45,0
DA:46,0
DA:48,0
DA:50,0
DA:55,0
DA:57,0
DA:58,0
DA:59,0
DA:60,0
DA:61,0
DA:78,0
DA:110,0
DA:114,0
DA:115,0
DA:116,0
DA:120,0
DA:123,0
DA:125,0
DA:140,0
DA:144,0
DA:145,0
DA:146,0
DA:147,0
DA:148,0
DA:150,0
DA:156,0
DA:158,0
DA:162,0
DA:163,0
DA:164,0
DA:170,0
DA:172,0
DA:177,0
DA:178,0
DA:179,0
DA:180,0
DA:181,0
DA:187,0
DA:192,0
DA:193,0
DA:194,0
DA:195,0
DA:198,0
DA:199,0
DA:201,0
DA:203,0
DA:204,0
DA:205,0
DA:207,0
DA:208,0
DA:209,0
DA:210,0
DA:212,0
DA:213,0
DA:214,0
DA:215,0
DA:217,0
DA:218,0
DA:219,0
DA:220,0
DA:222,0
DA:223,0
DA:224,0
DA:225,0
DA:226,0
DA:228,0
DA:230,0
DA:231,0
DA:234,0
DA:237,0
DA:238,0
DA:239,0
DA:250,0
DA:373,0
DA:376,0
DA:377,0
DA:378,0
DA:379,0
DA:381,0
DA:382,0
DA:383,0
DA:384,0
DA:385,0
DA:386,0
DA:387,0
DA:388,0
DA:389,0
DA:392,0
DA:393,0
DA:394,0
DA:395,0
DA:397,0
DA:402,0
DA:403,0
DA:404,0
DA:405,0
DA:407,0
DA:413,0
DA:414,0
DA:415,0
DA:416,0
DA:417,0
DA:420,0
DA:421,0
DA:422,0
DA:423,0
DA:424,0
DA:425,0
DA:426,0
DA:427,0
DA:429,0
DA:435,0
DA:436,0
DA:437,0
DA:448,0
DA:449,0
DA:451,0
DA:452,0
DA:454,0
DA:455,0
DA:460,0
DA:463,0
DA:464,0
DA:465,0
DA:466,0
DA:467,0
DA:468,0
DA:470,0
DA:473,0
DA:475,0
DA:476,0
DA:479,0
DA:480,0
DA:483,0
DA:484,0
DA:487,0
DA:490,0
DA:491,0
DA:492,0
DA:500,0
DA:501,0
DA:502,0
DA:503,0
DA:504,0
DA:506,0
DA:507,0
DA:511,0
DA:512,0
DA:513,0
DA:514,0
DA:517,0
DA:536,0
DA:537,0
DA:542,0
DA:543,0
DA:544,0
DA:545,0
DA:546,0
DA:549,0
DA:566,0
DA:567,0
DA:570,0
DA:581,0
DA:588,0
DA:593,0
DA:594,0
DA:595,0
DA:596,0
DA:598,0
DA:600,0
DA:602,0
DA:603,0
DA:604,0
DA:606,0
DA:607,0
DA:612,0
DA:613,0
DA:614,0
DA:615,0
DA:616,0
DA:618,0
DA:619,0
DA:620,0
DA:623,0
DA:625,0
DA:633,0
DA:634,0
DA:636,0
DA:644,0
DA:646,0
DA:647,0
DA:652,0
DA:653,0
DA:654,0
DA:655,0
DA:658,0
DA:659,0
DA:662,0
DA:663,0
DA:665,0
DA:666,0
DA:667,0
DA:668,0
DA:681,0
DA:684,0
DA:685,0
DA:686,0
DA:689,0
DA:690,0
DA:691,0
DA:694,0
DA:695,0
DA:696,0
DA:698,0
DA:720,0
DA:721,0
DA:724,0
DA:739,0
DA:740,0
DA:744,0
LF:249
LH:0
BRDA:23,0,0,0
BRDA:23,0,1,0
BRDA:37,1,0,0
BRDA:37,1,1,0
BRDA:110,2,0,0
BRDA:110,2,1,0
BRDA:115,3,0,0
BRDA:115,3,1,0
BRDA:120,4,0,0
BRDA:120,4,1,0
BRDA:123,5,0,0
BRDA:123,5,1,0
BRDA:137,6,0,0
BRDA:137,6,1,0
BRDA:146,7,0,0
BRDA:201,8,0,0
BRDA:201,8,1,0
BRDA:201,8,2,0
BRDA:201,8,3,0
BRDA:201,8,4,0
BRDA:201,8,5,0
BRDA:222,9,0,0
BRDA:222,9,1,0
BRDA:222,10,0,0
BRDA:222,10,1,0
BRDA:373,11,0,0
BRDA:373,11,1,0
BRDA:382,12,0,0
BRDA:382,12,1,0
BRDA:383,13,0,0
BRDA:383,13,1,0
BRDA:384,14,0,0
BRDA:384,14,1,0
BRDA:385,15,0,0
BRDA:385,15,1,0
BRDA:386,16,0,0
BRDA:386,16,1,0
BRDA:387,17,0,0
BRDA:387,17,1,0
BRDA:388,18,0,0
BRDA:388,18,1,0
BRDA:389,19,0,0
BRDA:389,19,1,0
BRDA:392,20,0,0
BRDA:392,20,1,0
BRDA:393,21,0,0
BRDA:393,21,1,0
BRDA:402,22,0,0
BRDA:402,22,1,0
BRDA:403,23,0,0
BRDA:403,23,1,0
BRDA:422,24,0,0
BRDA:422,24,1,0
BRDA:425,25,0,0
BRDA:425,25,1,0
BRDA:426,26,0,0
BRDA:426,26,1,0
BRDA:427,27,0,0
BRDA:427,27,1,0
BRDA:429,28,0,0
BRDA:429,28,1,0
BRDA:429,29,0,0
BRDA:429,29,1,0
BRDA:436,30,0,0
BRDA:436,30,1,0
BRDA:440,31,0,0
BRDA:440,31,1,0
BRDA:443,32,0,0
BRDA:443,32,1,0
BRDA:444,33,0,0
BRDA:444,33,1,0
BRDA:448,34,0,0
BRDA:448,34,1,0
BRDA:448,35,0,0
BRDA:448,35,1,0
BRDA:451,36,0,0
BRDA:451,36,1,0
BRDA:451,37,0,0
BRDA:451,37,1,0
BRDA:454,38,0,0
BRDA:454,38,1,0
BRDA:454,39,0,0
BRDA:454,39,1,0
BRDA:465,40,0,0
BRDA:465,40,1,0
BRDA:466,41,0,0
BRDA:466,41,1,0
BRDA:476,42,0,0
BRDA:476,42,1,0
BRDA:479,43,0,0
BRDA:479,43,1,0
BRDA:480,44,0,0
BRDA:480,44,1,0
BRDA:494,45,0,0
BRDA:494,45,1,0
BRDA:495,46,0,0
BRDA:495,46,1,0
BRDA:501,47,0,0
BRDA:501,47,1,0
BRDA:501,48,0,0
BRDA:501,48,1,0
BRDA:501,48,2,0
BRDA:503,49,0,0
BRDA:503,49,1,0
BRDA:506,50,0,0
BRDA:506,50,1,0
BRDA:566,51,0,0
BRDA:566,51,1,0
BRDA:567,52,0,0
BRDA:567,52,1,0
BRDA:619,53,0,0
BRDA:619,53,1,0
BRDA:633,54,0,0
BRDA:633,54,1,0
BRDA:670,55,0,0
BRDA:670,55,1,0
BRDA:671,56,0,0
BRDA:671,56,1,0
BRDA:672,57,0,0
BRDA:672,57,1,0
BRDA:673,58,0,0
BRDA:673,58,1,0
BRDA:685,59,0,0
BRDA:685,59,1,0
BRDA:695,60,0,0
BRDA:695,60,1,0
BRDA:705,61,0,0
BRDA:705,61,1,0
BRDA:706,62,0,0
BRDA:706,62,1,0
BRDA:709,63,0,0
BRDA:709,63,1,0
BRDA:710,64,0,0
BRDA:710,64,1,0
BRDA:712,65,0,0
BRDA:712,65,1,0
BRDA:714,66,0,0
BRDA:714,66,1,0
BRDA:715,67,0,0
BRDA:715,67,1,0
BRDA:717,68,0,0
BRDA:717,68,1,0
BRDA:727,69,0,0
BRDA:727,69,1,0
BRDA:728,70,0,0
BRDA:728,70,1,0
BRDA:729,71,0,0
BRDA:729,71,1,0
BRDA:729,72,0,0
BRDA:729,72,1,0
BRF:150
BRH:0
end_of_record
TN:
SF:routes\auth.js
FN:13,(anonymous_0)
FN:16,(anonymous_1)
FN:22,(anonymous_2)
FN:51,(anonymous_3)
FN:87,(anonymous_4)
FN:100,(anonymous_5)
FN:138,(anonymous_6)
FN:161,(anonymous_7)
FNF:8
FNH:0
FNDA:0,(anonymous_0)
FNDA:0,(anonymous_1)
FNDA:0,(anonymous_2)
FNDA:0,(anonymous_3)
FNDA:0,(anonymous_4)
FNDA:0,(anonymous_5)
FNDA:0,(anonymous_6)
FNDA:0,(anonymous_7)
DA:1,0
DA:2,0
DA:3,0
DA:4,0
DA:5,0
DA:6,0
DA:7,0
DA:10,0
DA:13,0
DA:14,0
DA:15,0
DA:16,0
DA:18,0
DA:22,0
DA:23,0
DA:24,0
DA:26,0
DA:27,0
DA:28,0
DA:29,0
DA:32,0
DA:33,0
DA:34,0
DA:37,0
DA:38,0
DA:39,0
DA:41,0
DA:42,0
DA:46,0
DA:52,0
DA:53,0
DA:56,0
DA:58,0
DA:59,0
DA:61,0
DA:66,0
DA:67,0
DA:71,0
DA:72,0
DA:75,0
DA:76,0
DA:77,0
DA:80,0
DA:81,0
DA:83,0
DA:87,0
DA:88,0
DA:89,0
DA:91,0
DA:92,0
DA:93,0
DA:95,0
DA:100,0
DA:101,0
DA:102,0
DA:104,0
DA:105,0
DA:106,0
DA:108,0
DA:109,0
DA:113,0
DA:114,0
DA:115,0
DA:118,0
DA:123,0
DA:124,0
DA:126,0
DA:130,0
DA:132,0
DA:133,0
DA:138,0
DA:139,0
DA:140,0
DA:142,0
DA:143,0
DA:146,0
DA:147,0
DA:148,0
DA:149,0
DA:150,0
DA:154,0
DA:156,0
DA:161,0
DA:162,0
DA:163,0
DA:165,0
DA:166,0
DA:169,0
DA:170,0
DA:171,0
DA:172,0
DA:173,0
DA:174,0
DA:176,0
DA:179,0
DA:182,0
DA:183,0
DA:187,0
LF:98
LH:0
BRDA:15,0,0,0
BRDA:15,0,1,0
BRDA:24,1,0,0
BRDA:24,1,1,0
BRDA:28,2,0,0
BRDA:28,2,1,0
BRDA:33,3,0,0
BRDA:33,3,1,0
BRDA:56,4,0,0
BRDA:56,4,1,0
BRDA:56,5,0,0
BRDA:56,5,1,0
BRDA:59,6,0,0
BRDA:59,6,1,0
BRDA:76,7,0,0
BRDA:76,7,1,0
BRDA:76,8,0,0
BRDA:76,8,1,0
BRDA:89,9,0,0
BRDA:89,9,1,0
BRDA:102,10,0,0
BRDA:102,10,1,0
BRDA:108,11,0,0
BRDA:108,11,1,0
BRDA:113,12,0,0
BRDA:113,12,1,0
BRDA:123,13,0,0
BRDA:123,13,1,0
BRDA:140,14,0,0
BRDA:140,14,1,0
BRDA:146,15,0,0
BRDA:146,15,1,0
BRDA:148,16,0,0
BRDA:148,16,1,0
BRDA:148,17,0,0
BRDA:148,17,1,0
BRDA:163,18,0,0
BRDA:163,18,1,0
BRDA:169,19,0,0
BRDA:169,19,1,0
BRDA:171,20,0,0
BRDA:171,20,1,0
BRDA:171,21,0,0
BRDA:171,21,1,0
BRF:44
BRH:0
end_of_record
TN:
SF:routes\cache.js
FN:23,(anonymous_0)
FN:37,(anonymous_1)
FN:51,(anonymous_2)
FN:65,(anonymous_3)
FN:80,(anonymous_4)
FNF:5
FNH:0
FNDA:0,(anonymous_0)
FNDA:0,(anonymous_1)
FNDA:0,(anonymous_2)
FNDA:0,(anonymous_3)
FNDA:0,(anonymous_4)
DA:5,0
DA:6,0
DA:7,0
DA:8,0
DA:9,0
DA:11,0
DA:14,0
DA:15,0
DA:16,0
DA:23,0
DA:24,0
DA:25,0
DA:26,0
DA:28,0
DA:37,0
DA:38,0
DA:39,0
DA:40,0
DA:42,0
DA:51,0
DA:52,0
DA:53,0
DA:54,0
DA:56,0
DA:65,0
DA:66,0
DA:67,0
DA:68,0
DA:69,0
DA:71,0
DA:80,0
DA:81,0
DA:82,0
DA:83,0
DA:84,0
DA:86,0
DA:90,0
LF:37
LH:0
BRF:0
BRH:0
end_of_record
TN:
SF:routes\category.js
FN:19,(anonymous_0)
FN:29,(anonymous_1)
FN:39,(anonymous_2)
FN:75,(anonymous_3)
FN:132,(anonymous_4)
FN:151,(anonymous_5)
FN:240,(anonymous_6)
FN:286,(anonymous_7)
FN:330,(anonymous_8)
FNF:9
FNH:0
FNDA:0,(anonymous_0)
FNDA:0,(anonymous_1)
FNDA:0,(anonymous_2)
FNDA:0,(anonymous_3)
FNDA:0,(anonymous_4)
FNDA:0,(anonymous_5)
FNDA:0,(anonymous_6)
FNDA:0,(anonymous_7)
FNDA:0,(anonymous_8)
DA:1,0
DA:2,0
DA:3,0
DA:4,0
DA:5,0
DA:6,0
DA:7,0
DA:8,0
DA:9,0
DA:10,0
DA:13,0
DA:16,0
DA:20,0
DA:21,0
DA:23,0
DA:29,0
DA:30,0
DA:31,0
DA:32,0
DA:34,0
DA:39,0
DA:40,0
DA:41,0
DA:44,0
DA:45,0
DA:46,0
DA:50,0
DA:51,0
DA:52,0
DA:55,0
DA:58,0
DA:59,0
DA:62,0
DA:63,0
DA:66,0
DA:68,0
DA:70,0
DA:75,0
DA:76,0
DA:77,0
DA:80,0
DA:81,0
DA:84,0
DA:85,0
DA:88,0
DA:89,0
DA:90,0
DA:91,0
DA:92,0
DA:94,0
DA:97,0
DA:100,0
DA:101,0
DA:102,0
DA:103,0
DA:104,0
DA:106,0
DA:109,0
DA:112,0
DA:113,0
DA:116,0
DA:123,0
DA:125,0
DA:127,0
DA:132,0
DA:133,0
DA:134,0
DA:135,0
DA:136,0
DA:138,0
DA:139,0
DA:142,0
DA:144,0
DA:146,0
DA:151,0
DA:152,0
DA:153,0
DA:155,0
DA:156,0
DA:158,0
DA:159,0
DA:160,0
DA:163,0
DA:166,0
DA:176,0
DA:177,0
DA:180,0
DA:181,0
DA:182,0
DA:184,0
DA:185,0
DA:186,0
DA:188,0
DA:192,0
DA:193,0
DA:194,0
DA:197,0
DA:199,0
DA:202,0
DA:203,0
DA:205,0
DA:206,0
DA:207,0
DA:210,0
DA:211,0
DA:216,0
DA:217,0
DA:219,0
DA:223,0
DA:224,0
DA:227,0
DA:229,0
DA:232,0
DA:233,0
DA:240,0
DA:241,0
DA:242,0
DA:243,0
DA:244,0
DA:247,0
DA:250,0
DA:251,0
DA:252,0
DA:255,0
DA:258,0
DA:260,0
DA:264,0
DA:267,0
DA:271,0
DA:275,0
DA:277,0
DA:279,0
DA:286,0
DA:287,0
DA:288,0
DA:290,0
DA:291,0
DA:293,0
DA:294,0
DA:295,0
DA:299,0
DA:306,0
DA:307,0
DA:310,0
DA:314,0
DA:317,0
DA:320,0
DA:322,0
DA:324,0
DA:325,0
DA:330,0
DA:331,0
DA:333,0
DA:334,0
DA:335,0
DA:338,0
DA:341,0
DA:342,0
DA:343,0
DA:344,0
DA:346,0
DA:351,0
DA:353,0
DA:354,0
DA:356,0
DA:357,0
DA:360,0
DA:361,0
DA:362,0
DA:363,0
DA:365,0
DA:368,0
DA:369,0
DA:372,0
DA:375,0
DA:380,0
DA:383,0
DA:385,0
DA:392,0
DA:396,0
LF:180
LH:0
BRDA:20,0,0,0
BRDA:20,0,1,0
BRDA:44,1,0,0
BRDA:44,1,1,0
BRDA:45,2,0,0
BRDA:45,2,1,0
BRDA:51,3,0,0
BRDA:51,3,1,0
BRDA:55,4,0,0
BRDA:55,4,1,0
BRDA:58,5,0,0
BRDA:58,5,1,0
BRDA:62,6,0,0
BRDA:62,6,1,0
BRDA:80,7,0,0
BRDA:80,7,1,0
BRDA:81,8,0,0
BRDA:81,8,1,0
BRDA:85,9,0,0
BRDA:85,9,1,0
BRDA:88,10,0,0
BRDA:88,10,1,0
BRDA:88,11,0,0
BRDA:88,11,1,0
BRDA:89,12,0,0
BRDA:89,12,1,0
BRDA:89,13,0,0
BRDA:89,13,1,0
BRDA:92,14,0,0
BRDA:92,14,1,0
BRDA:100,15,0,0
BRDA:100,15,1,0
BRDA:101,16,0,0
BRDA:101,16,1,0
BRDA:101,17,0,0
BRDA:101,17,1,0
BRDA:104,18,0,0
BRDA:104,18,1,0
BRDA:112,19,0,0
BRDA:112,19,1,0
BRDA:112,20,0,0
BRDA:112,20,1,0
BRDA:118,21,0,0
BRDA:118,21,1,0
BRDA:135,22,0,0
BRDA:135,22,1,0
BRDA:159,23,0,0
BRDA:159,23,1,0
BRDA:167,24,0,0
BRDA:167,24,1,0
BRDA:168,25,0,0
BRDA:168,25,1,0
BRDA:169,26,0,0
BRDA:169,26,1,0
BRDA:170,27,0,0
BRDA:170,27,1,0
BRDA:171,28,0,0
BRDA:171,28,1,0
BRDA:172,29,0,0
BRDA:172,29,1,0
BRDA:180,30,0,0
BRDA:180,30,1,0
BRDA:216,31,0,0
BRDA:216,31,1,0
BRDA:243,32,0,0
BRDA:243,32,1,0
BRDA:250,33,0,0
BRDA:250,33,1,0
BRDA:258,34,0,0
BRDA:258,34,1,0
BRDA:294,35,0,0
BRDA:294,35,1,0
BRDA:300,36,0,0
BRDA:300,36,1,0
BRDA:301,37,0,0
BRDA:301,37,1,0
BRDA:306,38,0,0
BRDA:306,38,1,0
BRDA:306,39,0,0
BRDA:306,39,1,0
BRDA:334,40,0,0
BRDA:334,40,1,0
BRDA:341,41,0,0
BRDA:341,41,1,0
BRDA:341,42,0,0
BRDA:341,42,1,0
BRDA:344,43,0,0
BRDA:344,43,1,0
BRDA:357,44,0,0
BRDA:357,44,1,0
BRDA:360,45,0,0
BRDA:360,45,1,0
BRDA:360,46,0,0
BRDA:360,46,1,0
BRDA:363,47,0,0
BRDA:363,47,1,0
BRF:96
BRH:0
end_of_record
TN:
SF:routes\chatbotImages.js
FN:18,(anonymous_0)
FN:257,(anonymous_1)
FN:273,(anonymous_2)
FN:290,(anonymous_3)
FN:291,(anonymous_4)
FN:316,(anonymous_5)
FN:321,(anonymous_6)
FN:334,(anonymous_7)
FN:357,(anonymous_8)
FN:367,(anonymous_9)
FN:376,(anonymous_10)
FN:403,(anonymous_11)
FN:406,(anonymous_12)
FNF:13
FNH:0
FNDA:0,(anonymous_0)
FNDA:0,(anonymous_1)
FNDA:0,(anonymous_2)
FNDA:0,(anonymous_3)
FNDA:0,(anonymous_4)
FNDA:0,(anonymous_5)
FNDA:0,(anonymous_6)
FNDA:0,(anonymous_7)
FNDA:0,(anonymous_8)
FNDA:0,(anonymous_9)
FNDA:0,(anonymous_10)
FNDA:0,(anonymous_11)
FNDA:0,(anonymous_12)
DA:1,0
DA:2,0
DA:3,0
DA:4,0
DA:5,0
DA:6,0
DA:7,0
DA:8,0
DA:9,0
DA:12,0
DA:15,0
DA:19,0
DA:20,0
DA:22,0
DA:28,0
DA:31,0
DA:257,0
DA:258,0
DA:259,0
DA:260,0
DA:266,0
DA:268,0
DA:273,0
DA:274,0
DA:275,0
DA:278,0
DA:279,0
DA:280,0
DA:281,0
DA:282,0
DA:284,0
DA:287,0
DA:290,0
DA:291,0
DA:293,0
DA:294,0
DA:295,0
DA:296,0
DA:297,0
DA:298,0
DA:300,0
DA:304,0
DA:308,0
DA:310,0
DA:311,0
DA:316,0
DA:317,0
DA:318,0
DA:319,0
DA:321,0
DA:322,0
DA:323,0
DA:325,0
DA:327,0
DA:329,0
DA:334,0
DA:335,0
DA:336,0
DA:338,0
DA:339,0
DA:343,0
DA:346,0
DA:347,0
DA:348,0
DA:350,0
DA:355,0
DA:357,0
DA:358,0
DA:368,0
DA:369,0
DA:372,0
DA:376,0
DA:378,0
DA:392,0
DA:393,0
DA:395,0
DA:397,0
DA:398,0
DA:403,0
DA:404,0
DA:405,0
DA:406,0
DA:408,0
DA:409,0
DA:413,0
DA:414,0
DA:415,0
DA:416,0
DA:418,0
DA:423,0
DA:430,0
DA:431,0
DA:433,0
DA:435,0
DA:439,0
LF:95
LH:0
BRDA:19,0,0,0
BRDA:19,0,1,0
BRDA:278,1,0,0
BRDA:278,1,1,0
BRDA:293,2,0,0
BRDA:293,2,1,0
BRDA:319,3,0,0
BRDA:319,3,1,0
BRDA:322,4,0,0
BRDA:322,4,1,0
BRDA:338,5,0,0
BRDA:338,5,1,0
BRDA:346,6,0,0
BRDA:346,6,1,0
BRDA:368,7,0,0
BRDA:368,7,1,0
BRDA:382,8,0,0
BRDA:382,8,1,0
BRDA:383,9,0,0
BRDA:383,9,1,0
BRDA:408,10,0,0
BRDA:408,10,1,0
BRDA:414,11,0,0
BRDA:414,11,1,0
BRF:24
BRH:0
end_of_record
TN:
SF:routes\customer.js
FN:11,(anonymous_0)
FN:29,(anonymous_1)
FN:39,(anonymous_2)
FN:57,(anonymous_3)
FN:68,(anonymous_4)
FN:80,(anonymous_5)
FN:85,(anonymous_6)
FN:92,(anonymous_7)
FN:101,(anonymous_8)
FNF:9
FNH:0
FNDA:0,(anonymous_0)
FNDA:0,(anonymous_1)
FNDA:0,(anonymous_2)
FNDA:0,(anonymous_3)
FNDA:0,(anonymous_4)
FNDA:0,(anonymous_5)
FNDA:0,(anonymous_6)
FNDA:0,(anonymous_7)
FNDA:0,(anonymous_8)
DA:1,0
DA:2,0
DA:3,0
DA:4,0
DA:5,0
DA:6,0
DA:9,0
DA:11,0
DA:12,0
DA:13,0
DA:16,0
DA:29,0
DA:32,0
DA:33,0
DA:39,0
DA:40,0
DA:43,0
DA:49,0
DA:56,0
DA:57,0
DA:59,0
DA:62,0
DA:64,0
DA:68,0
DA:69,0
DA:70,0
DA:71,0
DA:73,0
DA:76,0
DA:80,0
DA:81,0
DA:85,0
DA:86,0
DA:91,0
DA:92,0
DA:93,0
DA:95,0
DA:97,0
DA:101,0
DA:102,0
DA:103,0
DA:104,0
DA:105,0
DA:107,0
DA:111,0
LF:45
LH:0
BRDA:13,0,0,0
BRDA:13,1,0,0
BRDA:57,2,0,0
BRDA:57,2,1,0
BRDA:71,3,0,0
BRDA:71,3,1,0
BRDA:86,4,0,0
BRDA:86,4,1,0
BRDA:86,4,2,0
BRDA:92,5,0,0
BRDA:92,5,1,0
BRF:11
BRH:0
end_of_record
TN:
SF:routes\database.js
FN:25,(anonymous_0)
FN:39,(anonymous_1)
FN:54,(anonymous_2)
FN:68,(anonymous_3)
FN:82,(anonymous_4)
FN:97,(anonymous_5)
FN:111,(anonymous_6)
FN:131,(anonymous_7)
FN:145,(anonymous_8)
FN:159,(anonymous_9)
FN:173,(anonymous_10)
FN:187,(anonymous_11)
FNF:12
FNH:0
FNDA:0,(anonymous_0)
FNDA:0,(anonymous_1)
FNDA:0,(anonymous_2)
FNDA:0,(anonymous_3)
FNDA:0,(anonymous_4)
FNDA:0,(anonymous_5)
FNDA:0,(anonymous_6)
FNDA:0,(anonymous_7)
FNDA:0,(anonymous_8)
FNDA:0,(anonymous_9)
FNDA:0,(anonymous_10)
FNDA:0,(anonymous_11)
DA:5,0
DA:6,0
DA:7,0
DA:8,0
DA:9,0
DA:10,0
DA:11,0
DA:13,0
DA:16,0
DA:17,0
DA:18,0
DA:25,0
DA:26,0
DA:27,0
DA:28,0
DA:30,0
DA:39,0
DA:40,0
DA:41,0
DA:42,0
DA:43,0
DA:45,0
DA:54,0
DA:55,0
DA:56,0
DA:57,0
DA:59,0
DA:68,0
DA:69,0
DA:70,0
DA:71,0
DA:73,0
DA:82,0
DA:83,0
DA:84,0
DA:85,0
DA:86,0
DA:88,0
DA:97,0
DA:98,0
DA:99,0
DA:100,0
DA:102,0
DA:111,0
DA:112,0
DA:113,0
DA:115,0
DA:116,0
DA:119,0
DA:120,0
DA:122,0
DA:131,0
DA:132,0
DA:133,0
DA:134,0
DA:136,0
DA:145,0
DA:146,0
DA:147,0
DA:148,0
DA:150,0
DA:159,0
DA:160,0
DA:161,0
DA:162,0
DA:164,0
DA:173,0
DA:174,0
DA:175,0
DA:176,0
DA:178,0
DA:187,0
DA:188,0
DA:189,0
DA:190,0
DA:192,0
DA:196,0
LF:77
LH:0
BRDA:41,0,0,0
BRDA:41,0,1,0
BRDA:115,1,0,0
BRDA:115,1,1,0
BRDA:115,2,0,0
BRDA:115,2,1,0
BRF:6
BRH:0
end_of_record
TN:
SF:routes\deliveryboy.js
FN:26,(anonymous_0)
FN:36,(anonymous_1)
FN:46,(anonymous_2)
FN:95,(anonymous_3)
FN:104,(anonymous_4)
FN:126,(anonymous_5)
FN:158,(anonymous_6)
FN:168,(anonymous_7)
FN:207,(anonymous_8)
FN:242,(anonymous_9)
FN:252,(anonymous_10)
FN:275,(anonymous_11)
FN:301,(anonymous_12)
FN:327,(anonymous_13)
FN:389,(anonymous_14)
FN:422,(anonymous_15)
FN:465,(anonymous_16)
FN:496,(anonymous_17)
FN:520,(anonymous_18)
FN:548,(anonymous_19)
FN:573,(anonymous_20)
FN:602,(anonymous_21)
FN:617,(anonymous_22)
FN:640,(anonymous_23)
FN:655,(anonymous_24)
FN:692,(anonymous_25)
FN:702,(anonymous_26)
FN:720,(anonymous_27)
FN:740,(anonymous_28)
FN:772,(anonymous_29)
FN:791,(anonymous_30)
FN:835,(anonymous_31)
FN:836,(anonymous_32)
FN:837,(anonymous_33)
FN:859,(anonymous_34)
FN:872,(anonymous_35)
FN:909,(anonymous_36)
FN:930,(anonymous_37)
FN:999,(anonymous_38)
FN:1061,(anonymous_39)
FN:1119,(anonymous_40)
FN:1227,(anonymous_41)
FN:1233,(anonymous_42)
FN:1253,(anonymous_43)
FN:1323,(anonymous_44)
FNF:45
FNH:0
FNDA:0,(anonymous_0)
FNDA:0,(anonymous_1)
FNDA:0,(anonymous_2)
FNDA:0,(anonymous_3)
FNDA:0,(anonymous_4)
FNDA:0,(anonymous_5)
FNDA:0,(anonymous_6)
FNDA:0,(anonymous_7)
FNDA:0,(anonymous_8)
FNDA:0,(anonymous_9)
FNDA:0,(anonymous_10)
FNDA:0,(anonymous_11)
FNDA:0,(anonymous_12)
FNDA:0,(anonymous_13)
FNDA:0,(anonymous_14)
FNDA:0,(anonymous_15)
FNDA:0,(anonymous_16)
FNDA:0,(anonymous_17)
FNDA:0,(anonymous_18)
FNDA:0,(anonymous_19)
FNDA:0,(anonymous_20)
FNDA:0,(anonymous_21)
FNDA:0,(anonymous_22)
FNDA:0,(anonymous_23)
FNDA:0,(anonymous_24)
FNDA:0,(anonymous_25)
FNDA:0,(anonymous_26)
FNDA:0,(anonymous_27)
FNDA:0,(anonymous_28)
FNDA:0,(anonymous_29)
FNDA:0,(anonymous_30)
FNDA:0,(anonymous_31)
FNDA:0,(anonymous_32)
FNDA:0,(anonymous_33)
FNDA:0,(anonymous_34)
FNDA:0,(anonymous_35)
FNDA:0,(anonymous_36)
FNDA:0,(anonymous_37)
FNDA:0,(anonymous_38)
FNDA:0,(anonymous_39)
FNDA:0,(anonymous_40)
FNDA:0,(anonymous_41)
FNDA:0,(anonymous_42)
FNDA:0,(anonymous_43)
FNDA:0,(anonymous_44)
DA:1,0
DA:2,0
DA:3,0
DA:4,0
DA:5,0
DA:6,0
DA:7,0
DA:8,0
DA:9,0
DA:10,0
DA:11,0
DA:12,0
DA:13,0
DA:14,0
DA:15,0
DA:16,0
DA:17,0
DA:20,0
DA:23,0
DA:27,0
DA:28,0
DA:30,0
DA:36,0
DA:37,0
DA:38,0
DA:39,0
DA:40,0
DA:42,0
DA:46,0
DA:47,0
DA:48,0
DA:49,0
DA:50,0
DA:52,0
DA:53,0
DA:55,0
DA:56,0
DA:79,0
DA:80,0
DA:82,0
DA:83,0
DA:84,0
DA:85,0
DA:87,0
DA:88,0
DA:95,0
DA:96,0
DA:97,0
DA:101,0
DA:102,0
DA:104,0
DA:105,0
DA:108,0
DA:109,0
DA:110,0
DA:113,0
DA:116,0
DA:119,0
DA:121,0
DA:126,0
DA:127,0
DA:128,0
DA:131,0
DA:132,0
DA:133,0
DA:137,0
DA:138,0
DA:145,0
DA:146,0
DA:150,0
DA:153,0
DA:154,0
DA:156,0
DA:157,0
DA:158,0
DA:159,0
DA:169,0
DA:170,0
DA:173,0
DA:175,0
DA:176,0
DA:180,0
DA:190,0
DA:193,0
DA:196,0
DA:197,0
DA:199,0
DA:201,0
DA:202,0
DA:207,0
DA:208,0
DA:209,0
DA:210,0
DA:212,0
DA:213,0
DA:217,0
DA:218,0
DA:219,0
DA:220,0
DA:221,0
DA:223,0
DA:224,0
DA:225,0
DA:227,0
DA:231,0
DA:233,0
DA:234,0
DA:235,0
DA:237,0
DA:241,0
DA:242,0
DA:243,0
DA:253,0
DA:254,0
DA:257,0
DA:259,0
DA:260,0
DA:263,0
DA:265,0
DA:266,0
DA:268,0
DA:270,0
DA:275,0
DA:276,0
DA:277,0
DA:279,0
DA:280,0
DA:284,0
DA:285,0
DA:286,0
DA:288,0
DA:292,0
DA:294,0
DA:296,0
DA:301,0
DA:302,0
DA:303,0
DA:305,0
DA:306,0
DA:310,0
DA:311,0
DA:312,0
DA:313,0
DA:316,0
DA:318,0
DA:320,0
DA:327,0
DA:328,0
DA:329,0
DA:332,0
DA:335,0
DA:337,0
DA:338,0
DA:346,0
DA:349,0
DA:350,0
DA:353,0
DA:354,0
DA:357,0
DA:358,0
DA:359,0
DA:363,0
DA:364,0
DA:365,0
DA:368,0
DA:379,0
DA:380,0
DA:382,0
DA:384,0
DA:389,0
DA:390,0
DA:391,0
DA:393,0
DA:394,0
DA:396,0
DA:397,0
DA:401,0
DA:403,0
DA:404,0
DA:407,0
DA:408,0
DA:411,0
DA:412,0
DA:415,0
DA:417,0
DA:422,0
DA:423,0
DA:424,0
DA:426,0
DA:427,0
DA:429,0
DA:430,0
DA:433,0
DA:435,0
DA:436,0
DA:439,0
DA:440,0
DA:443,0
DA:445,0
DA:446,0
DA:449,0
DA:450,0
DA:451,0
DA:454,0
DA:455,0
DA:456,0
DA:458,0
DA:460,0
DA:465,0
DA:466,0
DA:467,0
DA:469,0
DA:470,0
DA:472,0
DA:473,0
DA:476,0
DA:479,0
DA:484,0
DA:487,0
DA:489,0
DA:491,0
DA:496,0
DA:497,0
DA:498,0
DA:500,0
DA:501,0
DA:503,0
DA:504,0
DA:508,0
DA:513,0
DA:515,0
DA:520,0
DA:521,0
DA:522,0
DA:524,0
DA:525,0
DA:527,0
DA:528,0
DA:531,0
DA:533,0
DA:534,0
DA:537,0
DA:539,0
DA:541,0
DA:543,0
DA:548,0
DA:549,0
DA:550,0
DA:552,0
DA:553,0
DA:555,0
DA:556,0
DA:560,0
DA:561,0
DA:562,0
DA:563,0
DA:566,0
DA:568,0
DA:573,0
DA:574,0
DA:575,0
DA:577,0
DA:578,0
DA:580,0
DA:581,0
DA:585,0
DA:586,0
DA:587,0
DA:588,0
DA:589,0
DA:591,0
DA:594,0
DA:595,0
DA:602,0
DA:603,0
DA:604,0
DA:610,0
DA:612,0
DA:617,0
DA:618,0
DA:620,0
DA:622,0
DA:633,0
DA:635,0
DA:640,0
DA:641,0
DA:642,0
DA:647,0
DA:649,0
DA:655,0
DA:656,0
DA:657,0
DA:658,0
DA:661,0
DA:669,0
DA:670,0
DA:675,0
DA:676,0
DA:682,0
DA:683,0
DA:686,0
DA:692,0
DA:693,0
DA:695,0
DA:696,0
DA:697,0
DA:702,0
DA:717,0
DA:718,0
DA:719,0
DA:720,0
DA:721,0
DA:728,0
DA:734,0
DA:735,0
DA:740,0
DA:741,0
DA:742,0
DA:743,0
DA:745,0
DA:761,0
DA:767,0
DA:772,0
DA:773,0
DA:774,0
DA:776,0
DA:785,0
DA:791,0
DA:792,0
DA:793,0
DA:794,0
DA:797,0
DA:802,0
DA:803,0
DA:806,0
DA:807,0
DA:809,0
DA:810,0
DA:811,0
DA:812,0
DA:813,0
DA:814,0
DA:815,0
DA:816,0
DA:817,0
DA:818,0
DA:819,0
DA:820,0
DA:821,0
DA:822,0
DA:823,0
DA:824,0
DA:825,0
DA:826,0
DA:829,0
DA:835,0
DA:836,0
DA:837,0
DA:839,0
DA:851,0
DA:852,0
DA:859,0
DA:860,0
DA:861,0
DA:862,0
DA:863,0
DA:865,0
DA:866,0
DA:867,0
DA:872,0
DA:884,0
DA:885,0
DA:886,0
DA:887,0
DA:888,0
DA:893,0
DA:903,0
DA:904,0
DA:909,0
DA:910,0
DA:911,0
DA:914,0
DA:919,0
DA:920,0
DA:923,0
DA:925,0
DA:930,0
DA:931,0
DA:932,0
DA:935,0
DA:960,0
DA:961,0
DA:965,0
DA:966,0
DA:969,0
DA:970,0
DA:971,0
DA:972,0
DA:973,0
DA:980,0
DA:989,0
DA:991,0
DA:993,0
DA:994,0
DA:999,0
DA:1000,0
DA:1001,0
DA:1003,0
DA:1023,0
DA:1024,0
DA:1028,0
DA:1031,0
DA:1032,0
DA:1033,0
DA:1034,0
DA:1035,0
DA:1042,0
DA:1051,0
DA:1053,0
DA:1055,0
DA:1056,0
DA:1061,0
DA:1062,0
DA:1063,0
DA:1065,0
DA:1084,0
DA:1085,0
DA:1089,0
DA:1092,0
DA:1093,0
DA:1094,0
DA:1095,0
DA:1102,0
DA:1110,0
DA:1112,0
DA:1114,0
DA:1119,0
DA:1120,0
DA:1121,0
DA:1122,0
DA:1125,0
DA:1131,0
DA:1132,0
DA:1136,0
DA:1137,0
DA:1146,0
DA:1147,0
DA:1149,0
DA:1151,0
DA:1152,0
DA:1154,0
DA:1157,0
DA:1183,0
DA:1184,0
DA:1185,0
DA:1190,0
DA:1191,0
DA:1194,0
DA:1195,0
DA:1196,0
DA:1197,0
DA:1199,0
DA:1200,0
DA:1207,0
DA:1216,0
DA:1223,0
DA:1224,0
DA:1227,0
DA:1228,0
DA:1233,0
DA:1234,0
DA:1235,0
DA:1239,0
DA:1240,0
DA:1242,0
DA:1246,0
DA:1248,0
DA:1253,0
DA:1254,0
DA:1255,0
DA:1257,0
DA:1264,0
DA:1265,0
DA:1269,0
DA:1277,0
DA:1278,0
DA:1281,0
DA:1282,0
DA:1283,0
DA:1284,0
DA:1286,0
DA:1288,0
DA:1290,0
DA:1291,0
DA:1292,0
DA:1293,0
DA:1294,0
DA:1295,0
DA:1296,0
DA:1298,0
DA:1300,0
DA:1304,0
DA:1306,0
DA:1317,0
DA:1318,0
DA:1323,0
DA:1324,0
DA:1325,0
DA:1326,0
DA:1328,0
DA:1334,0
DA:1335,0
DA:1339,0
DA:1340,0
DA:1345,0
DA:1346,0
DA:1348,0
DA:1350,0
DA:1376,0
DA:1378,0
DA:1379,0
DA:1382,0
DA:1383,0
DA:1384,0
DA:1385,0
DA:1387,0
DA:1388,0
DA:1395,0
DA:1403,0
DA:1404,0
DA:1407,0
DA:1414,0
DA:1419,0
DA:1420,0
DA:1423,0
DA:1424,0
DA:1428,0
LF:537
LH:0
BRDA:27,0,0,0
BRDA:27,0,1,0
BRDA:79,1,0,0
BRDA:79,1,1,0
BRDA:108,2,0,0
BRDA:108,2,1,0
BRDA:132,3,0,0
BRDA:132,3,1,0
BRDA:145,4,0,0
BRDA:145,4,1,0
BRDA:156,5,0,0
BRDA:156,5,1,0
BRDA:169,6,0,0
BRDA:169,6,1,0
BRDA:212,7,0,0
BRDA:212,7,1,0
BRDA:217,8,0,0
BRDA:217,8,1,0
BRDA:218,9,0,0
BRDA:218,9,1,0
BRDA:219,10,0,0
BRDA:219,10,1,0
BRDA:220,11,0,0
BRDA:220,11,1,0
BRDA:220,12,0,0
BRDA:220,12,1,0
BRDA:220,12,2,0
BRDA:221,13,0,0
BRDA:221,13,1,0
BRDA:223,14,0,0
BRDA:223,14,1,0
BRDA:223,15,0,0
BRDA:223,15,1,0
BRDA:224,16,0,0
BRDA:224,16,1,0
BRDA:231,17,0,0
BRDA:231,17,1,0
BRDA:233,18,0,0
BRDA:233,18,1,0
BRDA:253,19,0,0
BRDA:253,19,1,0
BRDA:279,20,0,0
BRDA:279,20,1,0
BRDA:284,21,0,0
BRDA:284,21,1,0
BRDA:305,22,0,0
BRDA:305,22,1,0
BRDA:332,23,0,0
BRDA:332,23,1,0
BRDA:335,24,0,0
BRDA:335,24,1,0
BRDA:349,25,0,0
BRDA:349,25,1,0
BRDA:353,26,0,0
BRDA:353,26,1,0
BRDA:358,27,0,0
BRDA:358,27,1,0
BRDA:391,28,0,0
BRDA:391,28,1,0
BRDA:396,29,0,0
BRDA:396,29,1,0
BRDA:403,30,0,0
BRDA:403,30,1,0
BRDA:407,31,0,0
BRDA:407,31,1,0
BRDA:411,32,0,0
BRDA:411,32,1,0
BRDA:424,33,0,0
BRDA:424,33,1,0
BRDA:429,34,0,0
BRDA:429,34,1,0
BRDA:435,35,0,0
BRDA:435,35,1,0
BRDA:435,36,0,0
BRDA:435,36,1,0
BRDA:439,37,0,0
BRDA:439,37,1,0
BRDA:445,38,0,0
BRDA:445,38,1,0
BRDA:450,39,0,0
BRDA:450,39,1,0
BRDA:467,40,0,0
BRDA:467,40,1,0
BRDA:472,41,0,0
BRDA:472,41,1,0
BRDA:481,42,0,0
BRDA:481,42,1,0
BRDA:498,43,0,0
BRDA:498,43,1,0
BRDA:503,44,0,0
BRDA:503,44,1,0
BRDA:522,45,0,0
BRDA:522,45,1,0
BRDA:527,46,0,0
BRDA:527,46,1,0
BRDA:533,47,0,0
BRDA:533,47,1,0
BRDA:550,48,0,0
BRDA:550,48,1,0
BRDA:555,49,0,0
BRDA:555,49,1,0
BRDA:561,50,0,0
BRDA:561,50,1,0
BRDA:561,51,0,0
BRDA:561,51,1,0
BRDA:575,52,0,0
BRDA:575,52,1,0
BRDA:580,53,0,0
BRDA:580,53,1,0
BRDA:586,54,0,0
BRDA:586,54,1,0
BRDA:586,55,0,0
BRDA:586,55,1,0
BRDA:664,56,0,0
BRDA:664,56,1,0
BRDA:669,57,0,0
BRDA:669,57,1,0
BRDA:682,58,0,0
BRDA:682,58,1,0
BRDA:682,59,0,0
BRDA:682,59,1,0
BRDA:696,60,0,0
BRDA:696,60,1,0
BRDA:700,61,0,0
BRDA:700,61,1,0
BRDA:701,62,0,0
BRDA:701,62,1,0
BRDA:704,63,0,0
BRDA:704,63,1,0
BRDA:705,64,0,0
BRDA:705,64,1,0
BRDA:707,65,0,0
BRDA:707,65,1,0
BRDA:708,66,0,0
BRDA:708,66,1,0
BRDA:718,67,0,0
BRDA:718,67,1,0
BRDA:718,68,0,0
BRDA:718,68,1,0
BRDA:721,69,0,0
BRDA:721,69,1,0
BRDA:721,69,2,0
BRDA:721,69,3,0
BRDA:731,70,0,0
BRDA:731,70,1,0
BRDA:777,71,0,0
BRDA:777,71,1,0
BRDA:778,72,0,0
BRDA:778,72,1,0
BRDA:779,73,0,0
BRDA:779,73,1,0
BRDA:781,74,0,0
BRDA:781,74,1,0
BRDA:782,75,0,0
BRDA:782,75,1,0
BRDA:793,76,0,0
BRDA:802,77,0,0
BRDA:802,77,1,0
BRDA:809,78,0,0
BRDA:809,78,1,0
BRDA:813,79,0,0
BRDA:813,79,1,0
BRDA:815,80,0,0
BRDA:815,80,1,0
BRDA:823,81,0,0
BRDA:823,81,1,0
BRDA:833,82,0,0
BRDA:833,82,1,0
BRDA:837,83,0,0
BRDA:837,83,1,0
BRDA:866,84,0,0
BRDA:866,84,1,0
BRDA:870,85,0,0
BRDA:870,85,1,0
BRDA:871,86,0,0
BRDA:871,86,1,0
BRDA:874,87,0,0
BRDA:874,87,1,0
BRDA:875,88,0,0
BRDA:875,88,1,0
BRDA:877,89,0,0
BRDA:877,89,1,0
BRDA:878,90,0,0
BRDA:878,90,1,0
BRDA:880,91,0,0
BRDA:880,91,1,0
BRDA:884,92,0,0
BRDA:884,92,1,0
BRDA:886,93,0,0
BRDA:886,93,1,0
BRDA:887,94,0,0
BRDA:887,94,1,0
BRDA:919,95,0,0
BRDA:919,95,1,0
BRDA:960,96,0,0
BRDA:960,96,1,0
BRDA:972,97,0,0
BRDA:972,97,1,0
BRDA:1023,98,0,0
BRDA:1023,98,1,0
BRDA:1034,99,0,0
BRDA:1034,99,1,0
BRDA:1084,100,0,0
BRDA:1084,100,1,0
BRDA:1094,101,0,0
BRDA:1094,101,1,0
BRDA:1131,102,0,0
BRDA:1131,102,1,0
BRDA:1136,103,0,0
BRDA:1136,103,1,0
BRDA:1136,104,0,0
BRDA:1136,104,1,0
BRDA:1149,105,0,0
BRDA:1149,105,1,0
BRDA:1152,106,0,0
BRDA:1152,106,1,0
BRDA:1175,107,0,0
BRDA:1175,107,1,0
BRDA:1184,108,0,0
BRDA:1184,108,1,0
BRDA:1184,109,0,0
BRDA:1184,109,1,0
BRDA:1199,110,0,0
BRDA:1199,110,1,0
BRDA:1219,111,0,0
BRDA:1219,111,1,0
BRDA:1264,112,0,0
BRDA:1264,112,1,0
BRDA:1273,113,0,0
BRDA:1273,113,1,0
BRDA:1282,114,0,0
BRDA:1282,114,1,0
BRDA:1286,115,0,0
BRDA:1286,115,1,0
BRDA:1308,116,0,0
BRDA:1308,116,1,0
BRDA:1314,117,0,0
BRDA:1314,117,1,0
BRDA:1334,118,0,0
BRDA:1334,118,1,0
BRDA:1346,119,0,0
BRDA:1346,119,1,0
BRDA:1348,120,0,0
BRDA:1348,120,1,0
BRDA:1363,121,0,0
BRDA:1363,121,1,0
BRDA:1376,122,0,0
BRDA:1376,122,1,0
BRDA:1387,123,0,0
BRDA:1387,123,1,0
BRDA:1416,124,0,0
BRDA:1416,124,1,0
BRF:252
BRH:0
end_of_record
TN:
SF:routes\health.js
FN:22,(anonymous_0)
FN:36,(anonymous_1)
FN:102,(anonymous_2)
FN:124,(anonymous_3)
FN:143,(anonymous_4)
FN:176,(anonymous_5)
FN:273,formatUptime
FNF:7
FNH:5
FNDA:1,(anonymous_0)
FNDA:1,(anonymous_1)
FNDA:4,(anonymous_2)
FNDA:1,(anonymous_3)
FNDA:1,(anonymous_4)
FNDA:0,(anonymous_5)
FNDA:0,formatUptime
DA:10,1
DA:11,1
DA:12,1
DA:13,1
DA:14,1
DA:15,1
DA:22,1
DA:23,1
DA:36,1
DA:37,1
DA:45,1
DA:48,1
DA:49,1
DA:50,1
DA:52,0
DA:53,0
DA:56,0
DA:57,0
DA:58,0
DA:62,1
DA:63,1
DA:64,0
DA:65,0
DA:67,0
DA:68,0
DA:69,0
DA:72,1
DA:73,1
DA:74,1
DA:78,1
DA:79,1
DA:80,0
DA:81,0
DA:82,0
DA:84,0
DA:85,0
DA:86,0
DA:89,1
DA:90,1
DA:91,1
DA:95,1
DA:102,4
DA:103,1
DA:104,1
DA:105,1
DA:106,1
DA:108,0
DA:111,1
DA:112,1
DA:124,1
DA:126,1
DA:143,1
DA:144,1
DA:145,1
DA:146,1
DA:149,0
DA:163,1
DA:176,1
DA:177,0
DA:212,0
DA:213,0
DA:214,0
DA:221,0
DA:222,0
DA:224,0
DA:226,0
DA:227,0
DA:228,0
DA:229,0
DA:232,0
DA:233,0
DA:237,0
DA:238,0
DA:239,0
DA:241,0
DA:245,0
DA:246,0
DA:247,0
DA:260,0
DA:264,0
DA:265,0
DA:267,0
DA:274,0
DA:275,0
DA:276,0
DA:277,0
DA:279,0
DA:280,0
DA:281,0
DA:282,0
DA:285,1
LF:91
LH:41
BRDA:49,0,0,1
BRDA:49,0,1,0
BRDA:64,1,0,0
BRDA:64,1,1,0
BRDA:80,2,0,0
BRDA:80,2,1,0
BRDA:80,3,0,0
BRDA:80,3,1,0
BRDA:103,4,0,1
BRDA:103,4,1,0
BRDA:111,5,0,0
BRDA:111,5,1,1
BRDA:113,6,0,0
BRDA:113,6,1,1
BRDA:146,7,0,1
BRDA:146,7,1,0
BRDA:149,8,0,0
BRDA:149,8,1,0
BRDA:150,9,0,0
BRDA:150,9,1,0
BRDA:154,10,0,0
BRDA:154,10,1,0
BRDA:203,11,0,0
BRDA:203,11,1,0
BRDA:204,12,0,0
BRDA:204,12,1,0
BRDA:205,13,0,0
BRDA:205,13,1,0
BRDA:206,14,0,0
BRDA:206,14,1,0
BRDA:221,15,0,0
BRDA:221,15,1,0
BRDA:224,16,0,0
BRDA:224,16,1,0
BRDA:265,17,0,0
BRDA:265,17,1,0
BRDA:267,18,0,0
BRDA:267,18,1,0
BRDA:279,19,0,0
BRDA:279,19,1,0
BRDA:280,20,0,0
BRDA:280,20,1,0
BRDA:281,21,0,0
BRDA:281,21,1,0
BRF:44
BRH:5
end_of_record
TN:
SF:routes\heroSection.js
FN:15,(anonymous_0)
FN:25,(anonymous_1)
FN:59,(anonymous_2)
FN:89,(anonymous_3)
FN:100,(anonymous_4)
FNF:5
FNH:0
FNDA:0,(anonymous_0)
FNDA:0,(anonymous_1)
FNDA:0,(anonymous_2)
FNDA:0,(anonymous_3)
FNDA:0,(anonymous_4)
DA:1,0
DA:2,0
DA:3,0
DA:4,0
DA:5,0
DA:6,0
DA:7,0
DA:10,0
DA:12,0
DA:15,0
DA:16,0
DA:17,0
DA:18,0
DA:20,0
DA:25,0
DA:26,0
DA:27,0
DA:29,0
DA:30,0
DA:31,0
DA:32,0
DA:33,0
DA:36,0
DA:37,0
DA:40,0
DA:51,0
DA:52,0
DA:54,0
DA:59,0
DA:60,0
DA:61,0
DA:63,0
DA:73,0
DA:74,0
DA:75,0
DA:76,0
DA:79,0
DA:80,0
DA:82,0
DA:84,0
DA:89,0
DA:90,0
DA:91,0
DA:92,0
DA:93,0
DA:95,0
DA:100,0
DA:101,0
DA:102,0
DA:103,0
DA:105,0
DA:106,0
DA:107,0
DA:109,0
DA:113,0
LF:55
LH:0
BRDA:30,0,0,0
BRDA:30,0,1,0
BRDA:32,1,0,0
BRDA:32,1,1,0
BRDA:36,2,0,0
BRDA:36,2,1,0
BRDA:45,3,0,0
BRDA:45,3,1,0
BRDA:46,4,0,0
BRDA:46,4,1,0
BRDA:48,5,0,0
BRDA:48,5,1,0
BRDA:70,6,0,0
BRDA:70,6,1,0
BRDA:73,7,0,0
BRDA:73,7,1,0
BRDA:75,8,0,0
BRDA:75,8,1,0
BRDA:80,9,0,0
BRDA:80,9,1,0
BRDA:92,10,0,0
BRDA:92,10,1,0
BRDA:103,11,0,0
BRDA:103,11,1,0
BRF:24
BRH:0
end_of_record
TN:
SF:routes\menu.js
FN:19,(anonymous_0)
FN:28,(anonymous_1)
FN:37,(anonymous_2)
FN:46,(anonymous_3)
FN:58,(anonymous_4)
FN:58,(anonymous_5)
FN:59,(anonymous_6)
FN:66,(anonymous_7)
FN:75,(anonymous_8)
FN:97,(anonymous_9)
FN:101,(anonymous_10)
FN:153,(anonymous_11)
FN:161,(anonymous_12)
FN:161,(anonymous_13)
FN:162,(anonymous_14)
FN:169,(anonymous_15)
FN:178,(anonymous_16)
FN:200,(anonymous_17)
FN:204,(anonymous_18)
FN:286,(anonymous_19)
FN:311,(anonymous_20)
FN:330,(anonymous_21)
FN:352,(anonymous_22)
FN:358,(anonymous_23)
FN:380,(anonymous_24)
FN:384,(anonymous_25)
FNF:26
FNH:0
FNDA:0,(anonymous_0)
FNDA:0,(anonymous_1)
FNDA:0,(anonymous_2)
FNDA:0,(anonymous_3)
FNDA:0,(anonymous_4)
FNDA:0,(anonymous_5)
FNDA:0,(anonymous_6)
FNDA:0,(anonymous_7)
FNDA:0,(anonymous_8)
FNDA:0,(anonymous_9)
FNDA:0,(anonymous_10)
FNDA:0,(anonymous_11)
FNDA:0,(anonymous_12)
FNDA:0,(anonymous_13)
FNDA:0,(anonymous_14)
FNDA:0,(anonymous_15)
FNDA:0,(anonymous_16)
FNDA:0,(anonymous_17)
FNDA:0,(anonymous_18)
FNDA:0,(anonymous_19)
FNDA:0,(anonymous_20)
FNDA:0,(anonymous_21)
FNDA:0,(anonymous_22)
FNDA:0,(anonymous_23)
FNDA:0,(anonymous_24)
FNDA:0,(anonymous_25)
DA:1,0
DA:2,0
DA:3,0
DA:4,0
DA:5,0
DA:6,0
DA:7,0
DA:8,0
DA:9,0
DA:10,0
DA:13,0
DA:16,0
DA:20,0
DA:21,0
DA:23,0
DA:28,0
DA:29,0
DA:30,0
DA:31,0
DA:33,0
DA:37,0
DA:38,0
DA:39,0
DA:40,0
DA:42,0
DA:46,0
DA:47,0
DA:48,0
DA:51,0
DA:52,0
DA:54,0
DA:55,0
DA:58,0
DA:59,0
DA:60,0
DA:61,0
DA:62,0
DA:64,0
DA:66,0
DA:67,0
DA:68,0
DA:69,0
DA:71,0
DA:75,0
DA:76,0
DA:79,0
DA:80,0
DA:81,0
DA:82,0
DA:83,0
DA:84,0
DA:88,0
DA:89,0
DA:90,0
DA:91,0
DA:96,0
DA:97,0
DA:101,0
DA:102,0
DA:104,0
DA:107,0
DA:110,0
DA:111,0
DA:114,0
DA:115,0
DA:116,0
DA:117,0
DA:120,0
DA:121,0
DA:122,0
DA:124,0
DA:137,0
DA:138,0
DA:141,0
DA:142,0
DA:145,0
DA:147,0
DA:149,0
DA:153,0
DA:154,0
DA:155,0
DA:158,0
DA:159,0
DA:161,0
DA:162,0
DA:163,0
DA:164,0
DA:165,0
DA:167,0
DA:169,0
DA:170,0
DA:171,0
DA:172,0
DA:174,0
DA:178,0
DA:179,0
DA:182,0
DA:183,0
DA:184,0
DA:185,0
DA:186,0
DA:187,0
DA:191,0
DA:192,0
DA:193,0
DA:194,0
DA:199,0
DA:200,0
DA:204,0
DA:205,0
DA:207,0
DA:211,0
DA:212,0
DA:215,0
DA:217,0
DA:218,0
DA:219,0
DA:220,0
DA:222,0
DA:225,0
DA:228,0
DA:230,0
DA:231,0
DA:232,0
DA:233,0
DA:235,0
DA:238,0
DA:241,0
DA:242,0
DA:245,0
DA:246,0
DA:247,0
DA:248,0
DA:249,0
DA:252,0
DA:253,0
DA:254,0
DA:256,0
DA:269,0
DA:270,0
DA:272,0
DA:275,0
DA:278,0
DA:280,0
DA:282,0
DA:286,0
DA:287,0
DA:289,0
DA:290,0
DA:291,0
DA:292,0
DA:293,0
DA:295,0
DA:299,0
DA:302,0
DA:304,0
DA:306,0
DA:311,0
DA:312,0
DA:313,0
DA:314,0
DA:315,0
DA:317,0
DA:318,0
DA:321,0
DA:323,0
DA:325,0
DA:330,0
DA:331,0
DA:332,0
DA:333,0
DA:334,0
DA:337,0
DA:343,0
DA:345,0
DA:347,0
DA:352,0
DA:353,0
DA:354,0
DA:355,0
DA:358,0
DA:359,0
DA:362,0
DA:363,0
DA:364,0
DA:365,0
DA:366,0
DA:367,0
DA:371,0
DA:372,0
DA:373,0
DA:374,0
DA:379,0
DA:380,0
DA:384,0
DA:385,0
DA:387,0
DA:390,0
DA:391,0
DA:392,0
DA:395,0
DA:396,0
DA:399,0
DA:400,0
DA:404,0
DA:406,0
DA:408,0
DA:412,0
LF:208
LH:0
BRDA:20,0,0,0
BRDA:20,0,1,0
BRDA:51,1,0,0
BRDA:51,1,1,0
BRDA:52,2,0,0
BRDA:52,2,1,0
BRDA:54,3,0,0
BRDA:54,3,1,0
BRDA:58,4,0,0
BRDA:58,4,1,0
BRDA:58,5,0,0
BRDA:58,5,1,0
BRDA:60,6,0,0
BRDA:60,6,1,0
BRDA:61,7,0,0
BRDA:61,7,1,0
BRDA:67,8,0,0
BRDA:67,8,1,0
BRDA:68,9,0,0
BRDA:68,9,1,0
BRDA:69,10,0,0
BRDA:69,10,1,0
BRDA:79,11,0,0
BRDA:79,11,1,0
BRDA:81,12,0,0
BRDA:81,12,1,0
BRDA:83,13,0,0
BRDA:83,13,1,0
BRDA:88,14,0,0
BRDA:88,14,1,0
BRDA:88,15,0,0
BRDA:88,15,1,0
BRDA:90,16,0,0
BRDA:90,16,1,0
BRDA:96,17,0,0
BRDA:96,17,1,0
BRDA:96,18,0,0
BRDA:96,18,1,0
BRDA:107,19,0,0
BRDA:107,19,1,0
BRDA:110,20,0,0
BRDA:110,20,1,0
BRDA:115,21,0,0
BRDA:115,21,1,0
BRDA:116,22,0,0
BRDA:116,22,1,0
BRDA:117,23,0,0
BRDA:117,23,1,0
BRDA:130,24,0,0
BRDA:130,24,1,0
BRDA:131,25,0,0
BRDA:131,25,1,0
BRDA:137,26,0,0
BRDA:137,26,1,0
BRDA:137,27,0,0
BRDA:137,27,1,0
BRDA:158,28,0,0
BRDA:158,28,1,0
BRDA:159,29,0,0
BRDA:159,29,1,0
BRDA:161,30,0,0
BRDA:161,30,1,0
BRDA:161,31,0,0
BRDA:161,31,1,0
BRDA:163,32,0,0
BRDA:163,32,1,0
BRDA:164,33,0,0
BRDA:164,33,1,0
BRDA:170,34,0,0
BRDA:170,34,1,0
BRDA:171,35,0,0
BRDA:171,35,1,0
BRDA:172,36,0,0
BRDA:172,36,1,0
BRDA:182,37,0,0
BRDA:182,37,1,0
BRDA:184,38,0,0
BRDA:184,38,1,0
BRDA:186,39,0,0
BRDA:186,39,1,0
BRDA:191,40,0,0
BRDA:191,40,1,0
BRDA:191,41,0,0
BRDA:191,41,1,0
BRDA:193,42,0,0
BRDA:193,42,1,0
BRDA:199,43,0,0
BRDA:199,43,1,0
BRDA:199,44,0,0
BRDA:199,44,1,0
BRDA:212,45,0,0
BRDA:212,45,1,0
BRDA:215,46,0,0
BRDA:215,46,1,0
BRDA:215,47,0,0
BRDA:215,47,1,0
BRDA:217,48,0,0
BRDA:217,48,1,0
BRDA:217,49,0,0
BRDA:217,49,1,0
BRDA:220,50,0,0
BRDA:220,50,1,0
BRDA:228,51,0,0
BRDA:228,51,1,0
BRDA:230,52,0,0
BRDA:230,52,1,0
BRDA:230,53,0,0
BRDA:230,53,1,0
BRDA:233,54,0,0
BRDA:233,54,1,0
BRDA:241,55,0,0
BRDA:241,55,1,0
BRDA:241,56,0,0
BRDA:241,56,1,0
BRDA:246,57,0,0
BRDA:246,57,1,0
BRDA:246,57,2,0
BRDA:247,58,0,0
BRDA:247,58,1,0
BRDA:248,59,0,0
BRDA:248,59,1,0
BRDA:249,60,0,0
BRDA:249,60,1,0
BRDA:262,61,0,0
BRDA:262,61,1,0
BRDA:263,62,0,0
BRDA:263,62,1,0
BRDA:269,63,0,0
BRDA:269,63,1,0
BRDA:269,64,0,0
BRDA:269,64,1,0
BRDA:290,65,0,0
BRDA:290,65,1,0
BRDA:290,66,0,0
BRDA:290,66,1,0
BRDA:293,67,0,0
BRDA:293,67,1,0
BRDA:314,68,0,0
BRDA:314,68,1,0
BRDA:333,69,0,0
BRDA:333,69,1,0
BRDA:362,70,0,0
BRDA:362,70,1,0
BRDA:364,71,0,0
BRDA:364,71,1,0
BRDA:366,72,0,0
BRDA:366,72,1,0
BRDA:371,73,0,0
BRDA:371,73,1,0
BRDA:371,74,0,0
BRDA:371,74,1,0
BRDA:373,75,0,0
BRDA:373,75,1,0
BRDA:379,76,0,0
BRDA:379,76,1,0
BRDA:379,77,0,0
BRDA:379,77,1,0
BRDA:391,78,0,0
BRDA:391,78,1,0
BRDA:395,79,0,0
BRDA:395,79,1,0
BRF:161
BRH:0
end_of_record
TN:
SF:routes\metrics.js
FN:27,(anonymous_0)
FN:50,(anonymous_1)
FN:83,(anonymous_2)
FN:104,(anonymous_3)
FN:132,(anonymous_4)
FN:153,(anonymous_5)
FN:174,(anonymous_6)
FNF:7
FNH:0
FNDA:0,(anonymous_0)
FNDA:0,(anonymous_1)
FNDA:0,(anonymous_2)
FNDA:0,(anonymous_3)
FNDA:0,(anonymous_4)
FNDA:0,(anonymous_5)
FNDA:0,(anonymous_6)
DA:11,0
DA:12,0
DA:13,0
DA:14,0
DA:15,0
DA:16,0
DA:17,0
DA:20,0
DA:27,0
DA:28,0
DA:29,0
DA:30,0
DA:37,0
DA:50,0
DA:51,0
DA:52,0
DA:54,0
DA:55,0
DA:61,0
DA:62,0
DA:69,0
DA:83,0
DA:84,0
DA:85,0
DA:86,0
DA:91,0
DA:104,0
DA:105,0
DA:106,0
DA:107,0
DA:108,0
DA:110,0
DA:118,0
DA:132,0
DA:133,0
DA:134,0
DA:135,0
DA:140,0
DA:153,0
DA:154,0
DA:155,0
DA:156,0
DA:161,0
DA:174,0
DA:175,0
DA:176,0
DA:178,0
DA:179,0
DA:185,0
DA:187,0
DA:192,0
DA:200,0
LF:52
LH:0
BRDA:54,0,0,0
BRDA:54,0,1,0
BRDA:65,1,0,0
BRDA:65,1,1,0
BRDA:107,2,0,0
BRDA:107,2,1,0
BRDA:108,3,0,0
BRDA:108,3,1,0
BRDA:110,4,0,0
BRDA:110,4,1,0
BRDA:111,5,0,0
BRDA:111,5,1,0
BRDA:176,6,0,0
BRDA:176,7,0,0
BRDA:178,8,0,0
BRDA:178,8,1,0
BRDA:178,9,0,0
BRDA:178,9,1,0
BRF:18
BRH:0
end_of_record
TN:
SF:routes\monitoring.js
FN:29,(anonymous_0)
FN:52,(anonymous_1)
FN:65,(anonymous_2)
FN:78,(anonymous_3)
FN:92,(anonymous_4)
FN:155,(anonymous_5)
FN:205,(anonymous_6)
FN:219,(anonymous_7)
FN:237,(anonymous_8)
FN:253,(anonymous_9)
FNF:10
FNH:0
FNDA:0,(anonymous_0)
FNDA:0,(anonymous_1)
FNDA:0,(anonymous_2)
FNDA:0,(anonymous_3)
FNDA:0,(anonymous_4)
FNDA:0,(anonymous_5)
FNDA:0,(anonymous_6)
FNDA:0,(anonymous_7)
FNDA:0,(anonymous_8)
FNDA:0,(anonymous_9)
DA:12,0
DA:13,0
DA:14,0
DA:15,0
DA:16,0
DA:17,0
DA:18,0
DA:19,0
DA:22,0
DA:23,0
DA:29,0
DA:30,0
DA:31,0
DA:39,0
DA:41,0
DA:52,0
DA:53,0
DA:54,0
DA:55,0
DA:57,0
DA:65,0
DA:66,0
DA:67,0
DA:68,0
DA:70,0
DA:78,0
DA:79,0
DA:80,0
DA:81,0
DA:82,0
DA:84,0
DA:92,0
DA:93,0
DA:94,0
DA:95,0
DA:98,0
DA:110,0
DA:122,0
DA:140,0
DA:147,0
DA:155,0
DA:156,0
DA:157,0
DA:158,0
DA:161,0
DA:187,0
DA:197,0
DA:205,0
DA:206,0
DA:207,0
DA:209,0
DA:217,0
DA:219,0
DA:229,0
DA:237,0
DA:238,0
DA:239,0
DA:240,0
DA:245,0
DA:253,0
DA:254,0
DA:259,0
DA:265,0
DA:277,0
DA:281,0
LF:65
LH:0
BRDA:36,0,0,0
BRDA:36,0,1,0
BRDA:80,1,0,0
BRDA:80,1,1,0
BRDA:94,2,0,0
BRDA:94,2,1,0
BRDA:157,3,0,0
BRDA:157,3,1,0
BRDA:189,4,0,0
BRDA:189,4,1,0
BRDA:207,5,0,0
BRDA:207,5,1,0
BRF:12
BRH:0
end_of_record
TN:
SF:routes\offers.js
FN:27,(anonymous_0)
FN:37,(anonymous_1)
FN:56,(anonymous_2)
FN:83,(anonymous_3)
FN:110,(anonymous_4)
FN:137,(anonymous_5)
FN:241,(anonymous_6)
FN:248,(anonymous_7)
FN:254,(anonymous_8)
FN:260,(anonymous_9)
FN:297,(anonymous_10)
FN:401,(anonymous_11)
FN:457,(anonymous_12)
FN:510,(anonymous_13)
FN:592,(anonymous_14)
FN:652,(anonymous_15)
FN:719,(anonymous_16)
FN:733,(anonymous_17)
FN:736,(anonymous_18)
FN:737,(anonymous_19)
FN:743,(anonymous_20)
FN:794,(anonymous_21)
FN:797,(anonymous_22)
FN:803,(anonymous_23)
FN:827,(anonymous_24)
FN:834,(anonymous_25)
FN:840,(anonymous_26)
FN:846,(anonymous_27)
FN:867,(anonymous_28)
FN:874,(anonymous_29)
FN:902,(anonymous_30)
FN:969,(anonymous_31)
FN:1068,(anonymous_32)
FNF:33
FNH:0
FNDA:0,(anonymous_0)
FNDA:0,(anonymous_1)
FNDA:0,(anonymous_2)
FNDA:0,(anonymous_3)
FNDA:0,(anonymous_4)
FNDA:0,(anonymous_5)
FNDA:0,(anonymous_6)
FNDA:0,(anonymous_7)
FNDA:0,(anonymous_8)
FNDA:0,(anonymous_9)
FNDA:0,(anonymous_10)
FNDA:0,(anonymous_11)
FNDA:0,(anonymous_12)
FNDA:0,(anonymous_13)
FNDA:0,(anonymous_14)
FNDA:0,(anonymous_15)
FNDA:0,(anonymous_16)
FNDA:0,(anonymous_17)
FNDA:0,(anonymous_18)
FNDA:0,(anonymous_19)
FNDA:0,(anonymous_20)
FNDA:0,(anonymous_21)
FNDA:0,(anonymous_22)
FNDA:0,(anonymous_23)
FNDA:0,(anonymous_24)
FNDA:0,(anonymous_25)
FNDA:0,(anonymous_26)
FNDA:0,(anonymous_27)
FNDA:0,(anonymous_28)
FNDA:0,(anonymous_29)
FNDA:0,(anonymous_30)
FNDA:0,(anonymous_31)
FNDA:0,(anonymous_32)
DA:1,0
DA:2,0
DA:3,0
DA:4,0
DA:5,0
DA:6,0
DA:7,0
DA:8,0
DA:9,0
DA:10,0
DA:11,0
DA:14,0
DA:16,0
DA:19,0
DA:27,0
DA:28,0
DA:29,0
DA:30,0
DA:32,0
DA:37,0
DA:38,0
DA:39,0
DA:41,0
DA:42,0
DA:45,0
DA:51,0
DA:56,0
DA:57,0
DA:58,0
DA:60,0
DA:61,0
DA:64,0
DA:66,0
DA:67,0
DA:70,0
DA:78,0
DA:83,0
DA:84,0
DA:85,0
DA:87,0
DA:88,0
DA:91,0
DA:93,0
DA:94,0
DA:97,0
DA:105,0
DA:110,0
DA:111,0
DA:112,0
DA:114,0
DA:115,0
DA:118,0
DA:120,0
DA:121,0
DA:124,0
DA:132,0
DA:137,0
DA:138,0
DA:144,0
DA:146,0
DA:147,0
DA:148,0
DA:149,0
DA:152,0
DA:153,0
DA:154,0
DA:155,0
DA:159,0
DA:160,0
DA:161,0
DA:162,0
DA:166,0
DA:167,0
DA:168,0
DA:169,0
DA:173,0
DA:174,0
DA:175,0
DA:176,0
DA:179,0
DA:183,0
DA:184,0
DA:188,0
DA:189,0
DA:191,0
DA:192,0
DA:195,0
DA:196,0
DA:200,0
DA:201,0
DA:202,0
DA:203,0
DA:206,0
DA:208,0
DA:236,0
DA:239,0
DA:240,0
DA:241,0
DA:242,0
DA:243,0
DA:245,0
DA:246,0
DA:247,0
DA:248,0
DA:249,0
DA:251,0
DA:252,0
DA:253,0
DA:254,0
DA:255,0
DA:257,0
DA:258,0
DA:259,0
DA:260,0
DA:261,0
DA:266,0
DA:267,0
DA:269,0
DA:274,0
DA:284,0
DA:285,0
DA:288,0
DA:291,0
DA:292,0
DA:293,0
DA:296,0
DA:297,0
DA:298,0
DA:301,0
DA:302,0
DA:305,0
DA:306,0
DA:307,0
DA:309,0
DA:310,0
DA:311,0
DA:314,0
DA:318,0
DA:319,0
DA:320,0
DA:321,0
DA:322,0
DA:323,0
DA:324,0
DA:326,0
DA:330,0
DA:334,0
DA:336,0
DA:340,0
DA:341,0
DA:342,0
DA:347,0
DA:348,0
DA:349,0
DA:350,0
DA:351,0
DA:352,0
DA:353,0
DA:355,0
DA:356,0
DA:360,0
DA:367,0
DA:368,0
DA:369,0
DA:370,0
DA:372,0
DA:375,0
DA:376,0
DA:378,0
DA:383,0
DA:384,0
DA:385,0
DA:388,0
DA:391,0
DA:393,0
DA:394,0
DA:401,0
DA:402,0
DA:403,0
DA:404,0
DA:406,0
DA:407,0
DA:414,0
DA:415,0
DA:417,0
DA:418,0
DA:419,0
DA:422,0
DA:423,0
DA:424,0
DA:425,0
DA:427,0
DA:428,0
DA:431,0
DA:440,0
DA:441,0
DA:452,0
DA:457,0
DA:458,0
DA:459,0
DA:460,0
DA:462,0
DA:463,0
DA:466,0
DA:467,0
DA:471,0
DA:472,0
DA:475,0
DA:476,0
DA:477,0
DA:478,0
DA:479,0
DA:480,0
DA:482,0
DA:486,0
DA:494,0
DA:495,0
DA:502,0
DA:503,0
DA:504,0
DA:510,0
DA:511,0
DA:512,0
DA:513,0
DA:515,0
DA:516,0
DA:520,0
DA:521,0
DA:527,0
DA:530,0
DA:531,0
DA:532,0
DA:534,0
DA:535,0
DA:536,0
DA:547,0
DA:548,0
DA:551,0
DA:553,0
DA:564,0
DA:575,0
DA:586,0
DA:587,0
DA:592,0
DA:593,0
DA:599,0
DA:602,0
DA:603,0
DA:606,0
DA:607,0
DA:609,0
DA:610,0
DA:613,0
DA:614,0
DA:618,0
DA:619,0
DA:620,0
DA:621,0
DA:624,0
DA:626,0
DA:652,0
DA:653,0
DA:654,0
DA:655,0
DA:656,0
DA:658,0
DA:664,0
DA:665,0
DA:666,0
DA:667,0
DA:668,0
DA:669,0
DA:673,0
DA:674,0
DA:675,0
DA:676,0
DA:677,0
DA:678,0
DA:682,0
DA:683,0
DA:684,0
DA:685,0
DA:686,0
DA:687,0
DA:691,0
DA:692,0
DA:693,0
DA:694,0
DA:695,0
DA:696,0
DA:699,0
DA:705,0
DA:708,0
DA:709,0
DA:712,0
DA:715,0
DA:716,0
DA:719,0
DA:720,0
DA:724,0
DA:725,0
DA:728,0
DA:729,0
DA:730,0
DA:733,0
DA:736,0
DA:737,0
DA:739,0
DA:740,0
DA:741,0
DA:742,0
DA:743,0
DA:745,0
DA:746,0
DA:751,0
DA:761,0
DA:762,0
DA:763,0
DA:765,0
DA:766,0
DA:767,0
DA:770,0
DA:773,0
DA:774,0
DA:775,0
DA:776,0
DA:779,0
DA:784,0
DA:785,0
DA:786,0
DA:789,0
DA:790,0
DA:791,0
DA:794,0
DA:797,0
DA:799,0
DA:800,0
DA:801,0
DA:802,0
DA:803,0
DA:805,0
DA:806,0
DA:811,0
DA:820,0
DA:821,0
DA:822,0
DA:825,0
DA:826,0
DA:827,0
DA:828,0
DA:829,0
DA:831,0
DA:832,0
DA:833,0
DA:834,0
DA:835,0
DA:837,0
DA:838,0
DA:839,0
DA:840,0
DA:841,0
DA:843,0
DA:844,0
DA:845,0
DA:846,0
DA:847,0
DA:852,0
DA:853,0
DA:855,0
DA:860,0
DA:862,0
DA:867,0
DA:868,0
DA:870,0
DA:871,0
DA:874,0
DA:875,0
DA:876,0
DA:877,0
DA:878,0
DA:880,0
DA:886,0
DA:894,0
DA:895,0
DA:898,0
DA:900,0
DA:901,0
DA:902,0
DA:905,0
DA:906,0
DA:912,0
DA:918,0
DA:919,0
DA:920,0
DA:921,0
DA:925,0
DA:926,0
DA:927,0
DA:930,0
DA:934,0
DA:937,0
DA:944,0
DA:945,0
DA:946,0
DA:947,0
DA:949,0
DA:953,0
DA:956,0
DA:957,0
DA:958,0
DA:960,0
DA:962,0
DA:964,0
DA:969,0
DA:970,0
DA:971,0
DA:972,0
DA:974,0
DA:975,0
DA:976,0
DA:979,0
DA:980,0
DA:981,0
DA:983,0
DA:984,0
DA:987,0
DA:994,0
DA:995,0
DA:996,0
DA:997,0
DA:1001,0
DA:1002,0
DA:1007,0
DA:1014,0
DA:1015,0
DA:1019,0
DA:1020,0
DA:1021,0
DA:1023,0
DA:1024,0
DA:1027,0
DA:1033,0
DA:1034,0
DA:1035,0
DA:1036,0
DA:1040,0
DA:1041,0
DA:1048,0
DA:1049,0
DA:1053,0
DA:1054,0
DA:1057,0
DA:1058,0
DA:1061,0
DA:1063,0
DA:1068,0
DA:1069,0
DA:1070,0
DA:1071,0
DA:1073,0
DA:1074,0
DA:1075,0
DA:1077,0
DA:1081,0
LF:464
LH:0
BRDA:41,0,0,0
BRDA:41,0,1,0
BRDA:60,1,0,0
BRDA:60,1,1,0
BRDA:60,2,0,0
BRDA:60,2,1,0
BRDA:60,2,2,0
BRDA:66,3,0,0
BRDA:66,3,1,0
BRDA:87,4,0,0
BRDA:87,4,1,0
BRDA:87,5,0,0
BRDA:87,5,1,0
BRDA:93,6,0,0
BRDA:93,6,1,0
BRDA:114,7,0,0
BRDA:114,7,1,0
BRDA:114,8,0,0
BRDA:114,8,1,0
BRDA:120,9,0,0
BRDA:120,9,1,0
BRDA:152,10,0,0
BRDA:152,10,1,0
BRDA:154,11,0,0
BRDA:154,11,1,0
BRDA:159,12,0,0
BRDA:159,12,1,0
BRDA:161,13,0,0
BRDA:161,13,1,0
BRDA:166,14,0,0
BRDA:166,14,1,0
BRDA:168,15,0,0
BRDA:168,15,1,0
BRDA:173,16,0,0
BRDA:173,16,1,0
BRDA:175,17,0,0
BRDA:175,17,1,0
BRDA:179,18,0,0
BRDA:179,18,1,0
BRDA:179,18,2,0
BRDA:183,19,0,0
BRDA:183,19,1,0
BRDA:183,20,0,0
BRDA:183,20,1,0
BRDA:183,20,2,0
BRDA:183,20,3,0
BRDA:191,21,0,0
BRDA:191,21,1,0
BRDA:192,22,0,0
BRDA:192,22,1,0
BRDA:195,23,0,0
BRDA:195,23,1,0
BRDA:196,24,0,0
BRDA:196,24,1,0
BRDA:200,25,0,0
BRDA:200,25,1,0
BRDA:201,26,0,0
BRDA:201,26,1,0
BRDA:202,27,0,0
BRDA:202,27,1,0
BRDA:203,28,0,0
BRDA:203,28,1,0
BRDA:211,29,0,0
BRDA:211,29,1,0
BRDA:212,30,0,0
BRDA:212,30,1,0
BRDA:215,31,0,0
BRDA:215,31,1,0
BRDA:215,31,2,0
BRDA:215,31,3,0
BRDA:220,32,0,0
BRDA:220,32,1,0
BRDA:221,33,0,0
BRDA:221,33,1,0
BRDA:222,34,0,0
BRDA:222,34,1,0
BRDA:223,35,0,0
BRDA:223,35,1,0
BRDA:224,36,0,0
BRDA:224,36,1,0
BRDA:227,37,0,0
BRDA:227,37,1,0
BRDA:228,38,0,0
BRDA:228,38,1,0
BRDA:239,39,0,0
BRDA:239,39,1,0
BRDA:245,40,0,0
BRDA:245,40,1,0
BRDA:245,41,0,0
BRDA:245,41,1,0
BRDA:247,42,0,0
BRDA:247,42,1,0
BRDA:247,43,0,0
BRDA:247,43,1,0
BRDA:251,44,0,0
BRDA:251,44,1,0
BRDA:251,45,0,0
BRDA:251,45,1,0
BRDA:253,46,0,0
BRDA:253,46,1,0
BRDA:253,47,0,0
BRDA:253,47,1,0
BRDA:257,48,0,0
BRDA:257,48,1,0
BRDA:257,49,0,0
BRDA:257,49,1,0
BRDA:259,50,0,0
BRDA:259,50,1,0
BRDA:259,51,0,0
BRDA:259,51,1,0
BRDA:284,52,0,0
BRDA:284,52,1,0
BRDA:284,53,0,0
BRDA:284,53,1,0
BRDA:291,54,0,0
BRDA:291,54,1,0
BRDA:307,55,0,0
BRDA:307,55,1,0
BRDA:309,56,0,0
BRDA:309,56,1,0
BRDA:309,57,0,0
BRDA:309,57,1,0
BRDA:310,58,0,0
BRDA:310,58,1,0
BRDA:318,59,0,0
BRDA:318,59,1,0
BRDA:318,60,0,0
BRDA:318,60,1,0
BRDA:323,61,0,0
BRDA:323,61,1,0
BRDA:323,62,0,0
BRDA:323,62,1,0
BRDA:347,63,0,0
BRDA:347,63,1,0
BRDA:349,64,0,0
BRDA:349,64,1,0
BRDA:349,64,2,0
BRDA:349,64,3,0
BRDA:352,65,0,0
BRDA:352,65,1,0
BRDA:363,66,0,0
BRDA:363,66,1,0
BRDA:369,67,0,0
BRDA:369,67,1,0
BRDA:375,68,0,0
BRDA:375,68,1,0
BRDA:404,69,0,0
BRDA:404,69,1,0
BRDA:406,70,0,0
BRDA:406,70,1,0
BRDA:417,71,0,0
BRDA:417,71,1,0
BRDA:419,72,0,0
BRDA:419,72,1,0
BRDA:422,73,0,0
BRDA:422,73,1,0
BRDA:424,74,0,0
BRDA:424,74,1,0
BRDA:425,75,0,0
BRDA:425,75,1,0
BRDA:425,76,0,0
BRDA:425,76,1,0
BRDA:434,77,0,0
BRDA:434,77,1,0
BRDA:435,78,0,0
BRDA:435,78,1,0
BRDA:437,79,0,0
BRDA:437,79,1,0
BRDA:437,80,0,0
BRDA:437,80,1,0
BRDA:460,81,0,0
BRDA:460,81,1,0
BRDA:462,82,0,0
BRDA:462,82,1,0
BRDA:466,83,0,0
BRDA:466,83,1,0
BRDA:471,84,0,0
BRDA:471,84,1,0
BRDA:476,85,0,0
BRDA:476,85,1,0
BRDA:476,85,2,0
BRDA:476,85,3,0
BRDA:479,86,0,0
BRDA:479,86,1,0
BRDA:489,87,0,0
BRDA:489,87,1,0
BRDA:502,88,0,0
BRDA:502,88,1,0
BRDA:513,89,0,0
BRDA:513,89,1,0
BRDA:515,90,0,0
BRDA:515,90,1,0
BRDA:520,91,0,0
BRDA:520,91,1,0
BRDA:522,92,0,0
BRDA:522,92,1,0
BRDA:527,93,0,0
BRDA:527,93,1,0
BRDA:527,93,2,0
BRDA:527,93,3,0
BRDA:534,94,0,0
BRDA:534,94,1,0
BRDA:534,95,0,0
BRDA:534,95,1,0
BRDA:534,95,2,0
BRDA:543,96,0,0
BRDA:543,96,1,0
BRDA:544,97,0,0
BRDA:544,97,1,0
BRDA:547,98,0,0
BRDA:547,98,1,0
BRDA:576,99,0,0
BRDA:576,99,1,0
BRDA:579,100,0,0
BRDA:579,100,1,0
BRDA:580,101,0,0
BRDA:580,101,1,0
BRDA:582,102,0,0
BRDA:582,102,1,0
BRDA:603,103,0,0
BRDA:603,103,1,0
BRDA:609,104,0,0
BRDA:609,104,1,0
BRDA:610,105,0,0
BRDA:610,105,1,0
BRDA:613,106,0,0
BRDA:613,106,1,0
BRDA:614,107,0,0
BRDA:614,107,1,0
BRDA:618,108,0,0
BRDA:618,108,1,0
BRDA:618,108,2,0
BRDA:619,109,0,0
BRDA:619,109,1,0
BRDA:619,109,2,0
BRDA:620,110,0,0
BRDA:620,110,1,0
BRDA:620,110,2,0
BRDA:621,111,0,0
BRDA:621,111,1,0
BRDA:621,111,2,0
BRDA:629,112,0,0
BRDA:629,112,1,0
BRDA:630,113,0,0
BRDA:630,113,1,0
BRDA:634,114,0,0
BRDA:634,114,1,0
BRDA:635,115,0,0
BRDA:635,115,1,0
BRDA:636,116,0,0
BRDA:636,116,1,0
BRDA:637,117,0,0
BRDA:637,117,1,0
BRDA:638,118,0,0
BRDA:638,118,1,0
BRDA:648,119,0,0
BRDA:648,119,1,0
BRDA:648,120,0,0
BRDA:648,120,1,0
BRDA:653,121,0,0
BRDA:653,121,1,0
BRDA:653,122,0,0
BRDA:653,122,1,0
BRDA:656,123,0,0
BRDA:656,123,1,0
BRDA:664,124,0,0
BRDA:664,124,1,0
BRDA:667,125,0,0
BRDA:667,125,1,0
BRDA:667,126,0,0
BRDA:667,126,1,0
BRDA:673,127,0,0
BRDA:673,127,1,0
BRDA:676,128,0,0
BRDA:676,128,1,0
BRDA:676,129,0,0
BRDA:676,129,1,0
BRDA:682,130,0,0
BRDA:682,130,1,0
BRDA:685,131,0,0
BRDA:685,131,1,0
BRDA:685,132,0,0
BRDA:685,132,1,0
BRDA:691,133,0,0
BRDA:691,133,1,0
BRDA:694,134,0,0
BRDA:694,134,1,0
BRDA:694,135,0,0
BRDA:694,135,1,0
BRDA:699,136,0,0
BRDA:699,136,1,0
BRDA:699,136,2,0
BRDA:699,136,3,0
BRDA:699,136,4,0
BRDA:699,136,5,0
BRDA:699,136,6,0
BRDA:708,137,0,0
BRDA:708,137,1,0
BRDA:708,138,0,0
BRDA:708,138,1,0
BRDA:715,139,0,0
BRDA:715,139,1,0
BRDA:724,140,0,0
BRDA:724,140,1,0
BRDA:725,141,0,0
BRDA:725,141,1,0
BRDA:729,142,0,0
BRDA:729,142,1,0
BRDA:741,143,0,0
BRDA:741,143,1,0
BRDA:742,144,0,0
BRDA:742,144,1,0
BRDA:742,145,0,0
BRDA:742,145,1,0
BRDA:745,146,0,0
BRDA:745,146,1,0
BRDA:763,147,0,0
BRDA:763,147,1,0
BRDA:765,148,0,0
BRDA:765,148,1,0
BRDA:765,149,0,0
BRDA:765,149,1,0
BRDA:766,150,0,0
BRDA:766,150,1,0
BRDA:773,151,0,0
BRDA:773,151,1,0
BRDA:773,152,0,0
BRDA:773,152,1,0
BRDA:785,153,0,0
BRDA:785,153,1,0
BRDA:786,154,0,0
BRDA:786,154,1,0
BRDA:790,155,0,0
BRDA:790,155,1,0
BRDA:801,156,0,0
BRDA:801,156,1,0
BRDA:802,157,0,0
BRDA:802,157,1,0
BRDA:802,158,0,0
BRDA:802,158,1,0
BRDA:805,159,0,0
BRDA:805,159,1,0
BRDA:825,160,0,0
BRDA:825,160,1,0
BRDA:831,161,0,0
BRDA:831,161,1,0
BRDA:831,162,0,0
BRDA:831,162,1,0
BRDA:833,163,0,0
BRDA:833,163,1,0
BRDA:833,164,0,0
BRDA:833,164,1,0
BRDA:837,165,0,0
BRDA:837,165,1,0
BRDA:837,166,0,0
BRDA:837,166,1,0
BRDA:839,167,0,0
BRDA:839,167,1,0
BRDA:839,168,0,0
BRDA:839,168,1,0
BRDA:843,169,0,0
BRDA:843,169,1,0
BRDA:843,170,0,0
BRDA:843,170,1,0
BRDA:845,171,0,0
BRDA:845,171,1,0
BRDA:845,172,0,0
BRDA:845,172,1,0
BRDA:871,173,0,0
BRDA:871,173,1,0
BRDA:875,174,0,0
BRDA:875,174,1,0
BRDA:875,175,0,0
BRDA:875,175,1,0
BRDA:878,176,0,0
BRDA:878,176,1,0
BRDA:894,177,0,0
BRDA:894,177,1,0
BRDA:901,178,0,0
BRDA:901,178,1,0
BRDA:905,179,0,0
BRDA:905,179,1,0
BRDA:920,180,0,0
BRDA:920,180,1,0
BRDA:920,181,0,0
BRDA:920,181,1,0
BRDA:926,182,0,0
BRDA:926,182,1,0
BRDA:944,183,0,0
BRDA:944,183,1,0
BRDA:972,184,0,0
BRDA:972,184,1,0
BRDA:979,185,0,0
BRDA:979,185,1,0
BRDA:979,186,0,0
BRDA:979,186,1,0
BRDA:979,186,2,0
BRDA:984,187,0,0
BRDA:984,187,1,0
BRDA:996,188,0,0
BRDA:996,188,1,0
BRDA:996,189,0,0
BRDA:996,189,1,0
BRDA:1001,190,0,0
BRDA:1001,190,1,0
BRDA:1019,191,0,0
BRDA:1019,191,1,0
BRDA:1019,192,0,0
BRDA:1019,192,1,0
BRDA:1019,192,2,0
BRDA:1019,192,3,0
BRDA:1024,193,0,0
BRDA:1024,193,1,0
BRDA:1035,194,0,0
BRDA:1035,194,1,0
BRDA:1035,195,0,0
BRDA:1035,195,1,0
BRDA:1040,196,0,0
BRDA:1040,196,1,0
BRDA:1057,197,0,0
BRDA:1057,197,1,0
BRDA:1057,198,0,0
BRDA:1057,198,1,0
BRDA:1071,199,0,0
BRDA:1071,199,1,0
BRF:425
BRH:0
end_of_record
TN:
SF:routes\order.js
FN:20,(anonymous_0)
FN:34,(anonymous_1)
FN:43,(anonymous_2)
FN:52,(anonymous_3)
FN:79,(anonymous_4)
FN:102,(anonymous_5)
FN:134,(anonymous_6)
FN:158,(anonymous_7)
FN:167,(anonymous_8)
FN:193,(anonymous_9)
FN:243,(anonymous_10)
FN:387,(anonymous_11)
FN:621,(anonymous_12)
FN:626,(anonymous_13)
FN:646,(anonymous_14)
FN:724,(anonymous_15)
FN:747,(anonymous_16)
FN:789,(anonymous_17)
FN:828,(anonymous_18)
FN:839,(anonymous_19)
FNF:20
FNH:0
FNDA:0,(anonymous_0)
FNDA:0,(anonymous_1)
FNDA:0,(anonymous_2)
FNDA:0,(anonymous_3)
FNDA:0,(anonymous_4)
FNDA:0,(anonymous_5)
FNDA:0,(anonymous_6)
FNDA:0,(anonymous_7)
FNDA:0,(anonymous_8)
FNDA:0,(anonymous_9)
FNDA:0,(anonymous_10)
FNDA:0,(anonymous_11)
FNDA:0,(anonymous_12)
FNDA:0,(anonymous_13)
FNDA:0,(anonymous_14)
FNDA:0,(anonymous_15)
FNDA:0,(anonymous_16)
FNDA:0,(anonymous_17)
FNDA:0,(anonymous_18)
FNDA:0,(anonymous_19)
DA:1,0
DA:2,0
DA:3,0
DA:4,0
DA:5,0
DA:6,0
DA:7,0
DA:8,0
DA:9,0
DA:10,0
DA:11,0
DA:12,0
DA:13,0
DA:14,0
DA:17,0
DA:20,0
DA:21,0
DA:22,0
DA:23,0
DA:24,0
DA:26,0
DA:28,0
DA:29,0
DA:34,0
DA:35,0
DA:36,0
DA:38,0
DA:43,0
DA:44,0
DA:45,0
DA:47,0
DA:52,0
DA:53,0
DA:54,0
DA:55,0
DA:56,0
DA:59,0
DA:65,0
DA:66,0
DA:69,0
DA:70,0
DA:73,0
DA:75,0
DA:79,0
DA:80,0
DA:81,0
DA:82,0
DA:83,0
DA:84,0
DA:89,0
DA:92,0
DA:93,0
DA:95,0
DA:97,0
DA:102,0
DA:103,0
DA:104,0
DA:107,0
DA:112,0
DA:113,0
DA:117,0
DA:118,0
DA:120,0
DA:128,0
DA:129,0
DA:134,0
DA:135,0
DA:136,0
DA:137,0
DA:139,0
DA:140,0
DA:141,0
DA:142,0
DA:143,0
DA:144,0
DA:145,0
DA:146,0
DA:150,0
DA:151,0
DA:153,0
DA:158,0
DA:159,0
DA:160,0
DA:161,0
DA:163,0
DA:167,0
DA:168,0
DA:169,0
DA:173,0
DA:175,0
DA:179,0
DA:180,0
DA:183,0
DA:184,0
DA:187,0
DA:189,0
DA:193,0
DA:194,0
DA:195,0
DA:196,0
DA:197,0
DA:198,0
DA:199,0
DA:201,0
DA:206,0
DA:207,0
DA:210,0
DA:211,0
DA:212,0
DA:213,0
DA:217,0
DA:221,0
DA:222,0
DA:223,0
DA:227,0
DA:228,0
DA:231,0
DA:232,0
DA:234,0
DA:235,0
DA:236,0
DA:240,0
DA:241,0
DA:242,0
DA:243,0
DA:244,0
DA:245,0
DA:248,0
DA:249,0
DA:250,0
DA:253,0
DA:254,0
DA:255,0
DA:256,0
DA:257,0
DA:260,0
DA:261,0
DA:262,0
DA:263,0
DA:265,0
DA:268,0
DA:269,0
DA:270,0
DA:271,0
DA:272,0
DA:275,0
DA:276,0
DA:278,0
DA:281,0
DA:287,0
DA:288,0
DA:292,0
DA:293,0
DA:294,0
DA:295,0
DA:297,0
DA:302,0
DA:303,0
DA:304,0
DA:305,0
DA:307,0
DA:308,0
DA:309,0
DA:313,0
DA:316,0
DA:321,0
DA:322,0
DA:324,0
DA:325,0
DA:326,0
DA:327,0
DA:328,0
DA:333,0
DA:336,0
DA:337,0
DA:338,0
DA:340,0
DA:341,0
DA:345,0
DA:346,0
DA:347,0
DA:348,0
DA:349,0
DA:351,0
DA:354,0
DA:358,0
DA:368,0
DA:375,0
DA:376,0
DA:378,0
DA:379,0
DA:380,0
DA:383,0
DA:384,0
DA:387,0
DA:388,0
DA:389,0
DA:390,0
DA:393,0
DA:394,0
DA:396,0
DA:397,0
DA:398,0
DA:400,0
DA:403,0
DA:404,0
DA:407,0
DA:408,0
DA:410,0
DA:414,0
DA:415,0
DA:418,0
DA:419,0
DA:421,0
DA:429,0
DA:431,0
DA:432,0
DA:434,0
DA:435,0
DA:444,0
DA:454,0
DA:456,0
DA:457,0
DA:459,0
DA:460,0
DA:469,0
DA:479,0
DA:481,0
DA:482,0
DA:483,0
DA:485,0
DA:495,0
DA:496,0
DA:497,0
DA:498,0
DA:499,0
DA:500,0
DA:501,0
DA:510,0
DA:513,0
DA:515,0
DA:516,0
DA:517,0
DA:519,0
DA:527,0
DA:529,0
DA:530,0
DA:531,0
DA:533,0
DA:541,0
DA:543,0
DA:544,0
DA:545,0
DA:546,0
DA:550,0
DA:552,0
DA:553,0
DA:555,0
DA:564,0
DA:566,0
DA:567,0
DA:569,0
DA:580,0
DA:581,0
DA:583,0
DA:595,0
DA:598,0
DA:603,0
DA:604,0
DA:605,0
DA:607,0
DA:612,0
DA:613,0
DA:614,0
DA:618,0
DA:619,0
DA:621,0
DA:622,0
DA:626,0
DA:627,0
DA:631,0
DA:632,0
DA:635,0
DA:639,0
DA:641,0
DA:646,0
DA:647,0
DA:648,0
DA:649,0
DA:650,0
DA:652,0
DA:653,0
DA:655,0
DA:656,0
DA:658,0
DA:659,0
DA:662,0
DA:663,0
DA:664,0
DA:665,0
DA:670,0
DA:673,0
DA:684,0
DA:685,0
DA:686,0
DA:687,0
DA:689,0
DA:694,0
DA:695,0
DA:696,0
DA:701,0
DA:703,0
DA:708,0
DA:709,0
DA:711,0
DA:715,0
DA:716,0
DA:718,0
DA:720,0
DA:724,0
DA:725,0
DA:726,0
DA:727,0
DA:733,0
DA:734,0
DA:737,0
DA:740,0
DA:742,0
DA:747,0
DA:748,0
DA:749,0
DA:750,0
DA:752,0
DA:753,0
DA:756,0
DA:757,0
DA:760,0
DA:761,0
DA:762,0
DA:763,0
DA:764,0
DA:765,0
DA:766,0
DA:767,0
DA:768,0
DA:769,0
DA:772,0
DA:773,0
DA:778,0
DA:781,0
DA:782,0
DA:783,0
DA:784,0
DA:785,0
DA:786,0
DA:789,0
DA:790,0
DA:794,0
DA:795,0
DA:796,0
DA:798,0
DA:802,0
DA:803,0
DA:804,0
DA:805,0
DA:806,0
DA:807,0
DA:810,0
DA:811,0
DA:816,0
DA:820,0
DA:823,0
DA:824,0
DA:825,0
DA:828,0
DA:829,0
DA:832,0
DA:834,0
DA:839,0
DA:840,0
DA:841,0
DA:842,0
DA:843,0
DA:845,0
DA:846,0
DA:849,0
DA:850,0
DA:851,0
DA:854,0
DA:855,0
DA:856,0
DA:859,0
DA:860,0
DA:865,0
DA:868,0
DA:870,0
DA:874,0
LF:397
LH:0
BRDA:23,0,0,0
BRDA:23,0,1,0
BRDA:23,1,0,0
BRDA:23,1,1,0
BRDA:34,2,0,0
BRDA:35,3,0,0
BRDA:35,3,1,0
BRDA:43,4,0,0
BRDA:44,5,0,0
BRDA:44,5,1,0
BRDA:56,6,0,0
BRDA:56,6,1,0
BRDA:65,7,0,0
BRDA:65,7,1,0
BRDA:69,8,0,0
BRDA:69,8,1,0
BRDA:81,9,0,0
BRDA:81,10,0,0
BRDA:83,11,0,0
BRDA:83,11,1,0
BRDA:93,12,0,0
BRDA:93,12,1,0
BRDA:104,13,0,0
BRDA:104,14,0,0
BRDA:109,15,0,0
BRDA:109,15,1,0
BRDA:112,16,0,0
BRDA:112,16,1,0
BRDA:139,17,0,0
BRDA:139,17,1,0
BRDA:141,18,0,0
BRDA:141,18,1,0
BRDA:143,19,0,0
BRDA:143,19,1,0
BRDA:145,20,0,0
BRDA:145,20,1,0
BRDA:173,21,0,0
BRDA:173,21,1,0
BRDA:179,22,0,0
BRDA:179,22,1,0
BRDA:183,23,0,0
BRDA:183,23,1,0
BRDA:198,24,0,0
BRDA:198,24,1,0
BRDA:207,25,0,0
BRDA:207,25,1,0
BRDA:207,26,0,0
BRDA:207,26,1,0
BRDA:210,27,0,0
BRDA:210,27,1,0
BRDA:210,28,0,0
BRDA:210,28,1,0
BRDA:215,29,0,0
BRDA:215,29,1,0
BRDA:221,30,0,0
BRDA:221,30,1,0
BRDA:221,31,0,0
BRDA:221,31,1,0
BRDA:221,31,2,0
BRDA:227,32,0,0
BRDA:227,32,1,0
BRDA:227,33,0,0
BRDA:227,33,1,0
BRDA:227,33,2,0
BRDA:231,34,0,0
BRDA:231,34,1,0
BRDA:234,35,0,0
BRDA:234,35,1,0
BRDA:234,36,0,0
BRDA:234,36,1,0
BRDA:236,37,0,0
BRDA:236,37,1,0
BRDA:240,38,0,0
BRDA:240,38,1,0
BRDA:249,39,0,0
BRDA:249,39,1,0
BRDA:254,40,0,0
BRDA:254,40,1,0
BRDA:260,41,0,0
BRDA:260,41,1,0
BRDA:270,42,0,0
BRDA:270,42,1,0
BRDA:272,43,0,0
BRDA:272,43,1,0
BRDA:287,44,0,0
BRDA:287,44,1,0
BRDA:287,45,0,0
BRDA:287,45,1,0
BRDA:287,45,2,0
BRDA:292,46,0,0
BRDA:292,46,1,0
BRDA:292,47,0,0
BRDA:292,47,1,0
BRDA:302,48,0,0
BRDA:302,48,1,0
BRDA:302,49,0,0
BRDA:302,49,1,0
BRDA:308,50,0,0
BRDA:308,50,1,0
BRDA:308,51,0,0
BRDA:308,51,1,0
BRDA:321,52,0,0
BRDA:321,52,1,0
BRDA:321,53,0,0
BRDA:321,53,1,0
BRDA:321,53,2,0
BRDA:348,54,0,0
BRDA:348,54,1,0
BRDA:376,55,0,0
BRDA:376,55,1,0
BRDA:378,56,0,0
BRDA:378,56,1,0
BRDA:383,57,0,0
BRDA:383,57,1,0
BRDA:396,58,0,0
BRDA:396,58,1,0
BRDA:398,59,0,0
BRDA:398,59,1,0
BRDA:398,60,0,0
BRDA:398,60,1,0
BRDA:400,61,0,0
BRDA:400,61,1,0
BRDA:400,62,0,0
BRDA:400,62,1,0
BRDA:407,63,0,0
BRDA:407,63,1,0
BRDA:414,64,0,0
BRDA:414,64,1,0
BRDA:418,65,0,0
BRDA:418,65,1,0
BRDA:425,66,0,0
BRDA:425,66,1,0
BRDA:427,67,0,0
BRDA:427,67,1,0
BRDA:429,68,0,0
BRDA:429,68,1,0
BRDA:429,69,0,0
BRDA:429,69,1,0
BRDA:434,70,0,0
BRDA:434,70,1,0
BRDA:454,71,0,0
BRDA:454,71,1,0
BRDA:454,72,0,0
BRDA:454,72,1,0
BRDA:459,73,0,0
BRDA:459,73,1,0
BRDA:479,74,0,0
BRDA:479,74,1,0
BRDA:481,75,0,0
BRDA:481,75,1,0
BRDA:495,76,0,0
BRDA:495,76,1,0
BRDA:495,77,0,0
BRDA:495,77,1,0
BRDA:499,78,0,0
BRDA:499,78,1,0
BRDA:499,79,0,0
BRDA:499,79,1,0
BRDA:513,80,0,0
BRDA:513,80,1,0
BRDA:515,81,0,0
BRDA:515,81,1,0
BRDA:527,82,0,0
BRDA:527,82,1,0
BRDA:529,83,0,0
BRDA:529,83,1,0
BRDA:541,84,0,0
BRDA:541,84,1,0
BRDA:543,85,0,0
BRDA:543,85,1,0
BRDA:543,86,0,0
BRDA:543,86,1,0
BRDA:545,87,0,0
BRDA:545,87,1,0
BRDA:550,88,0,0
BRDA:550,88,1,0
BRDA:550,89,0,0
BRDA:550,89,1,0
BRDA:564,90,0,0
BRDA:564,90,1,0
BRDA:564,91,0,0
BRDA:564,91,1,0
BRDA:580,92,0,0
BRDA:580,92,1,0
BRDA:603,93,0,0
BRDA:603,93,1,0
BRDA:605,94,0,0
BRDA:605,94,1,0
BRDA:618,95,0,0
BRDA:618,95,1,0
BRDA:618,96,0,0
BRDA:618,96,1,0
BRDA:653,97,0,0
BRDA:653,97,1,0
BRDA:656,98,0,0
BRDA:656,98,1,0
BRDA:658,99,0,0
BRDA:658,99,1,0
BRDA:675,100,0,0
BRDA:675,100,1,0
BRDA:676,101,0,0
BRDA:676,101,1,0
BRDA:679,102,0,0
BRDA:679,102,1,0
BRDA:679,102,2,0
BRDA:680,103,0,0
BRDA:680,103,1,0
BRDA:684,104,0,0
BRDA:684,104,1,0
BRDA:694,105,0,0
BRDA:694,105,1,0
BRDA:750,106,0,0
BRDA:750,106,1,0
BRDA:752,107,0,0
BRDA:752,107,1,0
BRDA:757,108,0,0
BRDA:757,108,1,0
BRDA:760,109,0,0
BRDA:760,109,1,0
BRDA:760,110,0,0
BRDA:760,110,1,0
BRDA:762,111,0,0
BRDA:762,111,1,0
BRDA:769,112,0,0
BRDA:769,112,1,0
BRDA:774,113,0,0
BRDA:774,113,1,0
BRDA:807,114,0,0
BRDA:807,114,1,0
BRDA:812,115,0,0
BRDA:812,115,1,0
BRDA:843,116,0,0
BRDA:843,116,1,0
BRDA:845,117,0,0
BRDA:845,117,1,0
BRDA:850,118,0,0
BRDA:850,118,1,0
BRDA:861,119,0,0
BRDA:861,119,1,0
BRF:239
BRH:0
end_of_record
TN:
SF:routes\payment.js
FN:16,(anonymous_0)
FN:55,(anonymous_1)
FN:93,(anonymous_2)
FN:98,(anonymous_3)
FN:164,(anonymous_4)
FN:237,(anonymous_5)
FN:298,(anonymous_6)
FN:340,(anonymous_7)
FN:356,(anonymous_8)
FN:376,(anonymous_9)
FN:381,(anonymous_10)
FN:464,(anonymous_11)
FN:493,(anonymous_12)
FN:525,(anonymous_13)
FN:545,(anonymous_14)
FN:577,(anonymous_15)
FN:607,(anonymous_16)
FNF:17
FNH:0
FNDA:0,(anonymous_0)
FNDA:0,(anonymous_1)
FNDA:0,(anonymous_2)
FNDA:0,(anonymous_3)
FNDA:0,(anonymous_4)
FNDA:0,(anonymous_5)
FNDA:0,(anonymous_6)
FNDA:0,(anonymous_7)
FNDA:0,(anonymous_8)
FNDA:0,(anonymous_9)
FNDA:0,(anonymous_10)
FNDA:0,(anonymous_11)
FNDA:0,(anonymous_12)
FNDA:0,(anonymous_13)
FNDA:0,(anonymous_14)
FNDA:0,(anonymous_15)
FNDA:0,(anonymous_16)
DA:1,0
DA:2,0
DA:3,0
DA:4,0
DA:5,0
DA:6,0
DA:7,0
DA:8,0
DA:9,0
DA:10,0
DA:11,0
DA:12,0
DA:13,0
DA:16,0
DA:17,0
DA:18,0
DA:20,0
DA:21,0
DA:25,0
DA:26,0
DA:27,0
DA:30,0
DA:31,0
DA:35,0
DA:38,0
DA:39,0
DA:41,0
DA:49,0
DA:50,0
DA:55,0
DA:56,0
DA:57,0
DA:60,0
DA:61,0
DA:66,0
DA:67,0
DA:71,0
DA:72,0
DA:73,0
DA:76,0
DA:77,0
DA:78,0
DA:79,0
DA:80,0
DA:85,0
DA:88,0
DA:89,0
DA:90,0
DA:93,0
DA:94,0
DA:98,0
DA:99,0
DA:102,0
DA:103,0
DA:104,0
DA:105,0
DA:106,0
DA:107,0
DA:108,0
DA:109,0
DA:111,0
DA:112,0
DA:115,0
DA:118,0
DA:120,0
DA:121,0
DA:122,0
DA:128,0
DA:135,0
DA:139,0
DA:140,0
DA:141,0
DA:143,0
DA:148,0
DA:149,0
DA:150,0
DA:151,0
DA:152,0
DA:155,0
DA:156,0
DA:158,0
DA:159,0
DA:164,0
DA:165,0
DA:166,0
DA:169,0
DA:170,0
DA:171,0
DA:173,0
DA:178,0
DA:179,0
DA:180,0
DA:184,0
DA:185,0
DA:187,0
DA:190,0
DA:191,0
DA:192,0
DA:194,0
DA:195,0
DA:196,0
DA:199,0
DA:202,0
DA:209,0
DA:210,0
DA:211,0
DA:215,0
DA:216,0
DA:217,0
DA:218,0
DA:219,0
DA:220,0
DA:221,0
DA:222,0
DA:227,0
DA:229,0
DA:232,0
DA:233,0
DA:234,0
DA:237,0
DA:238,0
DA:242,0
DA:243,0
DA:251,0
DA:255,0
DA:259,0
DA:260,0
DA:261,0
DA:263,0
DA:264,0
DA:267,0
DA:269,0
DA:276,0
DA:277,0
DA:280,0
DA:281,0
DA:282,0
DA:283,0
DA:284,0
DA:285,0
DA:290,0
DA:293,0
DA:294,0
DA:295,0
DA:298,0
DA:299,0
DA:303,0
DA:304,0
DA:312,0
DA:315,0
DA:319,0
DA:320,0
DA:321,0
DA:323,0
DA:324,0
DA:325,0
DA:326,0
DA:327,0
DA:328,0
DA:329,0
DA:330,0
DA:332,0
DA:335,0
DA:336,0
DA:337,0
DA:340,0
DA:341,0
DA:346,0
DA:349,0
DA:351,0
DA:352,0
DA:356,0
DA:357,0
DA:358,0
DA:360,0
DA:361,0
DA:362,0
DA:363,0
DA:364,0
DA:365,0
DA:366,0
DA:367,0
DA:368,0
DA:371,0
DA:372,0
DA:373,0
DA:376,0
DA:377,0
DA:381,0
DA:382,0
DA:385,0
DA:386,0
DA:387,0
DA:388,0
DA:389,0
DA:390,0
DA:391,0
DA:392,0
DA:394,0
DA:395,0
DA:398,0
DA:401,0
DA:403,0
DA:404,0
DA:410,0
DA:418,0
DA:419,0
DA:420,0
DA:422,0
DA:427,0
DA:428,0
DA:429,0
DA:430,0
DA:431,0
DA:434,0
DA:438,0
DA:459,0
DA:460,0
DA:464,0
DA:465,0
DA:466,0
DA:467,0
DA:468,0
DA:470,0
DA:473,0
DA:474,0
DA:476,0
DA:477,0
DA:478,0
DA:479,0
DA:480,0
DA:481,0
DA:482,0
DA:483,0
DA:484,0
DA:485,0
DA:488,0
DA:489,0
DA:490,0
DA:493,0
DA:494,0
DA:497,0
DA:505,0
DA:507,0
DA:509,0
DA:510,0
DA:511,0
DA:512,0
DA:513,0
DA:514,0
DA:515,0
DA:516,0
DA:517,0
DA:520,0
DA:521,0
DA:522,0
DA:525,0
DA:526,0
DA:529,0
DA:537,0
DA:540,0
DA:545,0
DA:546,0
DA:547,0
DA:548,0
DA:550,0
DA:551,0
DA:554,0
DA:555,0
DA:558,0
DA:559,0
DA:561,0
DA:562,0
DA:563,0
DA:564,0
DA:565,0
DA:566,0
DA:567,0
DA:568,0
DA:569,0
DA:572,0
DA:573,0
DA:574,0
DA:577,0
DA:578,0
DA:581,0
DA:589,0
DA:591,0
DA:593,0
DA:594,0
DA:595,0
DA:596,0
DA:597,0
DA:598,0
DA:599,0
DA:602,0
DA:603,0
DA:604,0
DA:607,0
DA:608,0
DA:611,0
DA:614,0
DA:618,0
LF:303
LH:0
BRDA:20,0,0,0
BRDA:20,0,1,0
BRDA:20,1,0,0
BRDA:20,1,1,0
BRDA:26,2,0,0
BRDA:26,2,1,0
BRDA:30,3,0,0
BRDA:30,3,1,0
BRDA:46,4,0,0
BRDA:46,4,1,0
BRDA:66,5,0,0
BRDA:66,5,1,0
BRDA:72,6,0,0
BRDA:72,6,1,0
BRDA:111,7,0,0
BRDA:111,7,1,0
BRDA:121,8,0,0
BRDA:121,8,1,0
BRDA:139,9,0,0
BRDA:139,9,1,0
BRDA:149,10,0,0
BRDA:149,10,1,0
BRDA:150,11,0,0
BRDA:150,11,1,0
BRDA:151,12,0,0
BRDA:151,12,1,0
BRDA:169,13,0,0
BRDA:169,13,1,0
BRDA:178,14,0,0
BRDA:178,14,1,0
BRDA:184,15,0,0
BRDA:184,15,1,0
BRDA:190,16,0,0
BRDA:190,16,1,0
BRDA:190,17,0,0
BRDA:190,17,1,0
BRDA:194,18,0,0
BRDA:194,18,1,0
BRDA:209,19,0,0
BRDA:209,19,1,0
BRDA:215,20,0,0
BRDA:215,20,1,0
BRDA:259,21,0,0
BRDA:259,21,1,0
BRDA:263,22,0,0
BRDA:263,22,1,0
BRDA:276,23,0,0
BRDA:276,23,1,0
BRDA:281,24,0,0
BRDA:281,24,1,0
BRDA:287,25,0,0
BRDA:287,25,1,0
BRDA:319,26,0,0
BRDA:319,26,1,0
BRDA:321,27,0,0
BRDA:321,27,1,0
BRDA:323,28,0,0
BRDA:323,28,1,0
BRDA:325,29,0,0
BRDA:325,29,1,0
BRDA:325,30,0,0
BRDA:325,30,1,0
BRDA:360,31,0,0
BRDA:360,31,1,0
BRDA:362,32,0,0
BRDA:362,32,1,0
BRDA:394,33,0,0
BRDA:394,33,1,0
BRDA:403,34,0,0
BRDA:403,34,1,0
BRDA:418,35,0,0
BRDA:418,35,1,0
BRDA:428,36,0,0
BRDA:428,36,1,0
BRDA:429,37,0,0
BRDA:429,37,1,0
BRDA:430,38,0,0
BRDA:430,38,1,0
BRDA:467,39,0,0
BRDA:467,39,1,0
BRDA:468,40,0,0
BRDA:468,40,1,0
BRDA:468,41,0,0
BRDA:468,41,1,0
BRDA:470,42,0,0
BRDA:470,42,1,0
BRDA:548,43,0,0
BRDA:548,43,1,0
BRDA:550,44,0,0
BRDA:550,44,1,0
BRDA:554,45,0,0
BRDA:554,45,1,0
BRDA:555,46,0,0
BRDA:555,46,1,0
BRF:94
BRH:0
end_of_record
TN:
SF:routes\public.js
FN:17,(anonymous_0)
FN:28,(anonymous_1)
FN:42,(anonymous_2)
FN:59,(anonymous_3)
FN:74,(anonymous_4)
FN:91,(anonymous_5)
FN:130,(anonymous_6)
FN:190,(anonymous_7)
FN:230,(anonymous_8)
FN:254,(anonymous_9)
FN:275,(anonymous_10)
FN:283,(anonymous_11)
FN:328,(anonymous_12)
FN:349,(anonymous_13)
FN:356,(anonymous_14)
FN:357,(anonymous_15)
FN:361,(anonymous_16)
FN:362,(anonymous_17)
FN:365,(anonymous_18)
FN:374,(anonymous_19)
FN:376,(anonymous_20)
FN:382,(anonymous_21)
FN:406,(anonymous_22)
FN:421,(anonymous_23)
FN:422,(anonymous_24)
FN:426,(anonymous_25)
FN:427,(anonymous_26)
FN:431,(anonymous_27)
FN:432,(anonymous_28)
FN:436,(anonymous_29)
FN:449,(anonymous_30)
FN:461,(anonymous_31)
FN:466,(anonymous_32)
FN:482,(anonymous_33)
FN:491,(anonymous_34)
FN:497,(anonymous_35)
FN:501,(anonymous_36)
FN:505,(anonymous_37)
FN:506,(anonymous_38)
FN:513,(anonymous_39)
FN:514,(anonymous_40)
FN:520,(anonymous_41)
FN:528,(anonymous_42)
FN:532,(anonymous_43)
FN:552,(anonymous_44)
FN:568,(anonymous_45)
FN:571,(anonymous_46)
FN:572,(anonymous_47)
FN:573,(anonymous_48)
FN:592,(anonymous_49)
FN:618,(anonymous_50)
FN:643,(anonymous_51)
FN:655,(anonymous_52)
FN:667,(anonymous_53)
FN:679,(anonymous_54)
FN:694,(anonymous_55)
FN:704,(anonymous_56)
FN:716,(anonymous_57)
FN:743,(anonymous_58)
FN:763,(anonymous_59)
FN:781,(anonymous_60)
FN:800,(anonymous_61)
FNF:62
FNH:0
FNDA:0,(anonymous_0)
FNDA:0,(anonymous_1)
FNDA:0,(anonymous_2)
FNDA:0,(anonymous_3)
FNDA:0,(anonymous_4)
FNDA:0,(anonymous_5)
FNDA:0,(anonymous_6)
FNDA:0,(anonymous_7)
FNDA:0,(anonymous_8)
FNDA:0,(anonymous_9)
FNDA:0,(anonymous_10)
FNDA:0,(anonymous_11)
FNDA:0,(anonymous_12)
FNDA:0,(anonymous_13)
FNDA:0,(anonymous_14)
FNDA:0,(anonymous_15)
FNDA:0,(anonymous_16)
FNDA:0,(anonymous_17)
FNDA:0,(anonymous_18)
FNDA:0,(anonymous_19)
FNDA:0,(anonymous_20)
FNDA:0,(anonymous_21)
FNDA:0,(anonymous_22)
FNDA:0,(anonymous_23)
FNDA:0,(anonymous_24)
FNDA:0,(anonymous_25)
FNDA:0,(anonymous_26)
FNDA:0,(anonymous_27)
FNDA:0,(anonymous_28)
FNDA:0,(anonymous_29)
FNDA:0,(anonymous_30)
FNDA:0,(anonymous_31)
FNDA:0,(anonymous_32)
FNDA:0,(anonymous_33)
FNDA:0,(anonymous_34)
FNDA:0,(anonymous_35)
FNDA:0,(anonymous_36)
FNDA:0,(anonymous_37)
FNDA:0,(anonymous_38)
FNDA:0,(anonymous_39)
FNDA:0,(anonymous_40)
FNDA:0,(anonymous_41)
FNDA:0,(anonymous_42)
FNDA:0,(anonymous_43)
FNDA:0,(anonymous_44)
FNDA:0,(anonymous_45)
FNDA:0,(anonymous_46)
FNDA:0,(anonymous_47)
FNDA:0,(anonymous_48)
FNDA:0,(anonymous_49)
FNDA:0,(anonymous_50)
FNDA:0,(anonymous_51)
FNDA:0,(anonymous_52)
FNDA:0,(anonymous_53)
FNDA:0,(anonymous_54)
FNDA:0,(anonymous_55)
FNDA:0,(anonymous_56)
FNDA:0,(anonymous_57)
FNDA:0,(anonymous_58)
FNDA:0,(anonymous_59)
FNDA:0,(anonymous_60)
FNDA:0,(anonymous_61)
DA:1,0
DA:2,0
DA:3,0
DA:4,0
DA:5,0
DA:6,0
DA:7,0
DA:8,0
DA:9,0
DA:10,0
DA:11,0
DA:14,0
DA:17,0
DA:18,0
DA:19,0
DA:20,0
DA:22,0
DA:28,0
DA:29,0
DA:30,0
DA:32,0
DA:42,0
DA:44,0
DA:45,0
DA:48,0
DA:51,0
DA:53,0
DA:59,0
DA:60,0
DA:61,0
DA:63,0
DA:74,0
DA:76,0
DA:77,0
DA:80,0
DA:83,0
DA:85,0
DA:91,0
DA:92,0
DA:93,0
DA:94,0
DA:96,0
DA:98,0
DA:99,0
DA:103,0
DA:104,0
DA:107,0
DA:108,0
DA:111,0
DA:112,0
DA:116,0
DA:117,0
DA:120,0
DA:122,0
DA:124,0
DA:130,0
DA:131,0
DA:132,0
DA:133,0
DA:135,0
DA:136,0
DA:143,0
DA:145,0
DA:146,0
DA:154,0
DA:155,0
DA:156,0
DA:164,0
DA:165,0
DA:174,0
DA:175,0
DA:187,0
DA:188,0
DA:189,0
DA:190,0
DA:191,0
DA:192,0
DA:196,0
DA:197,0
DA:198,0
DA:199,0
DA:200,0
DA:201,0
DA:202,0
DA:203,0
DA:207,0
DA:222,0
DA:224,0
DA:230,0
DA:231,0
DA:232,0
DA:234,0
DA:235,0
DA:239,0
DA:242,0
DA:243,0
DA:247,0
DA:248,0
DA:251,0
DA:254,0
DA:255,0
DA:256,0
DA:258,0
DA:262,0
DA:264,0
DA:265,0
DA:266,0
DA:268,0
DA:270,0
DA:271,0
DA:274,0
DA:275,0
DA:276,0
DA:281,0
DA:282,0
DA:283,0
DA:287,0
DA:288,0
DA:289,0
DA:292,0
DA:293,0
DA:294,0
DA:295,0
DA:298,0
DA:299,0
DA:300,0
DA:301,0
DA:302,0
DA:303,0
DA:304,0
DA:306,0
DA:307,0
DA:310,0
DA:311,0
DA:319,0
DA:326,0
DA:328,0
DA:342,0
DA:343,0
DA:349,0
DA:350,0
DA:351,0
DA:352,0
DA:355,0
DA:356,0
DA:357,0
DA:360,0
DA:361,0
[...]
DA:1549,0
DA:1550,0
DA:1551,0
DA:1554,0
DA:1555,0
DA:1561,0
DA:1562,0
DA:1564,0
DA:1565,0
DA:1580,0
DA:1583,0
DA:1586,0
DA:1590,0
DA:1591,0
DA:1593,0
DA:1596,0
DA:1598,0
DA:1599,0
DA:1608,0
DA:1609,0
DA:1610,0
DA:1612,0
DA:1613,0
DA:1615,0
DA:1616,0
DA:1617,0
DA:1621,0
DA:1626,0
DA:1627,0
DA:1628,0
DA:1636,0
DA:1670,0
DA:1673,0
DA:1675,0
DA:1676,0
DA:1682,0
DA:1683,0
DA:1684,0
DA:1686,0
DA:1687,0
DA:1688,0
DA:1690,0
DA:1693,0
DA:1698,0
DA:1699,0
DA:1702,0
DA:1703,0
DA:1704,0
DA:1705,0
DA:1710,0
DA:1711,0
DA:1714,0
DA:1727,0
DA:1729,0
DA:1737,0
DA:1738,0
DA:1739,0
DA:1744,0
DA:1774,0
DA:1786,0
DA:1794,0
DA:1795,0
DA:1796,0
DA:1801,0
DA:1831,0
DA:1832,0
DA:1834,0
DA:1835,0
DA:1841,0
DA:1842,0
DA:1844,0
DA:1845,0
DA:1847,0
DA:1882,0
DA:1883,0
DA:1884,0
DA:1885,0
DA:1887,0
DA:1900,0
DA:1901,0
DA:1902,0
DA:1904,0
DA:1905,0
DA:1911,0
DA:1912,0
DA:1913,0
DA:1915,0
DA:1916,0
DA:1917,0
DA:1919,0
DA:1924,0
DA:1926,0
DA:1927,0
DA:1928,0
DA:1942,0
DA:1944,0
DA:1945,0
DA:1951,0
DA:1952,0
DA:1953,0
DA:1955,0
DA:1956,0
DA:1957,0
DA:1959,0
DA:1964,0
DA:1965,0
DA:1967,0
DA:1968,0
DA:1970,0
DA:1971,0
DA:1972,0
DA:1973,0
DA:1987,0
DA:1989,0
DA:1990,0
DA:1999,0
DA:2000,0
DA:2001,0
DA:2003,0
DA:2004,0
DA:2006,0
DA:2007,0
DA:2008,0
DA:2012,0
DA:2017,0
DA:2018,0
DA:2019,0
DA:2027,0
DA:2036,0
DA:2044,0
DA:2062,0
DA:2065,0
DA:2067,0
DA:2068,0
DA:2074,0
DA:2075,0
DA:2076,0
DA:2078,0
DA:2079,0
DA:2080,0
DA:2083,0
DA:2088,0
DA:2089,0
DA:2091,0
DA:2092,0
DA:2093,0
DA:2094,0
DA:2098,0
DA:2100,0
DA:2102,0
DA:2110,0
DA:2140,0
DA:2149,0
DA:2153,0
DA:2154,0
DA:2157,0
DA:2158,0
DA:2189,0
DA:2191,0
DA:2192,0
DA:2198,0
DA:2199,0
DA:2200,0
DA:2202,0
DA:2203,0
DA:2204,0
DA:2206,0
DA:2211,0
DA:2212,0
DA:2214,0
DA:2215,0
DA:2216,0
DA:2217,0
DA:2219,0
DA:2223,0
DA:2225,0
DA:2226,0
DA:2232,0
DA:2233,0
DA:2234,0
DA:2235,0
DA:2236,0
DA:2238,0
DA:2239,0
DA:2247,0
DA:2248,0
DA:2249,0
DA:2251,0
DA:2252,0
DA:2253,0
DA:2256,0
DA:2259,0
DA:2266,0
DA:2267,0
DA:2268,0
DA:2269,0
DA:2270,0
DA:2273,0
DA:2275,0
DA:2279,0
DA:2282,0
DA:2288,0
DA:2296,0
DA:2297,0
DA:2353,0
DA:2355,0
DA:2359,0
DA:2360,0
DA:2362,0
DA:2363,0
DA:2369,0
DA:2370,0
DA:2371,0
DA:2373,0
DA:2374,0
DA:2376,0
DA:2379,0
DA:2383,0
DA:2386,0
DA:2392,0
DA:2393,0
DA:2401,0
DA:2445,0
DA:2446,0
DA:2448,0
DA:2449,0
DA:2455,0
DA:2456,0
DA:2457,0
DA:2459,0
DA:2460,0
DA:2462,0
DA:2465,0
DA:2471,0
DA:2473,0
DA:2481,0
DA:2525,0
DA:2526,0
DA:2528,0
DA:2529,0
DA:2535,0
DA:2536,0
DA:2537,0
DA:2539,0
DA:2540,0
DA:2542,0
DA:2545,0
DA:2551,0
DA:2553,0
DA:2561,0
DA:2562,0
DA:2563,0
DA:2572,0
DA:2580,0
DA:2640,0
DA:2641,0
DA:2643,0
DA:2644,0
DA:2650,0
DA:2652,0
DA:2659,0
DA:2660,0
DA:2667,0
DA:2668,0
DA:2669,0
DA:2671,0
DA:2672,0
DA:2673,0
DA:2675,0
DA:2678,0
DA:2683,0
DA:2684,0
DA:2687,0
DA:2688,0
DA:2691,0
DA:2692,0
DA:2700,0
DA:2731,0
DA:2732,0
DA:2735,0
DA:2748,0
DA:2749,0
DA:2757,0
DA:2789,0
DA:2790,0
DA:2792,0
DA:2793,0
DA:2799,0
DA:2800,0
DA:2801,0
DA:2803,0
DA:2804,0
DA:2805,0
DA:2808,0
DA:2813,0
DA:2814,0
DA:2816,0
DA:2817,0
DA:2820,0
DA:2821,0
DA:2822,0
DA:2824,0
DA:2826,0
DA:2841,0
DA:2843,0
DA:2844,0
DA:2850,0
DA:2851,0
DA:2852,0
DA:2853,0
DA:2855,0
DA:2862,0
DA:2863,0
DA:2864,0
DA:2866,0
DA:2867,0
DA:2868,0
DA:2871,0
DA:2875,0
DA:2878,0
DA:2880,0
DA:2881,0
DA:2884,0
DA:2885,0
DA:2886,0
DA:2887,0
DA:2889,0
DA:2892,0
DA:2904,0
DA:2910,0
DA:2917,0
DA:2920,0
DA:2929,0
DA:2933,0
DA:2935,0
DA:2987,0
DA:2992,0
DA:2993,0
DA:2995,0
DA:2996,0
DA:3002,0
DA:3003,0
DA:3004,0
DA:3006,0
DA:3007,0
DA:3008,0
DA:3011,0
DA:3016,0
DA:3019,0
DA:3022,0
DA:3024,0
DA:3025,0
DA:3028,0
DA:3029,0
DA:3032,0
DA:3034,0
DA:3035,0
DA:3036,0
DA:3037,0
DA:3039,0
DA:3055,0
DA:3061,0
DA:3064,0
DA:3065,0
DA:3066,0
DA:3081,0
DA:3088,0
DA:3092,0
DA:3098,0
DA:3103,0
DA:3104,0
DA:3106,0
DA:3107,0
DA:3109,0
DA:3110,0
DA:3111,0
DA:3113,0
DA:3118,0
DA:3119,0
DA:3125,0
DA:3129,0
DA:3133,0
DA:3134,0
DA:3137,0
DA:3138,0
DA:3139,0
DA:3140,0
DA:3141,0
DA:3142,0
DA:3147,0
DA:3194,0
DA:3195,0
DA:3209,0
DA:3213,0
DA:3218,0
DA:3219,0
DA:3221,0
DA:3222,0
DA:3228,0
DA:3229,0
DA:3230,0
DA:3232,0
DA:3233,0
DA:3234,0
DA:3237,0
DA:3242,0
DA:3243,0
DA:3246,0
DA:3247,0
DA:3256,0
DA:3260,0
DA:3263,0
DA:3308,0
DA:3309,0
DA:3311,0
DA:3312,0
DA:3317,1
LF:1015
LH:13
BRDA:6,0,0,1
BRDA:6,0,1,1
BRDA:56,1,0,0
BRDA:65,2,0,0
BRDA:80,3,0,0
BRDA:80,3,1,0
BRDA:100,4,0,0
BRDA:100,4,1,0
BRDA:107,5,0,0
BRDA:107,5,1,0
BRDA:122,6,0,0
BRDA:122,6,1,0
BRDA:125,7,0,0
BRDA:125,7,1,0
BRDA:148,8,0,0
BRDA:148,8,1,0
BRDA:149,9,0,0
BRDA:149,9,1,0
BRDA:149,10,0,0
BRDA:149,10,1,0
BRDA:165,11,0,0
BRDA:165,11,1,0
BRDA:167,12,0,0
BRDA:167,12,1,0
BRDA:203,13,0,0
BRDA:203,13,1,0
BRDA:230,14,0,0
BRDA:230,14,1,0
BRDA:236,15,0,0
BRDA:236,15,1,0
BRDA:245,16,0,0
BRDA:245,16,1,0
BRDA:246,17,0,0
BRDA:246,17,1,0
BRDA:246,17,2,0
BRDA:246,17,3,0
BRDA:246,17,4,0
BRDA:250,18,0,0
BRDA:250,18,1,0
BRDA:250,19,0,0
BRDA:250,19,1,0
BRDA:253,20,0,0
BRDA:253,20,1,0
BRDA:263,21,0,0
BRDA:263,21,1,0
BRDA:266,22,0,0
BRDA:266,22,1,0
BRDA:267,23,0,0
BRDA:267,23,1,0
BRDA:276,24,0,0
BRDA:276,24,1,0
BRDA:276,25,0,0
BRDA:276,25,1,0
BRDA:276,25,2,0
BRDA:277,26,0,0
BRDA:277,26,1,0
BRDA:281,27,0,0
BRDA:281,27,1,0
BRDA:283,28,0,0
BRDA:283,28,1,0
BRDA:299,29,0,0
BRDA:299,29,1,0
BRDA:301,30,0,0
BRDA:301,30,1,0
BRDA:337,31,0,0
BRDA:337,31,1,0
BRDA:343,32,0,0
BRDA:343,32,1,0
BRDA:347,33,0,0
BRDA:347,33,1,0
BRDA:352,34,0,0
BRDA:352,34,1,0
BRDA:352,35,0,0
BRDA:352,35,1,0
BRDA:357,36,0,0
BRDA:357,36,1,0
BRDA:358,37,0,0
BRDA:358,37,1,0
BRDA:367,38,0,0
BRDA:367,38,1,0
BRDA:369,39,0,0
BRDA:369,39,1,0
BRDA:370,40,0,0
BRDA:370,40,1,0
BRDA:378,41,0,0
BRDA:378,41,1,0
BRDA:379,42,0,0
BRDA:379,42,1,0
BRDA:384,43,0,0
BRDA:384,43,1,0
BRDA:385,44,0,0
BRDA:385,44,1,0
BRDA:392,45,0,0
BRDA:392,45,1,0
BRDA:392,45,2,0
BRDA:393,46,0,0
BRDA:393,46,1,0
BRDA:393,47,0,0
BRDA:393,47,1,0
BRDA:406,48,0,0
BRDA:406,48,1,0
BRDA:408,49,0,0
BRDA:408,49,1,0
BRDA:410,50,0,0
BRDA:410,50,1,0
BRDA:410,51,0,0
BRDA:410,51,1,0
BRDA:424,52,0,0
BRDA:424,53,0,0
BRDA:429,54,0,0
BRDA:429,54,1,0
BRDA:434,55,0,0
BRDA:434,55,1,0
BRDA:434,56,0,0
BRDA:434,56,1,0
BRDA:436,57,0,0
BRDA:436,57,1,0
BRDA:439,58,0,0
BRDA:439,58,1,0
BRDA:448,59,0,0
BRDA:448,59,1,0
BRDA:449,60,0,0
BRDA:449,60,1,0
BRDA:452,61,0,0
BRDA:452,61,1,0
BRDA:453,62,0,0
BRDA:453,62,1,0
BRDA:453,62,2,0
BRDA:453,62,3,0
BRDA:455,63,0,0
BRDA:455,63,1,0
BRDA:455,63,2,0
BRDA:460,64,0,0
BRDA:460,64,1,0
BRDA:462,65,0,0
BRDA:462,65,1,0
BRDA:463,66,0,0
BRDA:463,66,1,0
BRDA:467,67,0,0
BRDA:467,67,1,0
BRDA:467,68,0,0
BRDA:467,68,1,0
BRDA:470,69,0,0
BRDA:470,69,1,0
BRDA:471,70,0,0
BRDA:471,70,1,0
BRDA:480,71,0,0
BRDA:480,71,1,0
BRDA:487,72,0,0
BRDA:487,72,1,0
BRDA:488,73,0,0
BRDA:488,73,1,0
BRDA:488,74,0,0
BRDA:488,74,1,0
BRDA:489,75,0,0
BRDA:489,75,1,0
BRDA:490,76,0,0
BRDA:490,76,1,0
BRDA:503,77,0,0
BRDA:503,77,1,0
BRDA:507,78,0,0
BRDA:507,78,1,0
BRDA:511,79,0,0
BRDA:511,79,1,0
BRDA:518,80,0,0
BRDA:518,80,1,0
BRDA:519,81,0,0
BRDA:519,81,1,0
BRDA:525,82,0,0
BRDA:525,82,1,0
BRDA:526,83,0,0
BRDA:526,83,1,0
BRDA:534,84,0,0
BRDA:534,84,1,0
BRDA:535,85,0,0
BRDA:535,85,1,0
BRDA:537,86,0,0
BRDA:537,86,1,0
BRDA:538,87,0,0
BRDA:538,87,1,0
BRDA:541,88,0,0
BRDA:541,88,1,0
BRDA:543,89,0,0
BRDA:543,89,1,0
BRDA:543,90,0,0
BRDA:543,90,1,0
BRDA:544,91,0,0
BRDA:544,91,1,0
BRDA:555,92,0,0
BRDA:555,92,1,0
BRDA:561,93,0,0
BRDA:561,93,1,0
BRDA:564,94,0,0
BRDA:564,94,1,0
BRDA:564,95,0,0
BRDA:564,95,1,0
BRDA:575,96,0,0
BRDA:575,96,1,0
BRDA:578,97,0,0
BRDA:578,97,1,0
BRDA:586,98,0,0
BRDA:586,98,1,0
BRDA:588,99,0,0
BRDA:588,99,1,0
BRDA:590,100,0,0
BRDA:590,100,1,0
BRDA:592,101,0,0
BRDA:592,101,1,0
BRDA:595,102,0,0
BRDA:595,102,1,0
BRDA:622,103,0,0
BRDA:622,103,1,0
BRDA:622,104,0,0
BRDA:622,104,1,0
BRDA:642,105,0,0
BRDA:642,105,1,0
BRDA:646,106,0,0
BRDA:646,106,1,0
BRDA:649,107,0,0
BRDA:649,107,1,0
BRDA:676,108,0,0
BRDA:676,108,1,0
BRDA:684,109,0,0
BRDA:684,109,1,0
BRDA:689,110,0,0
BRDA:689,110,1,0
BRDA:691,111,0,0
BRDA:691,111,1,0
BRDA:696,112,0,0
BRDA:696,112,1,0
BRDA:702,113,0,0
BRDA:702,113,1,0
BRDA:711,114,0,0
BRDA:711,114,1,0
BRDA:731,115,0,0
BRDA:731,115,1,0
BRDA:739,116,0,0
BRDA:739,116,1,0
BRDA:744,117,0,0
BRDA:744,117,1,0
BRDA:746,118,0,0
BRDA:746,118,1,0
BRDA:752,119,0,0
BRDA:752,119,1,0
BRDA:754,120,0,0
BRDA:754,120,1,0
BRDA:759,121,0,0
BRDA:759,121,1,0
BRDA:789,122,0,0
BRDA:792,123,0,0
BRDA:792,123,1,0
BRDA:801,124,0,0
BRDA:801,124,1,0
BRDA:801,124,2,0
BRDA:804,125,0,0
BRDA:804,125,1,0
BRDA:804,126,0,0
BRDA:804,126,1,0
BRDA:804,126,2,0
BRDA:804,126,3,0
BRDA:804,126,4,0
BRDA:811,127,0,0
BRDA:811,127,1,0
BRDA:813,128,0,0
BRDA:813,128,1,0
BRDA:822,129,0,0
BRDA:822,129,1,0
BRDA:830,130,0,0
BRDA:830,130,1,0
BRDA:836,131,0,0
BRDA:836,131,1,0
BRDA:840,132,0,0
BRDA:840,132,1,0
BRDA:846,133,0,0
BRDA:846,133,1,0
BRDA:849,134,0,0
BRDA:849,134,1,0
BRDA:859,135,0,0
BRDA:859,135,1,0
BRDA:866,136,0,0
BRDA:866,136,1,0
BRDA:869,137,0,0
BRDA:869,137,1,0
BRDA:869,138,0,0
BRDA:869,138,1,0
BRDA:870,139,0,0
BRDA:870,139,1,0
BRDA:871,140,0,0
BRDA:871,140,1,0
BRDA:872,141,0,0
BRDA:872,141,1,0
BRDA:873,142,0,0
BRDA:873,142,1,0
BRDA:874,143,0,0
BRDA:874,143,1,0
BRDA:875,144,0,0
BRDA:875,144,1,0
BRDA:876,145,0,0
BRDA:876,145,1,0
BRDA:877,146,0,0
BRDA:877,146,1,0
BRDA:877,146,2,0
BRDA:878,147,0,0
BRDA:878,147,1,0
BRDA:878,147,2,0
BRDA:879,148,0,0
BRDA:879,148,1,0
BRDA:879,148,2,0
BRDA:880,149,0,0
BRDA:880,149,1,0
BRDA:881,150,0,0
BRDA:881,150,1,0
BRDA:881,150,2,0
BRDA:882,151,0,0
BRDA:882,151,1,0
BRDA:882,151,2,0
BRDA:893,152,0,0
BRDA:893,152,1,0
BRDA:893,153,0,0
BRDA:893,153,1,0
BRDA:898,154,0,0
BRDA:898,154,1,0
BRDA:901,155,0,0
BRDA:901,155,1,0
BRDA:901,155,2,0
BRDA:901,155,3,0
BRDA:905,156,0,0
BRDA:905,156,1,0
BRDA:920,157,0,0
BRDA:920,157,1,0
BRDA:926,158,0,0
BRDA:926,158,1,0
BRDA:929,159,0,0
BRDA:929,159,1,0
BRDA:931,160,0,0
BRDA:931,160,1,0
BRDA:931,161,0,0
BRDA:931,161,1,0
BRDA:932,162,0,0
BRDA:932,162,1,0
BRDA:932,163,0,0
BRDA:932,163,1,0
BRDA:934,164,0,0
BRDA:934,164,1,0
BRDA:937,165,0,0
BRDA:937,165,1,0
BRDA:944,166,0,0
BRDA:944,166,1,0
BRDA:945,167,0,0
BRDA:945,167,1,0
BRDA:948,168,0,0
BRDA:948,168,1,0
BRDA:957,169,0,0
BRDA:957,169,1,0
BRDA:957,170,0,0
BRDA:957,170,1,0
BRDA:957,170,2,0
BRDA:973,171,0,0
BRDA:976,172,0,0
BRDA:976,172,1,0
BRDA:979,173,0,0
BRDA:981,174,0,0
BRDA:981,174,1,0
BRDA:992,175,0,0
BRDA:992,175,1,0
BRDA:1000,176,0,0
BRDA:1000,176,1,0
BRDA:1005,177,0,0
BRDA:1005,177,1,0
BRDA:1009,178,0,0
BRDA:1009,178,1,0
BRDA:1012,179,0,0
BRDA:1012,179,1,0
BRDA:1019,180,0,0
BRDA:1019,180,1,0
BRDA:1022,181,0,0
BRDA:1022,181,1,0
BRDA:1028,182,0,0
BRDA:1028,182,1,0
BRDA:1033,183,0,0
BRDA:1033,183,1,0
BRDA:1040,184,0,0
BRDA:1040,184,1,0
BRDA:1040,185,0,0
BRDA:1040,185,1,0
BRDA:1041,186,0,0
BRDA:1041,186,1,0
BRDA:1042,187,0,0
BRDA:1042,187,1,0
BRDA:1043,188,0,0
BRDA:1043,188,1,0
BRDA:1044,189,0,0
BRDA:1044,189,1,0
BRDA:1045,190,0,0
BRDA:1045,190,1,0
BRDA:1046,191,0,0
BRDA:1046,191,1,0
BRDA:1047,192,0,0
BRDA:1047,192,1,0
BRDA:1048,193,0,0
BRDA:1048,193,1,0
BRDA:1050,194,0,0
BRDA:1050,194,1,0
BRDA:1071,195,0,0
BRDA:1071,195,1,0
BRDA:1074,196,0,0
BRDA:1074,196,1,0
BRDA:1075,197,0,0
BRDA:1075,197,1,0
BRDA:1078,198,0,0
BRDA:1078,198,1,0
BRDA:1085,199,0,0
BRDA:1085,199,1,0
BRDA:1085,199,2,0
BRDA:1086,200,0,0
BRDA:1086,200,1,0
BRDA:1089,201,0,0
BRDA:1089,201,1,0
BRDA:1089,201,2,0
BRDA:1095,202,0,0
BRDA:1095,202,1,0
BRDA:1095,203,0,0
BRDA:1095,203,1,0
BRDA:1096,204,0,0
BRDA:1096,204,1,0
BRDA:1097,205,0,0
BRDA:1097,205,1,0
BRDA:1104,206,0,0
BRDA:1104,206,1,0
BRDA:1128,207,0,0
BRDA:1128,207,1,0
BRDA:1133,208,0,0
BRDA:1133,208,1,0
BRDA:1144,209,0,0
BRDA:1144,209,1,0
BRDA:1144,210,0,0
BRDA:1144,210,1,0
BRDA:1197,211,0,0
BRDA:1197,212,0,0
BRDA:1200,213,0,0
BRDA:1200,213,1,0
BRDA:1205,214,0,0
BRDA:1205,214,1,0
BRDA:1219,215,0,0
BRDA:1219,215,1,0
BRDA:1220,216,0,0
BRDA:1220,216,1,0
BRDA:1222,217,0,0
BRDA:1222,217,1,0
BRDA:1224,218,0,0
BRDA:1224,218,1,0
BRDA:1224,219,0,0
BRDA:1224,219,1,0
BRDA:1239,220,0,0
BRDA:1239,220,1,0
BRDA:1253,221,0,0
BRDA:1253,221,1,0
BRDA:1254,222,0,0
BRDA:1254,222,1,0
BRDA:1257,223,0,0
BRDA:1257,223,1,0
BRDA:1297,224,0,0
BRDA:1297,224,1,0
BRDA:1302,225,0,0
BRDA:1302,225,1,0
BRDA:1310,226,0,0
BRDA:1310,226,1,0
BRDA:1311,227,0,0
BRDA:1311,227,1,0
BRDA:1313,228,0,0
BRDA:1313,228,1,0
BRDA:1320,229,0,0
BRDA:1320,229,1,0
BRDA:1321,230,0,0
BRDA:1321,230,1,0
BRDA:1322,231,0,0
BRDA:1322,231,1,0
BRDA:1329,232,0,0
BRDA:1329,232,1,0
BRDA:1329,233,0,0
BRDA:1329,233,1,0
BRDA:1337,234,0,0
BRDA:1337,234,1,0
BRDA:1374,235,0,0
BRDA:1378,236,0,0
BRDA:1378,236,1,0
BRDA:1378,237,0,0
BRDA:1378,237,1,0
BRDA:1378,237,2,0
BRDA:1384,238,0,0
BRDA:1384,238,1,0
BRDA:1389,239,0,0
BRDA:1389,239,1,0
BRDA:1398,240,0,0
BRDA:1398,240,1,0
BRDA:1404,241,0,0
BRDA:1404,241,1,0
BRDA:1407,242,0,0
BRDA:1407,242,1,0
BRDA:1408,243,0,0
BRDA:1408,243,1,0
BRDA:1409,244,0,0
BRDA:1409,244,1,0
BRDA:1410,245,0,0
BRDA:1410,245,1,0
BRDA:1411,246,0,0
BRDA:1411,246,1,0
BRDA:1412,247,0,0
BRDA:1412,247,1,0
BRDA:1434,248,0,0
BRDA:1434,248,1,0
BRDA:1434,249,0,0
BRDA:1434,249,1,0
BRDA:1435,250,0,0
BRDA:1435,250,1,0
BRDA:1439,251,0,0
BRDA:1439,251,1,0
BRDA:1441,252,0,0
BRDA:1441,252,1,0
BRDA:1472,253,0,0
BRDA:1472,253,1,0
BRDA:1472,254,0,0
BRDA:1472,254,1,0
BRDA:1473,255,0,0
BRDA:1473,255,1,0
BRDA:1497,256,0,0
BRDA:1497,256,1,0
BRDA:1497,257,0,0
BRDA:1497,257,1,0
BRDA:1498,258,0,0
BRDA:1498,258,1,0
BRDA:1521,259,0,0
BRDA:1521,259,1,0
BRDA:1530,260,0,0
BRDA:1530,260,1,0
BRDA:1539,261,0,0
BRDA:1539,261,1,0
BRDA:1544,262,0,0
BRDA:1544,262,1,0
BRDA:1546,263,0,0
BRDA:1546,263,1,0
BRDA:1548,264,0,0
BRDA:1548,264,1,0
BRDA:1550,265,0,0
BRDA:1550,265,1,0
BRDA:1554,266,0,0
BRDA:1554,266,1,0
BRDA:1554,267,0,0
BRDA:1554,267,1,0
BRDA:1554,267,2,0
BRDA:1561,268,0,0
BRDA:1561,268,1,0
BRDA:1590,269,0,0
BRDA:1590,269,1,0
BRDA:1610,270,0,0
BRDA:1610,270,1,0
BRDA:1615,271,0,0
BRDA:1615,271,1,0
BRDA:1626,272,0,0
BRDA:1626,272,1,0
BRDA:1626,273,0,0
BRDA:1626,273,1,0
BRDA:1684,274,0,0
BRDA:1684,274,1,0
BRDA:1688,275,0,0
BRDA:1688,275,1,0
BRDA:1698,276,0,0
BRDA:1698,276,1,0
BRDA:1703,277,0,0
BRDA:1703,277,1,0
BRDA:1710,278,0,0
BRDA:1710,278,1,0
BRDA:1710,279,0,0
BRDA:1710,279,1,0
BRDA:1716,280,0,0
BRDA:1716,280,1,0
BRDA:1717,281,0,0
BRDA:1717,281,1,0
BRDA:1718,282,0,0
BRDA:1718,282,1,0
BRDA:1719,283,0,0
BRDA:1719,283,1,0
BRDA:1720,284,0,0
BRDA:1720,284,1,0
BRDA:1721,285,0,0
BRDA:1721,285,1,0
BRDA:1722,286,0,0
BRDA:1722,286,1,0
BRDA:1723,287,0,0
BRDA:1723,287,1,0
BRDA:1727,288,0,0
BRDA:1727,288,1,0
BRDA:1739,289,0,0
BRDA:1739,289,1,0
BRDA:1796,290,0,0
BRDA:1796,290,1,0
BRDA:1882,291,0,0
BRDA:1882,291,1,0
BRDA:1884,292,0,0
BRDA:1884,292,1,0
BRDA:1885,293,0,0
BRDA:1885,293,1,0
BRDA:1913,294,0,0
BRDA:1913,294,1,0
BRDA:1917,295,0,0
BRDA:1917,295,1,0
BRDA:1924,296,0,0
BRDA:1924,296,1,0
BRDA:1927,297,0,0
BRDA:1927,297,1,0
BRDA:1930,298,0,0
BRDA:1930,298,1,0
BRDA:1931,299,0,0
BRDA:1931,299,1,0
BRDA:1932,300,0,0
BRDA:1932,300,1,0
BRDA:1933,301,0,0
BRDA:1933,301,1,0
BRDA:1934,302,0,0
BRDA:1934,302,1,0
BRDA:1935,303,0,0
BRDA:1935,303,1,0
BRDA:1936,304,0,0
BRDA:1936,304,1,0
BRDA:1937,305,0,0
BRDA:1937,305,1,0
BRDA:1953,306,0,0
BRDA:1953,306,1,0
BRDA:1957,307,0,0
BRDA:1957,307,1,0
BRDA:1964,308,0,0
BRDA:1964,308,1,0
BRDA:1972,309,0,0
BRDA:1972,309,1,0
BRDA:1972,310,0,0
BRDA:1972,310,1,0
BRDA:1975,311,0,0
BRDA:1975,311,1,0
BRDA:1976,312,0,0
BRDA:1976,312,1,0
BRDA:1977,313,0,0
BRDA:1977,313,1,0
BRDA:1978,314,0,0
BRDA:1978,314,1,0
BRDA:1979,315,0,0
BRDA:1979,315,1,0
BRDA:1980,316,0,0
BRDA:1980,316,1,0
BRDA:1981,317,0,0
BRDA:1981,317,1,0
BRDA:1982,318,0,0
BRDA:1982,318,1,0
BRDA:2001,319,0,0
BRDA:2001,319,1,0
BRDA:2006,320,0,0
BRDA:2006,320,1,0
BRDA:2017,321,0,0
BRDA:2017,321,1,0
BRDA:2017,322,0,0
BRDA:2017,322,1,0
BRDA:2076,323,0,0
BRDA:2076,323,1,0
BRDA:2080,324,0,0
BRDA:2080,324,1,0
BRDA:2088,325,0,0
BRDA:2088,325,1,0
BRDA:2092,326,0,0
BRDA:2092,326,1,0
BRDA:2100,327,0,0
BRDA:2100,327,1,0
BRDA:2153,328,0,0
BRDA:2153,328,1,0
BRDA:2154,329,0,0
BRDA:2154,329,1,0
BRDA:2157,330,0,0
BRDA:2157,330,1,0
BRDA:2200,331,0,0
BRDA:2200,331,1,0
BRDA:2204,332,0,0
BRDA:2204,332,1,0
BRDA:2211,333,0,0
BRDA:2211,333,1,0
BRDA:2215,334,0,0
BRDA:2215,334,1,0
BRDA:2219,335,0,0
BRDA:2219,335,1,0
BRDA:2231,336,0,0
BRDA:2234,337,0,0
BRDA:2234,337,1,0
BRDA:2249,338,0,0
BRDA:2249,338,1,0
BRDA:2268,339,0,0
BRDA:2268,339,1,0
BRDA:2279,340,0,0
BRDA:2279,340,1,0
BRDA:2371,341,0,0
BRDA:2371,341,1,0
BRDA:2376,342,0,0
BRDA:2376,342,1,0
BRDA:2383,343,0,0
BRDA:2383,343,1,0
BRDA:2457,344,0,0
BRDA:2457,344,1,0
BRDA:2462,345,0,0
BRDA:2462,345,1,0
BRDA:2537,346,0,0
BRDA:2537,346,1,0
BRDA:2542,347,0,0
BRDA:2542,347,1,0
BRDA:2669,348,0,0
BRDA:2669,348,1,0
BRDA:2673,349,0,0
BRDA:2673,349,1,0
BRDA:2683,350,0,0
BRDA:2683,350,1,0
BRDA:2687,351,0,0
BRDA:2687,351,1,0
BRDA:2731,352,0,0
BRDA:2731,352,1,0
BRDA:2732,353,0,0
BRDA:2732,353,1,0
BRDA:2736,354,0,0
BRDA:2736,354,1,0
BRDA:2737,355,0,0
BRDA:2737,355,1,0
BRDA:2738,356,0,0
BRDA:2738,356,1,0
BRDA:2739,357,0,0
BRDA:2739,357,1,0
BRDA:2740,358,0,0
BRDA:2740,358,1,0
BRDA:2741,359,0,0
BRDA:2741,359,1,0
BRDA:2742,360,0,0
BRDA:2742,360,1,0
BRDA:2743,361,0,0
BRDA:2743,361,1,0
BRDA:2801,362,0,0
BRDA:2801,362,1,0
BRDA:2805,363,0,0
BRDA:2805,363,1,0
BRDA:2813,364,0,0
BRDA:2813,364,1,0
BRDA:2814,365,0,0
BRDA:2814,365,1,0
BRDA:2821,366,0,0
BRDA:2821,366,1,0
BRDA:2824,367,0,0
BRDA:2824,367,1,0
BRDA:2828,368,0,0
BRDA:2828,368,1,0
BRDA:2829,369,0,0
BRDA:2829,369,1,0
BRDA:2830,370,0,0
BRDA:2830,370,1,0
BRDA:2831,371,0,0
BRDA:2831,371,1,0
BRDA:2832,372,0,0
BRDA:2832,372,1,0
BRDA:2833,373,0,0
BRDA:2833,373,1,0
BRDA:2834,374,0,0
BRDA:2834,374,1,0
BRDA:2835,375,0,0
BRDA:2835,375,1,0
BRDA:2836,376,0,0
BRDA:2836,376,1,0
BRDA:2837,377,0,0
BRDA:2837,377,1,0
BRDA:2864,378,0,0
BRDA:2864,378,1,0
BRDA:2868,379,0,0
BRDA:2868,379,1,0
BRDA:2875,380,0,0
BRDA:2875,380,1,0
BRDA:2878,381,0,0
BRDA:2878,381,1,0
BRDA:2880,382,0,0
BRDA:2880,382,1,0
BRDA:2880,383,0,0
BRDA:2880,383,1,0
BRDA:2887,384,0,0
BRDA:2887,384,1,0
BRDA:2893,385,0,0
BRDA:2893,385,1,0
BRDA:2894,386,0,0
BRDA:2894,386,1,0
BRDA:2895,387,0,0
BRDA:2895,387,1,0
BRDA:2896,388,0,0
BRDA:2896,388,1,0
BRDA:2897,389,0,0
BRDA:2897,389,1,0
BRDA:2898,390,0,0
BRDA:2898,390,1,0
BRDA:2933,391,0,0
BRDA:2933,391,1,0
BRDA:3004,392,0,0
BRDA:3004,392,1,0
BRDA:3008,393,0,0
BRDA:3008,393,1,0
BRDA:3016,394,0,0
BRDA:3016,394,1,0
BRDA:3019,395,0,0
BRDA:3019,395,1,0
BRDA:3019,395,2,0
BRDA:3022,396,0,0
BRDA:3022,396,1,0
BRDA:3022,397,0,0
BRDA:3022,397,1,0
BRDA:3022,397,2,0
BRDA:3024,398,0,0
BRDA:3024,398,1,0
BRDA:3024,399,0,0
BRDA:3024,399,1,0
BRDA:3029,400,0,0
BRDA:3029,400,1,0
BRDA:3032,401,0,0
BRDA:3032,401,1,0
BRDA:3035,402,0,0
BRDA:3035,402,1,0
BRDA:3037,403,0,0
BRDA:3037,403,1,0
BRDA:3037,404,0,0
BRDA:3037,404,1,0
BRDA:3041,405,0,0
BRDA:3041,405,1,0
BRDA:3041,406,0,0
BRDA:3041,406,1,0
BRDA:3042,407,0,0
BRDA:3042,407,1,0
BRDA:3043,408,0,0
BRDA:3043,408,1,0
BRDA:3044,409,0,0
BRDA:3044,409,1,0
BRDA:3045,410,0,0
BRDA:3045,410,1,0
BRDA:3046,411,0,0
BRDA:3046,411,1,0
BRDA:3047,412,0,0
BRDA:3047,412,1,0
BRDA:3048,413,0,0
BRDA:3048,413,1,0
BRDA:3049,414,0,0
BRDA:3049,414,1,0
BRDA:3050,415,0,0
BRDA:3050,415,1,0
BRDA:3103,416,0,0
BRDA:3103,416,1,0
BRDA:3107,417,0,0
BRDA:3107,417,1,0
BRDA:3109,418,0,0
BRDA:3109,418,1,0
BRDA:3109,419,0,0
BRDA:3109,419,1,0
BRDA:3109,419,2,0
BRDA:3118,420,0,0
BRDA:3118,420,1,0
BRDA:3133,421,0,0
BRDA:3133,421,1,0
BRDA:3140,422,0,0
BRDA:3140,422,1,0
BRDA:3194,423,0,0
BRDA:3194,423,1,0
BRDA:3230,424,0,0
BRDA:3230,424,1,0
BRDA:3234,425,0,0
BRDA:3234,425,1,0
BRDA:3242,426,0,0
BRDA:3242,426,1,0
BRDA:3246,427,0,0
BRDA:3246,427,1,0
BRDA:3246,428,0,0
BRDA:3246,428,1,0
BRDA:3260,429,0,0
BRDA:3260,429,1,0
BRF:876
BRH:2
end_of_record
TN:
SF:services\googleSheets\customers.js
FNF:0
FNH:0
DA:7,1
DA:9,1
LF:2
LH:2
BRF:0
BRH:0
end_of_record
TN:
SF:services\googleSheets\dashboard.js
FNF:0
FNH:0
DA:7,1
DA:9,1
LF:2
LH:2
BRF:0
BRH:0
end_of_record
TN:
SF:services\googleSheets\index.js
FNF:0
FNH:0
DA:26,0
LF:1
LH:0
BRF:0
BRH:0
end_of_record
TN:
SF:services\googleSheets\maintenance.js
FNF:0
FNH:0
DA:7,1
DA:9,1
LF:2
LH:2
BRF:0
BRH:0
end_of_record
TN:
SF:services\googleSheets\orders.js
FNF:0
FNH:0
DA:7,1
DA:9,1
LF:2
LH:2
BRF:0
BRH:0
end_of_record
TN:
SF:services\googleSheets\reports.js
FNF:0
FNH:0
DA:7,1
DA:9,1
LF:2
LH:2
BRF:0
BRH:0
end_of_record
